core   0: 3 0x00001000 (0x00000297) x5  0x00001000
core   0: 3 0x00001004 (0x02028593) x11 0x00001020
core   0: 3 0x00001008 (0xf1402573) x10 0x00000000
core   0: 3 0x0000100c (0x0182a283) x5  0x80000000 mem 0x00001018
core   0: 3 0x00001010 (0x00028067)
core   0: 3 0x80000000 (0x00000297) x5  0x80000000
core   0: 3 0x80000004 (0x0c828293) x5  0x800000c8
core   0: 3 0x80000008 (0x30529073) c773_mtvec 0x800000c8
core   0: 3 0x8000000c (0x30405073) c772_mie 0x00000000
core   0: 3 0x80000010 (0x34405073) c777_mvip 0x00000000 c836_mip 0x00000080
core   0: 3 0x80000014 (0xf530e037)
core   0: 3 0x80000018 (0x1ce00013)
core   0: 3 0x8000001c (0xf504e0b7) x1  0xf504e000
core   0: 3 0x80000020 (0xda308093) x1  0xf504dda3
core   0: 3 0x80000024 (0x80000137) x2  0x80000000
core   0: 3 0x80000028 (0x482ab1b7) x3  0x482ab000
core   0: 3 0x8000002c (0x54418193) x3  0x482ab544
core   0: 3 0x80000030 (0xf4ba6237) x4  0xf4ba6000
core   0: 3 0x80000034 (0xf9c20213) x4  0xf4ba5f9c
core   0: 3 0x80000038 (0x00000293) x5  0x00000000
core   0: 3 0x8000003c (0x00b00313) x6  0x0000000b
core   0: 3 0x80000040 (0x00000393) x7  0x00000000
core   0: 3 0x80000044 (0x00000413) x8  0x00000000
core   0: 3 0x80000048 (0x00000493) x9  0x00000000
core   0: 3 0x8000004c (0x00000513) x10 0x00000000
core   0: 3 0x80000050 (0x000015b7) x11 0x00001000
core   0: 3 0x80000054 (0x80058593) x11 0x00000800
core   0: 3 0x80000058 (0x80000637) x12 0x80000000
core   0: 3 0x8000005c (0xf43e86b7) x13 0xf43e8000
core   0: 3 0x80000060 (0x35568693) x13 0xf43e8355
core   0: 3 0x80000064 (0x00000713) x14 0x00000000
core   0: 3 0x80000068 (0x800007b7) x15 0x80000000
core   0: 3 0x8000006c (0x00000813) x16 0x00000000
core   0: 3 0x80000070 (0xffbe68b7) x17 0xffbe6000
core   0: 3 0x80000074 (0xd5e88893) x17 0xffbe5d5e
core   0: 3 0x80000078 (0x80000937) x18 0x80000000
core   0: 3 0x8000007c (0x800009b7) x19 0x80000000
core   0: 3 0x80000080 (0xf2c64a37) x20 0xf2c64000
core   0: 3 0x80000084 (0x6aaa0a13) x20 0xf2c646aa
core   0: 3 0x80000088 (0xaddd5ab7) x21 0xaddd5000
core   0: 3 0x8000008c (0xb19a8a93) x21 0xaddd4b19
core   0: 3 0x80000090 (0x00000b13) x22 0x00000000
core   0: 3 0x80000094 (0x80000bb7) x23 0x80000000
core   0: 3 0x80000098 (0x00600c13) x24 0x00000006
core   0: 3 0x8000009c (0x06f58cb7) x25 0x06f58000
core   0: 3 0x800000a0 (0xbf1c8c93) x25 0x06f57bf1
core   0: 3 0x800000a4 (0xd9a9ed37) x26 0xd9a9e000
core   0: 3 0x800000a8 (0xa47d0d13) x26 0xd9a9da47
core   0: 3 0x800000ac (0x80000db7) x27 0x80000000
core   0: 3 0x800000b0 (0x00000e13) x28 0x00000000
core   0: 3 0x800000b4 (0x00000e93) x29 0x00000000
core   0: 3 0x800000b8 (0x00001f37) x30 0x00001000
core   0: 3 0x800000bc (0x110f0f13) x30 0x00001110
core   0: 3 0x800000c0 (0x80000fb7) x31 0x80000000
core   0: 3 0x800000c4 (0x0180006f)
core   0: 3 0x800000dc (0x00000617) x12 0x800000dc
core   0: 3 0x800000e0 (0x00c60613) x12 0x800000e8
core   0: 3 0x800000e4 (0x00060067)
core   0: 3 0x800000e8 (0x00100013)
core   0: 3 0x800000ec (0x00000093) x1  0x00000000
core   0: 3 0x800000f0 (0x800001b7) x3  0x80000000
core   0: 3 0x800000f4 (0x80000237) x4  0x80000000
core   0: 3 0x800000f8 (0x00000293) x5  0x00000000
core   0: 3 0x800000fc (0x00500313) x6  0x00000005
core   0: 3 0x80000100 (0x00d00393) x7  0x0000000d
core   0: 3 0x80000104 (0x00000413) x8  0x00000000
core   0: 3 0x80000108 (0x00000493) x9  0x00000000
core   0: 3 0x8000010c (0xdd6b3537) x10 0xdd6b3000
core   0: 3 0x80000110 (0xabc50513) x10 0xdd6b2abc
core   0: 3 0x80000114 (0x800005b7) x11 0x80000000
core   0: 3 0x80000118 (0xd8d59637) x12 0xd8d59000
core   0: 3 0x8000011c (0x22760613) x12 0xd8d59227
core   0: 3 0x80000120 (0x800006b7) x13 0x80000000
core   0: 3 0x80000124 (0x80000737) x14 0x80000000
core   0: 3 0x80000128 (0x00600793) x15 0x00000006
core   0: 3 0x8000012c (0x0b3b1837) x16 0x0b3b1000
core   0: 3 0x80000130 (0x13480813) x16 0x0b3b1134
core   0: 3 0x80000134 (0x46b118b7) x17 0x46b11000
core   0: 3 0x80000138 (0xc9488893) x17 0x46b10c94
core   0: 3 0x8000013c (0x35b23937) x18 0x35b23000
core   0: 3 0x80000140 (0x11790913) x18 0x35b23117
core   0: 3 0x80000144 (0x0162d9b7) x19 0x0162d000
core   0: 3 0x80000148 (0xff998993) x19 0x0162cff9
core   0: 3 0x8000014c (0xd21a9a37) x20 0xd21a9000
core   0: 3 0x80000150 (0x1a3a0a13) x20 0xd21a91a3
core   0: 3 0x80000154 (0x00700a93) x21 0x00000007
core   0: 3 0x80000158 (0x00000b13) x22 0x00000000
core   0: 3 0x8000015c (0x00300b93) x23 0x00000003
core   0: 3 0x80000160 (0xcdfd6cb7) x25 0xcdfd6000
core   0: 3 0x80000164 (0x540c8c93) x25 0xcdfd6540
core   0: 3 0x80000168 (0xfa906d37) x26 0xfa906000
core   0: 3 0x8000016c (0x010d0d13) x26 0xfa906010
core   0: 3 0x80000170 (0x00000d93) x27 0x00000000
core   0: 3 0x80000174 (0xa4b07e37) x28 0xa4b07000
core   0: 3 0x80000178 (0xfd6e0e13) x28 0xa4b06fd6
core   0: 3 0x8000017c (0x80000eb7) x29 0x80000000
core   0: 3 0x80000180 (0x00400f13) x30 0x00000004
core   0: 3 0x80000184 (0x80000fb7) x31 0x80000000
core   0: 3 0x80000188 (0x00016117) x2  0x80016188
core   0: 3 0x8000018c (0x49c10113) x2  0x80016624
core   0: 3 0x80000190 (0x4099deb3) x29 0x0162cff9
core   0: 3 0x80000194 (0x012e8f33) x30 0x37150110
core   0: 3 0x80000198 (0x41fd5513) x10 0xffffffff
core   0: 3 0x8000019c (0x00000397) x7  0x8000019c
core   0: 3 0x800001a0 (0x25c38393) x7  0x800003f8
core   0: 3 0x800001a4 (0x00785693) x13 0x00167622
core   0: 3 0x800001a8 (0xeb538393) x7  0x800002ad
core   0: 3 0x800001ac (0x017a07b3) x15 0xd21a91a6
core   0: 3 0x800001b0 (0x0075d233) x4  0x00040000
core   0: 3 0x800001b4 (0x41465b93) x23 0xfffffd8d
core   0: 3 0x800001b8 (0x00e67833) x16 0x80000000
core   0: 3 0x800001bc (0x0ec08313) x6  0x000000ec
core   0: 3 0x800001c0 (0x14b38367) x6  0x800001c4
core   0: 3 0x800003f8 (0x00000013)
core   0: 3 0x800003fc (0xff810113) x2  0x8001661c
core   0: 3 0x80000400 (0x007d59b3) x19 0x0007d483
core   0: 3 0x80000404 (0x00fc5f13) x30 0x00000000
core   0: 3 0x80000408 (0x015a1713) x14 0x34600000
core   0: 3 0x8000040c (0x00612223) mem 0x80016620 0x800001c4
core   0: 3 0x80000410 (0x00acd413) x8  0x00337f59
core   0: 3 0x80000414 (0x007ebfb3) x31 0x00000001
core   0: 3 0x80000418 (0xb3386b13) x22 0xfffffb33
core   0: 3 0x8000041c (0x01866933) x18 0xd8d59227
core   0: 3 0x80000420 (0x41c0d393) x7  0x00000000
core   0: 3 0x80000424 (0x01423f33) x30 0x00000001
core   0: 3 0x80000428 (0x01bf5a13) x20 0x00000000
core   0: 3 0x8000042c (0x00000f97) x31 0x8000042c
core   0: 3 0x80000430 (0xf18f8f93) x31 0x80000344
core   0: 3 0x80000434 (0xcf0f8f93) x31 0x80000034
core   0: 3 0x80000438 (0xf1a9f413) x8  0x0007d402
core   0: 3 0x8000043c (0xc43565b7) x11 0xc4356000
core   0: 3 0x80000440 (0x00f57c97) x25 0x80f57440
core   0: 3 0x80000444 (0x01be1e93) x29 0xb0000000
core   0: 3 0x80000448 (0xcd7f4e13) x28 0xfffffcd6
core   0: 3 0x8000044c (0x414f85b3) x11 0x80000034
core   0: 3 0x80000450 (0x311f8367) x6  0x80000454
core   0: 3 0x80000344 (0x00bfd663)
core   0: 3 0x80000350 (0xfe810113) x2  0x80016604
core   0: 3 0x80000354 (0x0020f933) x18 0x00000000
core   0: 3 0x80000358 (0x00612223) mem 0x80016608 0x80000454
core   0: 3 0x8000035c (0x6c05ce93) x29 0x800006f4
core   0: 3 0x80000360 (0x08d2e017)
core   0: 3 0x80000364 (0x00511a93) x21 0x002cc080
core   0: 3 0x80000368 (0x41e18e33) x28 0x7fffffff
core   0: 3 0x8000036c (0xdaf4d217) x4  0x5af4d36c
core   0: 3 0x80000370 (0x0263de63)
core   0: 3 0x800003ac (0x01b25863)
core   0: 3 0x800003bc (0x009ed193) x3  0x00400003
core   0: 3 0x800003c0 (0x003e5293) x5  0x0fffffff
core   0: 3 0x800003c4 (0x00412303) x6  0x80000454 mem 0x80016608
core   0: 3 0x800003c8 (0xcf1ce0b7) x1  0xcf1ce000
core   0: 3 0x800003cc (0x41a98833) x16 0x05777473
core   0: 3 0x800003d0 (0x00639913) x18 0x00000000
core   0: 3 0x800003d4 (0x01810113) x2  0x8001661c
core   0: 3 0x800003d8 (0x01f289b3) x19 0x90000033
core   0: 3 0x800003dc (0x7b5c3a93) x21 0x00000001
core   0: 3 0x800003e0 (0x01e06033)
core   0: 3 0x800003e4 (0x00e39a93) x21 0x00000000
core   0: 3 0x800003e8 (0x01d49013)
core   0: 3 0x800003ec (0xefbcb513) x10 0x00000001
core   0: 3 0x800003f0 (0x00030b13) x22 0x80000454
core   0: 3 0x800003f4 (0x000b0b67) x22 0x800003f8
core   0: 3 0x80000454 (0x00000f97) x31 0x80000454
core   0: 3 0x80000458 (0x1ccf8f93) x31 0x80000620
core   0: 3 0x8000045c (0x386f8f93) x31 0x800009a6
core   0: 3 0x80000460 (0x41518f33) x30 0x00400003
core   0: 3 0x80000464 (0x585ba293) x5  0x00000001
core   0: 3 0x80000468 (0x40955833) x16 0x00000001
core   0: 3 0x8000046c (0x40a75d93) x27 0x000d1800
core   0: 3 0x80000470 (0x00e9d463)
core   0: 3 0x80000474 (0x537cfb13) x22 0x00000400
core   0: 3 0x80000478 (0xc7bf8367) x6  0x8000047c
core   0: 3 0x80000620 (0x00719663)
core   0: 3 0x8000062c (0xff010113) x2  0x8001660c
core   0: 3 0x80000630 (0x41105533) x10 0x00000000
core   0: 3 0x80000634 (0x00612223) mem 0x80016610 0x8000047c
core   0: 3 0x80000638 (0x01cbdcb3) x25 0x00000001
core   0: 3 0x8000063c (0x01bd83b3) x7  0x001a3000
core   0: 3 0x80000640 (0x400358b3) x17 0x8000047c
core   0: 3 0x80000644 (0x01ed60b3) x1  0xfad06013
core   0: 3 0x80000648 (0x407257b3) x15 0x5af4d36c
core   0: 3 0x8000064c (0x40f78b33) x22 0x00000000
core   0: 3 0x80000650 (0x6461e293) x5  0x00400647
core   0: 3 0x80000654 (0xf84eee13) x28 0xfffffff4
core   0: 3 0x80000658 (0x00675233) x4  0x00000003
core   0: 3 0x8000065c (0x00000013)
core   0: 3 0x80000660 (0x005f1513) x10 0x08000060
core   0: 3 0x80000664 (0x004d05b3) x11 0xfa906013
core   0: 3 0x80000668 (0x79b40093) x1  0x0007db9d
core   0: 3 0x8000066c (0x00f3c433) x8  0x5aeee36c
core   0: 3 0x80000670 (0x00206333) x6  0x8001660c
core   0: 3 0x80000674 (0xbc58a813) x16 0x00000001
core   0: 3 0x80000678 (0x00c58bb3) x23 0xd365f23a
core   0: 3 0x8000067c (0x451bca13) x20 0xd365f66b
core   0: 3 0x80000680 (0x5f95a593) x11 0x00000001
core   0: 3 0x80000684 (0x0136adb3) x27 0x00000000
core   0: 3 0x80000688 (0x01ea0c63)
core   0: 3 0x8000068c (0x004c7833) x16 0x00000002
core   0: 3 0x80000690 (0x0297f263)
core   0: 3 0x800006b4 (0x01cfaf33) x30 0x00000001
core   0: 3 0x800006b8 (0x01e07cb3) x25 0x00000000
core   0: 3 0x800006bc (0x0088b9b3) x19 0x00000000
core   0: 3 0x800006c0 (0xe0428b13) x22 0x0040044b
core   0: 3 0x800006c4 (0xe22c4393) x7  0xfffffe24
core   0: 3 0x800006c8 (0x41edd413) x8  0x00000000
core   0: 3 0x800006cc (0x00412303) x6  0x8000047c mem 0x80016610
core   0: 3 0x800006d0 (0x013fa3b3) x7  0x00000001
core   0: 3 0x800006d4 (0x002a9e13) x28 0x00000000
core   0: 3 0x800006d8 (0x01010113) x2  0x8001661c
core   0: 3 0x800006dc (0x00b87b33) x22 0x00000000
core   0: 3 0x800006e0 (0x2f4aaf93) x31 0x00000001
core   0: 3 0x800006e4 (0x00130513) x10 0x8000047d
core   0: 3 0x800006e8 (0x00050567) x10 0x800006ec
core   0: 3 0x8000047c (0xb5b77a13) x20 0x34600000
core   0: 3 0x80000480 (0x42b7f313) x6  0x00000028
core   0: 3 0x80000484 (0x41aa5f33) x30 0x00003460
core   0: 3 0x80000488 (0x98d3cf13) x30 0xfffff98c
core   0: 3 0x8000048c (0x01cbc2b3) x5  0xd365f23a
core   0: 3 0x80000490 (0x016e5fb3) x31 0x00000000
core   0: 3 0x80000494 (0x008e99b3) x19 0x800006f4
core   0: 3 0x80000498 (0x40e6d7b3) x15 0x00167622
core   0: 3 0x8000049c (0x010dbcb3) x25 0x00000001
core   0: 3 0x800004a0 (0x00c242b3) x5  0xd8d59224
core   0: 3 0x800004a4 (0x2d924737) x14 0x2d924000
core   0: 3 0x800004a8 (0x01cd5a13) x20 0x0000000f
core   0: 3 0x800004ac (0x01f70f33) x30 0x2d924000
core   0: 3 0x800004b0 (0xd0bb8097) x1  0x50bb84b0
core   0: 3 0x800004b4 (0x01814e63)
core   0: 3 0x800004d0 (0x01fbef33) x30 0xd365f23a
core   0: 3 0x800004d4 (0x412d0433) x8  0xfa906010
core   0: 3 0x800004d8 (0xaf03fa13) x20 0x00000000
core   0: 3 0x800004dc (0x00274db3) x27 0xad93261c
core   0: 3 0x800004e0 (0x011891b3) x3  0xc0000000
core   0: 3 0x800004e4 (0x52b3a413) x8  0x00000001
core   0: 3 0x800004e8 (0x73987693) x13 0x00000000
core   0: 3 0x800004ec (0xf531b393) x7  0x00000001
core   0: 3 0x800004f0 (0x00a7c433) x8  0x801670ce
core   0: 3 0x800004f4 (0x015a2933) x18 0x00000000
core   0: 3 0x800004f8 (0xc0f50913) x18 0x800002fb
core   0: 3 0x800004fc (0xa76d4817) x16 0x276d44fc
core   0: 3 0x80000500 (0x40ccd033)
core   0: 3 0x80000504 (0x009ef5b3) x11 0x00000000
core   0: 3 0x80000508 (0x01ccdcb3) x25 0x00000001
core   0: 3 0x8000050c (0x41e552b3) x5  0xffffffe0
core   0: 3 0x80000510 (0x004485b3) x11 0x00000003
core   0: 3 0x80000514 (0x024f8063)
core   0: 3 0x80000518 (0x00b05013)
core   0: 3 0x8000051c (0x5fe33ab7) x21 0x5fe33000
core   0: 3 0x80000520 (0x009f5433) x8  0xd365f23a
core   0: 3 0x80000524 (0x00b996b3) x13 0x000037a0
core   0: 3 0x80000528 (0x27242093) x1  0x00000001
core   0: 3 0x8000052c (0x0196de63)
core   0: 3 0x80000548 (0x013477b3) x15 0x80000230
core   0: 3 0x8000054c (0x0044d713) x14 0x00000000
core   0: 3 0x80000550 (0x0082b6b3) x13 0x00000000
core   0: 3 0x80000554 (0x02b7ce63)
core   0: 3 0x80000590 (0x023a9e63)
core   0: 3 0x800005cc (0xfc49cb93) x23 0x7ffff930
core   0: 3 0x800005d0 (0x005bee63)
core   0: 3 0x800005ec (0x001f9813) x16 0x00000000
core   0: 3 0x800005f0 (0x00f2bab3) x21 0x00000000
core   0: 3 0x800005f4 (0xf7a0ef97) x31 0x77a0e5f4
core   0: 3 0x800005f8 (0x00412303) x6  0x800001c4 mem 0x80016620
core   0: 3 0x800005fc (0x00432bb3) x23 0x00000001
core   0: 3 0x80000600 (0x41ef0bb3) x23 0x00000000
core   0: 3 0x80000604 (0x01250cb3) x25 0x000009e7
core   0: 3 0x80000608 (0x00000013)
core   0: 3 0x8000060c (0x65d7ae13) x28 0x00000001
core   0: 3 0x80000610 (0x00810113) x2  0x80016624
core   0: 3 0x80000614 (0x00420033)
core   0: 3 0x80000618 (0x00030e93) x29 0x800001c4
core   0: 3 0x8000061c (0x000e8ee7) x29 0x80000620
core   0: 3 0x800001c4 (0x0380036f) x6  0x800001c8
core   0: 3 0x800001fc (0x010000ef) x1  0x80000200
core   0: 3 0x8000020c (0xfcdff26f) x4  0x80000210
core   0: 3 0x800001d8 (0x008000ef) x1  0x800001dc
core   0: 3 0x800001e0 (0x0180036f) x6  0x800001e4
core   0: 3 0x800001f8 (0xfd5ff0ef) x1  0x800001fc
core   0: 3 0x800001cc (0x028000ef) x1  0x800001d0
core   0: 3 0x800001f4 (0xfe9ff36f) x6  0x800001f8
core   0: 3 0x800001dc (0x010000ef) x1  0x800001e0
core   0: 3 0x800001ec (0xfe5ffd6f) x26 0x800001f0
core   0: 3 0x800001d0 (0x030000ef) x1  0x800001d4
core   0: 3 0x80000200 (0xff1ff0ef) x1  0x80000204
core   0: 3 0x800001f0 (0xfd9ff86f) x16 0x800001f4
core   0: 3 0x800001c8 (0x048000ef) x1  0x800001cc
core   0: 3 0x80000210 (0xff9ffb6f) x22 0x80000214
core   0: 3 0x80000208 (0xffdff9ef) x19 0x8000020c
core   0: 3 0x80000204 (0x010003ef) x7  0x80000208
core   0: 3 0x80000214 (0xfd5ff0ef) x1  0x80000218
core   0: 3 0x800001e8 (0xfedff0ef) x1  0x800001ec
core   0: 3 0x800001d4 (0x0440036f) x6  0x800001d8
core   0: 3 0x80000218 (0xfcdff0ef) x1  0x8000021c
core   0: 3 0x800001e4 (0x038000ef) x1  0x800001e8
core   0: 3 0x8000021c (0x120b6f93) x31 0x80000334
core   0: 3 0x80000220 (0x01bf8263)
core   0: 3 0x80000224 (0x41385233) x4  0xfff80000
core   0: 3 0x80000228 (0x015263b3) x7  0xfff80000
core   0: 3 0x8000022c (0xd61a4313) x6  0xfffffd61
core   0: 3 0x80000230 (0x1fa52513) x10 0x00000001
core   0: 3 0x80000234 (0x018ab333) x6  0x00000001
core   0: 3 0x80000238 (0x04367663)
core   0: 3 0x80000284 (0x01479813) x16 0x23000000
core   0: 3 0x80000288 (0x0635fc63)
core   0: 3 0x8000028c (0x0241e863)
core   0: 3 0x800002bc (0xc8c67913) x18 0xd8d59004
core   0: 3 0x800002c0 (0x4a813897) x17 0xca8132c0
core   0: 3 0x800002c4 (0x63c6e993) x19 0x0000063c
core   0: 3 0x800002c8 (0x4142c713) x14 0xfffffbf4
core   0: 3 0x800002cc (0x00000517) x10 0x800002cc
core   0: 3 0x800002d0 (0x12c50513) x10 0x800003f8
core   0: 3 0x800002d4 (0x04804993) x19 0x00000048
core   0: 3 0x800002d8 (0x0016f2b3) x5  0x00000000
core   0: 3 0x800002dc (0x00fb9713) x14 0x00000000
core   0: 3 0x800002e0 (0x28850513) x10 0x80000680
core   0: 3 0x800002e4 (0x400f0b33) x22 0xd365f23a
core   0: 3 0x800002e8 (0x01b52bb3) x23 0x00000001
core   0: 3 0x800002ec (0x9919a213) x4  0x00000000
core   0: 3 0x800002f0 (0x013f0ab3) x21 0xd365f282
core   0: 3 0x800002f4 (0xd7850367) x6  0x800002f8
core   0: 3 0x800003f8 (0x00000013)
core   0: 3 0x800003fc (0xff810113) x2  0x8001661c
core   0: 3 0x80000400 (0x007d59b3) x19 0x800001f0
core   0: 3 0x80000404 (0x00fc5f13) x30 0x00000000
core   0: 3 0x80000408 (0x015a1713) x14 0x00000000
core   0: 3 0x8000040c (0x00612223) mem 0x80016620 0x800002f8
core   0: 3 0x80000410 (0x00acd413) x8  0x00000002
core   0: 3 0x80000414 (0x007ebfb3) x31 0x00000001
core   0: 3 0x80000418 (0xb3386b13) x22 0xfffffb33
core   0: 3 0x8000041c (0x01866933) x18 0xd8d59227
core   0: 3 0x80000420 (0x41c0d393) x7  0xfffffff8
core   0: 3 0x80000424 (0x01423f33) x30 0x00000000
core   0: 3 0x80000428 (0x01bf5a13) x20 0x00000000
core   0: 3 0x8000042c (0x00000f97) x31 0x8000042c
core   0: 3 0x80000430 (0xf18f8f93) x31 0x80000344
core   0: 3 0x80000434 (0xcf0f8f93) x31 0x80000034
core   0: 3 0x80000438 (0xf1a9f413) x8  0x80000110
core   0: 3 0x8000043c (0xc43565b7) x11 0xc4356000
core   0: 3 0x80000440 (0x00f57c97) x25 0x80f57440
core   0: 3 0x80000444 (0x01be1e93) x29 0x08000000
core   0: 3 0x80000448 (0xcd7f4e13) x28 0xfffffcd7
core   0: 3 0x8000044c (0x414f85b3) x11 0x80000034
core   0: 3 0x80000450 (0x311f8367) x6  0x80000454
core   0: 3 0x80000344 (0x00bfd663)
core   0: 3 0x80000350 (0xfe810113) x2  0x80016604
core   0: 3 0x80000354 (0x0020f933) x18 0x80000000
core   0: 3 0x80000358 (0x00612223) mem 0x80016608 0x80000454
core   0: 3 0x8000035c (0x6c05ce93) x29 0x800006f4
core   0: 3 0x80000360 (0x08d2e017)
core   0: 3 0x80000364 (0x00511a93) x21 0x002cc080
core   0: 3 0x80000368 (0x41e18e33) x28 0xc0000000
core   0: 3 0x8000036c (0xdaf4d217) x4  0x5af4d36c
core   0: 3 0x80000370 (0x0263de63)
core   0: 3 0x800003ac (0x01b25863)
core   0: 3 0x800003bc (0x009ed193) x3  0x00400003
core   0: 3 0x800003c0 (0x003e5293) x5  0x18000000
core   0: 3 0x800003c4 (0x00412303) x6  0x80000454 mem 0x80016608
core   0: 3 0x800003c8 (0xcf1ce0b7) x1  0xcf1ce000
core   0: 3 0x800003cc (0x41a98833) x16 0x00000000
core   0: 3 0x800003d0 (0x00639913) x18 0xfffffe00
core   0: 3 0x800003d4 (0x01810113) x2  0x8001661c
core   0: 3 0x800003d8 (0x01f289b3) x19 0x98000034
core   0: 3 0x800003dc (0x7b5c3a93) x21 0x00000001
core   0: 3 0x800003e0 (0x01e06033)
core   0: 3 0x800003e4 (0x00e39a93) x21 0xfffe0000
core   0: 3 0x800003e8 (0x01d49013)
core   0: 3 0x800003ec (0xefbcb513) x10 0x00000001
core   0: 3 0x800003f0 (0x00030b13) x22 0x80000454
core   0: 3 0x800003f4 (0x000b0b67) x22 0x800003f8
core   0: 3 0x80000454 (0x00000f97) x31 0x80000454
core   0: 3 0x80000458 (0x1ccf8f93) x31 0x80000620
core   0: 3 0x8000045c (0x386f8f93) x31 0x800009a6
core   0: 3 0x80000460 (0x41518f33) x30 0x00420003
core   0: 3 0x80000464 (0x585ba293) x5  0x00000001
core   0: 3 0x80000468 (0x40955833) x16 0x00000001
core   0: 3 0x8000046c (0x40a75d93) x27 0x00000000
core   0: 3 0x80000470 (0x00e9d463)
core   0: 3 0x80000474 (0x537cfb13) x22 0x00000400
core   0: 3 0x80000478 (0xc7bf8367) x6  0x8000047c
core   0: 3 0x80000620 (0x00719663)
core   0: 3 0x8000062c (0xff010113) x2  0x8001660c
core   0: 3 0x80000630 (0x41105533) x10 0x00000000
core   0: 3 0x80000634 (0x00612223) mem 0x80016610 0x8000047c
core   0: 3 0x80000638 (0x01cbdcb3) x25 0x00000001
core   0: 3 0x8000063c (0x01bd83b3) x7  0x00000000
core   0: 3 0x80000640 (0x400358b3) x17 0x8000047c
core   0: 3 0x80000644 (0x01ed60b3) x1  0x804201f3
core   0: 3 0x80000648 (0x407257b3) x15 0x5af4d36c
core   0: 3 0x8000064c (0x40f78b33) x22 0x00000000
core   0: 3 0x80000650 (0x6461e293) x5  0x00400647
core   0: 3 0x80000654 (0xf84eee13) x28 0xfffffff4
core   0: 3 0x80000658 (0x00675233) x4  0x00000000
core   0: 3 0x8000065c (0x00000013)
core   0: 3 0x80000660 (0x005f1513) x10 0x08400060
core   0: 3 0x80000664 (0x004d05b3) x11 0x800001f0
core   0: 3 0x80000668 (0x79b40093) x1  0x800008ab
core   0: 3 0x8000066c (0x00f3c433) x8  0x5af4d36c
core   0: 3 0x80000670 (0x00206333) x6  0x8001660c
core   0: 3 0x80000674 (0xbc58a813) x16 0x00000001
core   0: 3 0x80000678 (0x00c58bb3) x23 0x58d59417
core   0: 3 0x8000067c (0x451bca13) x20 0x58d59046
core   0: 3 0x80000680 (0x5f95a593) x11 0x00000001
core   0: 3 0x80000684 (0x0136adb3) x27 0x00000000
core   0: 3 0x80000688 (0x01ea0c63)
core   0: 3 0x8000068c (0x004c7833) x16 0x00000000
core   0: 3 0x80000690 (0x0297f263)
core   0: 3 0x800006b4 (0x01cfaf33) x30 0x00000001
core   0: 3 0x800006b8 (0x01e07cb3) x25 0x00000000
core   0: 3 0x800006bc (0x0088b9b3) x19 0x00000000
core   0: 3 0x800006c0 (0xe0428b13) x22 0x0040044b
core   0: 3 0x800006c4 (0xe22c4393) x7  0xfffffe24
core   0: 3 0x800006c8 (0x41edd413) x8  0x00000000
core   0: 3 0x800006cc (0x00412303) x6  0x8000047c mem 0x80016610
core   0: 3 0x800006d0 (0x013fa3b3) x7  0x00000001
core   0: 3 0x800006d4 (0x002a9e13) x28 0xfff80000
core   0: 3 0x800006d8 (0x01010113) x2  0x8001661c
core   0: 3 0x800006dc (0x00b87b33) x22 0x00000000
core   0: 3 0x800006e0 (0x2f4aaf93) x31 0x00000001
core   0: 3 0x800006e4 (0x00130513) x10 0x8000047d
core   0: 3 0x800006e8 (0x00050567) x10 0x800006ec
core   0: 3 0x8000047c (0xb5b77a13) x20 0x00000000
core   0: 3 0x80000480 (0x42b7f313) x6  0x00000028
core   0: 3 0x80000484 (0x41aa5f33) x30 0x00000000
core   0: 3 0x80000488 (0x98d3cf13) x30 0xfffff98c
core   0: 3 0x8000048c (0x01cbc2b3) x5  0xa72d9417
core   0: 3 0x80000490 (0x016e5fb3) x31 0xfff80000
core   0: 3 0x80000494 (0x008e99b3) x19 0x800006f4
core   0: 3 0x80000498 (0x40e6d7b3) x15 0x00000000
core   0: 3 0x8000049c (0x010dbcb3) x25 0x00000000
core   0: 3 0x800004a0 (0x00c242b3) x5  0xd8d59227
core   0: 3 0x800004a4 (0x2d924737) x14 0x2d924000
core   0: 3 0x800004a8 (0x01cd5a13) x20 0x00000008
core   0: 3 0x800004ac (0x01f70f33) x30 0x2d8a4000
core   0: 3 0x800004b0 (0xd0bb8097) x1  0x50bb84b0
core   0: 3 0x800004b4 (0x01814e63)
core   0: 3 0x800004d0 (0x01fbef33) x30 0xfffd9417
core   0: 3 0x800004d4 (0x412d0433) x8  0x800003f0
core   0: 3 0x800004d8 (0xaf03fa13) x20 0x00000000
core   0: 3 0x800004dc (0x00274db3) x27 0xad93261c
core   0: 3 0x800004e0 (0x011891b3) x3  0xc0000000
core   0: 3 0x800004e4 (0x52b3a413) x8  0x00000001
core   0: 3 0x800004e8 (0x73987693) x13 0x00000000
core   0: 3 0x800004ec (0xf531b393) x7  0x00000001
core   0: 3 0x800004f0 (0x00a7c433) x8  0x800006ec
core   0: 3 0x800004f4 (0x015a2933) x18 0x00000000
core   0: 3 0x800004f8 (0xc0f50913) x18 0x800002fb
core   0: 3 0x800004fc (0xa76d4817) x16 0x276d44fc
core   0: 3 0x80000500 (0x40ccd033)
core   0: 3 0x80000504 (0x009ef5b3) x11 0x00000000
core   0: 3 0x80000508 (0x01ccdcb3) x25 0x00000000
core   0: 3 0x8000050c (0x41e552b3) x5  0xffffff00
core   0: 3 0x80000510 (0x004485b3) x11 0x00000000
core   0: 3 0x80000514 (0x024f8063)
core   0: 3 0x80000518 (0x00b05013)
core   0: 3 0x8000051c (0x5fe33ab7) x21 0x5fe33000
core   0: 3 0x80000520 (0x009f5433) x8  0xfffd9417
core   0: 3 0x80000524 (0x00b996b3) x13 0x800006f4
core   0: 3 0x80000528 (0x27242093) x1  0x00000001
core   0: 3 0x8000052c (0x0196de63)
core   0: 3 0x80000530 (0x7db8aa17) x20 0xfdb8a530
core   0: 3 0x80000534 (0x00f5b3b3) x7  0x00000000
core   0: 3 0x80000538 (0x0150f0b3) x1  0x00000000
core   0: 3 0x8000053c (0x01242db3) x27 0x00000000
core   0: 3 0x80000540 (0x03f27e63)
core   0: 3 0x80000544 (0xcfe9f493) x9  0x800004f4
core   0: 3 0x80000548 (0x013477b3) x15 0x80000414
core   0: 3 0x8000054c (0x0044d713) x14 0x0800004f
core   0: 3 0x80000550 (0x0082b6b3) x13 0x00000000
core   0: 3 0x80000554 (0x02b7ce63)
core   0: 3 0x80000590 (0x023a9e63)
core   0: 3 0x800005cc (0xfc49cb93) x23 0x7ffff930
core   0: 3 0x800005d0 (0x005bee63)
core   0: 3 0x800005ec (0x001f9813) x16 0xfff00000
core   0: 3 0x800005f0 (0x00f2bab3) x21 0x00000000
core   0: 3 0x800005f4 (0xf7a0ef97) x31 0x77a0e5f4
core   0: 3 0x800005f8 (0x00412303) x6  0x800002f8 mem 0x80016620
core   0: 3 0x800005fc (0x00432bb3) x23 0x00000001
core   0: 3 0x80000600 (0x41ef0bb3) x23 0x00000000
core   0: 3 0x80000604 (0x01250cb3) x25 0x000009e7
core   0: 3 0x80000608 (0x00000013)
core   0: 3 0x8000060c (0x65d7ae13) x28 0x00000001
core   0: 3 0x80000610 (0x00810113) x2  0x80016624
core   0: 3 0x80000614 (0x00420033)
core   0: 3 0x80000618 (0x00030e93) x29 0x800002f8
core   0: 3 0x8000061c (0x000e8ee7) x29 0x80000620
core   0: 3 0x800002f8 (0x00a769b3) x19 0x880006ef
core   0: 3 0x800002fc (0x000b0fb3) x31 0x00000000
core   0: 3 0x80000300 (0x004dbfb3) x31 0x00000000
core   0: 3 0x80000304 (0x00796463)
core   0: 3 0x80000308 (0xef9afc93) x25 0x00000000
core   0: 3 0x8000030c (0x88cdf093) x1  0x00000000
core   0: 3 0x80000310 (0x13b3ab13) x22 0x00000001
core   0: 3 0x80000314 (0x4c212c93) x25 0x00000001
core   0: 3 0x80000318 (0xb16a6c93) x25 0xffffff36
core   0: 3 0x8000031c (0x018cbbb3) x23 0x00000000
core   0: 3 0x80000320 (0x003bd9b3) x19 0x00000000
core   0: 3 0x80000324 (0x00000617) x12 0x80000324
core   0: 3 0x80000328 (0x00c60613) x12 0x80000330
core   0: 3 0x8000032c (0x00060067)
core   0: 3 0x80000330 (0x00100193) x3  0x00000001
core   0: 3 0x80000334 (0x00000f17) x30 0x80000334
core   0: 3 0x80000338 (0x48cf0f13) x30 0x800007c0
core   0: 3 0x8000033c (0x003f2023) mem 0x800007c0 0x00000001
