('SPIKE instructions:', 498)
('RTL instructions  :', 9998)

============ TRACE COMPARE ============

RTL  : PC=0x80000000 INST=0x00000297 RD=x5 DATA=0x80000000
SPIKE: PC=0x80000000 INST=0x00000297 RD=x5 DATA=0x80000000
('RESULT:', 'PASS')
--------------------------------------
RTL  : PC=0x80000004 INST=0x0c828293 RD=x5 DATA=0x800000c8
SPIKE: PC=0x80000004 INST=0x0c828293 RD=x5 DATA=0x800000c8
('RESULT:', 'PASS')
--------------------------------------
RTL  : PC=0x80000008 INST=0x30529073 RD=x0 DATA=0x00000190
SPIKE: PC=0x80000008 INST=0x30529073
('RESULT:', 'PASS (NO WB)')
--------------------------------------
RTL  : PC=0x8000000c INST=0x30405073 RD=x0 DATA=0x00000000
SPIKE: PC=0x8000000c INST=0x30405073
('RESULT:', 'PASS (NO WB)')
--------------------------------------
RTL  : PC=0x80000010 INST=0x34405073 RD=x0 DATA=0x00000000
SPIKE: PC=0x80000010 INST=0x34405073
('RESULT:', 'PASS (NO WB)')
--------------------------------------
RTL  : PC=0x80000014 INST=0xf530e037 RD=x0 DATA=0xf530e000
SPIKE: PC=0x80000014 INST=0xf530e037
('RESULT:', 'PASS (NO WB)')
--------------------------------------
RTL  : PC=0x80000018 INST=0x1ce00013 RD=x0 DATA=0x000001ce
SPIKE: PC=0x80000018 INST=0x1ce00013
('RESULT:', 'PASS (NO WB)')
--------------------------------------
RTL  : PC=0x8000001c INST=0xf504e0b7 RD=x1 DATA=0xf504e000
SPIKE: PC=0x8000001c INST=0xf504e0b7 RD=x1 DATA=0xf504e000
('RESULT:', 'PASS')
--------------------------------------
RTL  : PC=0x80000020 INST=0xda308093 RD=x1 DATA=0xf504dda3
SPIKE: PC=0x80000020 INST=0xda308093 RD=x1 DATA=0xf504dda3
('RESULT:', 'PASS')
--------------------------------------
RTL  : PC=0x80000024 INST=0x80000137 RD=x2 DATA=0x80000000
SPIKE: PC=0x80000024 INST=0x80000137 RD=x2 DATA=0x80000000
('RESULT:', 'PASS')
--------------------------------------
RTL  : PC=0x80000028 INST=0x482ab1b7 RD=x3 DATA=0x482ab000
SPIKE: PC=0x80000028 INST=0x482ab1b7 RD=x3 DATA=0x482ab000
('RESULT:', 'PASS')
--------------------------------------
RTL  : PC=0x8000002c INST=0x54418193 RD=x3 DATA=0x482ab544
SPIKE: PC=0x8000002c INST=0x54418193 RD=x3 DATA=0x482ab544
('RESULT:', 'PASS')
--------------------------------------
RTL  : PC=0x80000030 INST=0xf4ba6237 RD=x4 DATA=0xf4ba6000
SPIKE: PC=0x80000030 INST=0xf4ba6237 RD=x4 DATA=0xf4ba6000
('RESULT:', 'PASS')
--------------------------------------
RTL  : PC=0x80000034 INST=0xf9c20213 RD=x4 DATA=0xf4ba5f9c
SPIKE: PC=0x80000034 INST=0xf9c20213 RD=x4 DATA=0xf4ba5f9c
('RESULT:', 'PASS')
--------------------------------------
RTL  : PC=0x80000038 INST=0x00000293 RD=x5 DATA=0x00000000
SPIKE: PC=0x80000038 INST=0x00000293 RD=x5 DATA=0x00000000
('RESULT:', 'PASS')
--------------------------------------
RTL  : PC=0x8000003c INST=0x00b00313 RD=x6 DATA=0x0000000b
SPIKE: PC=0x8000003c INST=0x00b00313 RD=x6 DATA=0x0000000b
('RESULT:', 'PASS')
--------------------------------------
RTL  : PC=0x80000040 INST=0x00000393 RD=x7 DATA=0x00000000
SPIKE: PC=0x80000040 INST=0x00000393 RD=x7 DATA=0x00000000
('RESULT:', 'PASS')
--------------------------------------
RTL  : PC=0x80000044 INST=0x00000413 RD=x8 DATA=0x00000000
SPIKE: PC=0x80000044 INST=0x00000413 RD=x8 DATA=0x00000000
('RESULT:', 'PASS')
--------------------------------------
RTL  : PC=0x80000048 INST=0x00000493 RD=x9 DATA=0x00000000
SPIKE: PC=0x80000048 INST=0x00000493 RD=x9 DATA=0x00000000
('RESULT:', 'PASS')
--------------------------------------
RTL  : PC=0x8000004c INST=0x00000513 RD=x10 DATA=0x00000000
SPIKE: PC=0x8000004c INST=0x00000513 RD=x10 DATA=0x00000000
('RESULT:', 'PASS')
--------------------------------------
RTL  : PC=0x80000050 INST=0x000015b7 RD=x11 DATA=0x00001000
SPIKE: PC=0x80000050 INST=0x000015b7 RD=x11 DATA=0x00001000
('RESULT:', 'PASS')
--------------------------------------
RTL  : PC=0x80000054 INST=0x80058593 RD=x11 DATA=0x00000800
SPIKE: PC=0x80000054 INST=0x80058593 RD=x11 DATA=0x00000800
('RESULT:', 'PASS')
--------------------------------------
RTL  : PC=0x80000058 INST=0x80000637 RD=x12 DATA=0x80000000
SPIKE: PC=0x80000058 INST=0x80000637 RD=x12 DATA=0x80000000
('RESULT:', 'PASS')
--------------------------------------
RTL  : PC=0x8000005c INST=0xf43e86b7 RD=x13 DATA=0xf43e8000
SPIKE: PC=0x8000005c INST=0xf43e86b7 RD=x13 DATA=0xf43e8000
('RESULT:', 'PASS')
--------------------------------------
RTL  : PC=0x80000060 INST=0x35568693 RD=x13 DATA=0xf43e8355
SPIKE: PC=0x80000060 INST=0x35568693 RD=x13 DATA=0xf43e8355
('RESULT:', 'PASS')
--------------------------------------
RTL  : PC=0x80000064 INST=0x00000713 RD=x14 DATA=0x00000000
SPIKE: PC=0x80000064 INST=0x00000713 RD=x14 DATA=0x00000000
('RESULT:', 'PASS')
--------------------------------------
RTL  : PC=0x80000068 INST=0x800007b7 RD=x15 DATA=0x80000000
SPIKE: PC=0x80000068 INST=0x800007b7 RD=x15 DATA=0x80000000
('RESULT:', 'PASS')
--------------------------------------
RTL  : PC=0x8000006c INST=0x00000813 RD=x16 DATA=0x00000000
SPIKE: PC=0x8000006c INST=0x00000813 RD=x16 DATA=0x00000000
('RESULT:', 'PASS')
--------------------------------------
RTL  : PC=0x80000070 INST=0xffbe68b7 RD=x17 DATA=0xffbe6000
SPIKE: PC=0x80000070 INST=0xffbe68b7 RD=x17 DATA=0xffbe6000
('RESULT:', 'PASS')
--------------------------------------
RTL  : PC=0x80000074 INST=0xd5e88893 RD=x17 DATA=0xffbe5d5e
SPIKE: PC=0x80000074 INST=0xd5e88893 RD=x17 DATA=0xffbe5d5e
('RESULT:', 'PASS')
--------------------------------------
RTL  : PC=0x80000078 INST=0x80000937 RD=x18 DATA=0x80000000
SPIKE: PC=0x80000078 INST=0x80000937 RD=x18 DATA=0x80000000
('RESULT:', 'PASS')
--------------------------------------
RTL  : PC=0x8000007c INST=0x800009b7 RD=x19 DATA=0x80000000
SPIKE: PC=0x8000007c INST=0x800009b7 RD=x19 DATA=0x80000000
('RESULT:', 'PASS')
--------------------------------------
RTL  : PC=0x80000080 INST=0xf2c64a37 RD=x20 DATA=0xf2c64000
SPIKE: PC=0x80000080 INST=0xf2c64a37 RD=x20 DATA=0xf2c64000
('RESULT:', 'PASS')
--------------------------------------
RTL  : PC=0x80000084 INST=0x6aaa0a13 RD=x20 DATA=0xf2c646aa
SPIKE: PC=0x80000084 INST=0x6aaa0a13 RD=x20 DATA=0xf2c646aa
('RESULT:', 'PASS')
--------------------------------------
RTL  : PC=0x80000088 INST=0xaddd5ab7 RD=x21 DATA=0xaddd5000
SPIKE: PC=0x80000088 INST=0xaddd5ab7 RD=x21 DATA=0xaddd5000
('RESULT:', 'PASS')
--------------------------------------
RTL  : PC=0x8000008c INST=0xb19a8a93 RD=x21 DATA=0xaddd4b19
SPIKE: PC=0x8000008c INST=0xb19a8a93 RD=x21 DATA=0xaddd4b19
('RESULT:', 'PASS')
--------------------------------------
RTL  : PC=0x80000090 INST=0x00000b13 RD=x22 DATA=0x00000000
SPIKE: PC=0x80000090 INST=0x00000b13 RD=x22 DATA=0x00000000
('RESULT:', 'PASS')
--------------------------------------
RTL  : PC=0x80000094 INST=0x80000bb7 RD=x23 DATA=0x80000000
SPIKE: PC=0x80000094 INST=0x80000bb7 RD=x23 DATA=0x80000000
('RESULT:', 'PASS')
--------------------------------------
RTL  : PC=0x80000098 INST=0x00600c13 RD=x24 DATA=0x00000006
SPIKE: PC=0x80000098 INST=0x00600c13 RD=x24 DATA=0x00000006
('RESULT:', 'PASS')
--------------------------------------
RTL  : PC=0x8000009c INST=0x06f58cb7 RD=x25 DATA=0x06f58000
SPIKE: PC=0x8000009c INST=0x06f58cb7 RD=x25 DATA=0x06f58000
('RESULT:', 'PASS')
--------------------------------------
RTL  : PC=0x800000a0 INST=0xbf1c8c93 RD=x25 DATA=0x06f57bf1
SPIKE: PC=0x800000a0 INST=0xbf1c8c93 RD=x25 DATA=0x06f57bf1
('RESULT:', 'PASS')
--------------------------------------
RTL  : PC=0x800000a4 INST=0xd9a9ed37 RD=x26 DATA=0xd9a9e000
SPIKE: PC=0x800000a4 INST=0xd9a9ed37 RD=x26 DATA=0xd9a9e000
('RESULT:', 'PASS')
--------------------------------------
RTL  : PC=0x800000a8 INST=0xa47d0d13 RD=x26 DATA=0xd9a9da47
SPIKE: PC=0x800000a8 INST=0xa47d0d13 RD=x26 DATA=0xd9a9da47
('RESULT:', 'PASS')
--------------------------------------
RTL  : PC=0x800000ac INST=0x80000db7 RD=x27 DATA=0x80000000
SPIKE: PC=0x800000ac INST=0x80000db7 RD=x27 DATA=0x80000000
('RESULT:', 'PASS')
--------------------------------------
RTL  : PC=0x800000b0 INST=0x00000e13 RD=x28 DATA=0x00000000
SPIKE: PC=0x800000b0 INST=0x00000e13 RD=x28 DATA=0x00000000
('RESULT:', 'PASS')
--------------------------------------
RTL  : PC=0x800000b4 INST=0x00000e93 RD=x29 DATA=0x00000000
SPIKE: PC=0x800000b4 INST=0x00000e93 RD=x29 DATA=0x00000000
('RESULT:', 'PASS')
--------------------------------------
RTL  : PC=0x800000b8 INST=0x00001f37 RD=x30 DATA=0x00001000
SPIKE: PC=0x800000b8 INST=0x00001f37 RD=x30 DATA=0x00001000
('RESULT:', 'PASS')
--------------------------------------
RTL  : PC=0x800000bc INST=0x110f0f13 RD=x30 DATA=0x00001110
SPIKE: PC=0x800000bc INST=0x110f0f13 RD=x30 DATA=0x00001110
('RESULT:', 'PASS')
--------------------------------------
RTL  : PC=0x800000c0 INST=0x80000fb7 RD=x31 DATA=0x80000000
SPIKE: PC=0x800000c0 INST=0x80000fb7 RD=x31 DATA=0x80000000
('RESULT:', 'PASS')
--------------------------------------
RTL  : PC=0x800000c4 INST=0x0180006f RD=x0 DATA=0x800000c8
SPIKE: PC=0x800000c4 INST=0x0180006f
('RESULT:', 'PASS (NO WB)')
--------------------------------------
RTL  : PC=0x800000dc INST=0x00000617 RD=x12 DATA=0x800000dc
SPIKE: PC=0x800000dc INST=0x00000617 RD=x12 DATA=0x800000dc
('RESULT:', 'PASS')
--------------------------------------
RTL  : PC=0x800000e0 INST=0x00c60613 RD=x12 DATA=0x800000e8
SPIKE: PC=0x800000e0 INST=0x00c60613 RD=x12 DATA=0x800000e8
('RESULT:', 'PASS')
--------------------------------------
RTL  : PC=0x800000e4 INST=0x00060067 RD=x0 DATA=0x800000e8
SPIKE: PC=0x800000e4 INST=0x00060067
('RESULT:', 'PASS (NO WB)')
--------------------------------------
RTL  : PC=0x800000e8 INST=0x00100013 RD=x0 DATA=0x00000001
SPIKE: PC=0x800000e8 INST=0x00100013
('RESULT:', 'PASS (NO WB)')
--------------------------------------
RTL  : PC=0x800000ec INST=0x00000093 RD=x1 DATA=0x00000000
SPIKE: PC=0x800000ec INST=0x00000093 RD=x1 DATA=0x00000000
('RESULT:', 'PASS')
--------------------------------------
RTL  : PC=0x800000f0 INST=0x800001b7 RD=x3 DATA=0x80000000
SPIKE: PC=0x800000f0 INST=0x800001b7 RD=x3 DATA=0x80000000
('RESULT:', 'PASS')
--------------------------------------
RTL  : PC=0x800000f4 INST=0x80000237 RD=x4 DATA=0x80000000
SPIKE: PC=0x800000f4 INST=0x80000237 RD=x4 DATA=0x80000000
('RESULT:', 'PASS')
--------------------------------------
RTL  : PC=0x800000f8 INST=0x00000293 RD=x5 DATA=0x00000000
SPIKE: PC=0x800000f8 INST=0x00000293 RD=x5 DATA=0x00000000
('RESULT:', 'PASS')
--------------------------------------
RTL  : PC=0x800000fc INST=0x00500313 RD=x6 DATA=0x00000005
SPIKE: PC=0x800000fc INST=0x00500313 RD=x6 DATA=0x00000005
('RESULT:', 'PASS')
--------------------------------------
RTL  : PC=0x80000100 INST=0x00d00393 RD=x7 DATA=0x0000000d
SPIKE: PC=0x80000100 INST=0x00d00393 RD=x7 DATA=0x0000000d
('RESULT:', 'PASS')
--------------------------------------
RTL  : PC=0x80000104 INST=0x00000413 RD=x8 DATA=0x00000000
SPIKE: PC=0x80000104 INST=0x00000413 RD=x8 DATA=0x00000000
('RESULT:', 'PASS')
--------------------------------------
RTL  : PC=0x80000108 INST=0x00000493 RD=x9 DATA=0x00000000
SPIKE: PC=0x80000108 INST=0x00000493 RD=x9 DATA=0x00000000
('RESULT:', 'PASS')
--------------------------------------
RTL  : PC=0x8000010c INST=0xdd6b3537 RD=x10 DATA=0xdd6b3000
SPIKE: PC=0x8000010c INST=0xdd6b3537 RD=x10 DATA=0xdd6b3000
('RESULT:', 'PASS')
--------------------------------------
RTL  : PC=0x80000110 INST=0xabc50513 RD=x10 DATA=0xdd6b2abc
SPIKE: PC=0x80000110 INST=0xabc50513 RD=x10 DATA=0xdd6b2abc
('RESULT:', 'PASS')
--------------------------------------
RTL  : PC=0x80000114 INST=0x800005b7 RD=x11 DATA=0x80000000
SPIKE: PC=0x80000114 INST=0x800005b7 RD=x11 DATA=0x80000000
('RESULT:', 'PASS')
--------------------------------------
RTL  : PC=0x80000118 INST=0xd8d59637 RD=x12 DATA=0xd8d59000
SPIKE: PC=0x80000118 INST=0xd8d59637 RD=x12 DATA=0xd8d59000
('RESULT:', 'PASS')
--------------------------------------
RTL  : PC=0x8000011c INST=0x22760613 RD=x12 DATA=0xd8d59227
SPIKE: PC=0x8000011c INST=0x22760613 RD=x12 DATA=0xd8d59227
('RESULT:', 'PASS')
--------------------------------------
RTL  : PC=0x80000120 INST=0x800006b7 RD=x13 DATA=0x80000000
SPIKE: PC=0x80000120 INST=0x800006b7 RD=x13 DATA=0x80000000
('RESULT:', 'PASS')
--------------------------------------
RTL  : PC=0x80000124 INST=0x80000737 RD=x14 DATA=0x80000000
SPIKE: PC=0x80000124 INST=0x80000737 RD=x14 DATA=0x80000000
('RESULT:', 'PASS')
--------------------------------------
RTL  : PC=0x80000128 INST=0x00600793 RD=x15 DATA=0x00000006
SPIKE: PC=0x80000128 INST=0x00600793 RD=x15 DATA=0x00000006
('RESULT:', 'PASS')
--------------------------------------
RTL  : PC=0x8000012c INST=0x0b3b1837 RD=x16 DATA=0x0b3b1000
SPIKE: PC=0x8000012c INST=0x0b3b1837 RD=x16 DATA=0x0b3b1000
('RESULT:', 'PASS')
--------------------------------------
RTL  : PC=0x80000130 INST=0x13480813 RD=x16 DATA=0x0b3b1134
SPIKE: PC=0x80000130 INST=0x13480813 RD=x16 DATA=0x0b3b1134
('RESULT:', 'PASS')
--------------------------------------
RTL  : PC=0x80000134 INST=0x46b118b7 RD=x17 DATA=0x46b11000
SPIKE: PC=0x80000134 INST=0x46b118b7 RD=x17 DATA=0x46b11000
('RESULT:', 'PASS')
--------------------------------------
RTL  : PC=0x80000138 INST=0xc9488893 RD=x17 DATA=0x46b10c94
SPIKE: PC=0x80000138 INST=0xc9488893 RD=x17 DATA=0x46b10c94
('RESULT:', 'PASS')
--------------------------------------
RTL  : PC=0x8000013c INST=0x35b23937 RD=x18 DATA=0x35b23000
SPIKE: PC=0x8000013c INST=0x35b23937 RD=x18 DATA=0x35b23000
('RESULT:', 'PASS')
--------------------------------------
RTL  : PC=0x80000140 INST=0x11790913 RD=x18 DATA=0x35b23117
SPIKE: PC=0x80000140 INST=0x11790913 RD=x18 DATA=0x35b23117
('RESULT:', 'PASS')
--------------------------------------
RTL  : PC=0x80000144 INST=0x0162d9b7 RD=x19 DATA=0x0162d000
SPIKE: PC=0x80000144 INST=0x0162d9b7 RD=x19 DATA=0x0162d000
('RESULT:', 'PASS')
--------------------------------------
RTL  : PC=0x80000148 INST=0xff998993 RD=x19 DATA=0x0162cff9
SPIKE: PC=0x80000148 INST=0xff998993 RD=x19 DATA=0x0162cff9
('RESULT:', 'PASS')
--------------------------------------
RTL  : PC=0x8000014c INST=0xd21a9a37 RD=x20 DATA=0xd21a9000
SPIKE: PC=0x8000014c INST=0xd21a9a37 RD=x20 DATA=0xd21a9000
('RESULT:', 'PASS')
--------------------------------------
RTL  : PC=0x80000150 INST=0x1a3a0a13 RD=x20 DATA=0xd21a91a3
SPIKE: PC=0x80000150 INST=0x1a3a0a13 RD=x20 DATA=0xd21a91a3
('RESULT:', 'PASS')
--------------------------------------
RTL  : PC=0x80000154 INST=0x00700a93 RD=x21 DATA=0x00000007
SPIKE: PC=0x80000154 INST=0x00700a93 RD=x21 DATA=0x00000007
('RESULT:', 'PASS')
--------------------------------------
RTL  : PC=0x80000158 INST=0x00000b13 RD=x22 DATA=0x00000000
SPIKE: PC=0x80000158 INST=0x00000b13 RD=x22 DATA=0x00000000
('RESULT:', 'PASS')
--------------------------------------
RTL  : PC=0x8000015c INST=0x00300b93 RD=x23 DATA=0x00000003
SPIKE: PC=0x8000015c INST=0x00300b93 RD=x23 DATA=0x00000003
('RESULT:', 'PASS')
--------------------------------------
RTL  : PC=0x80000160 INST=0xcdfd6cb7 RD=x25 DATA=0xcdfd6000
SPIKE: PC=0x80000160 INST=0xcdfd6cb7 RD=x25 DATA=0xcdfd6000
('RESULT:', 'PASS')
--------------------------------------
RTL  : PC=0x80000164 INST=0x540c8c93 RD=x25 DATA=0xcdfd6540
SPIKE: PC=0x80000164 INST=0x540c8c93 RD=x25 DATA=0xcdfd6540
('RESULT:', 'PASS')
--------------------------------------
RTL  : PC=0x80000168 INST=0xfa906d37 RD=x26 DATA=0xfa906000
SPIKE: PC=0x80000168 INST=0xfa906d37 RD=x26 DATA=0xfa906000
('RESULT:', 'PASS')
--------------------------------------
RTL  : PC=0x8000016c INST=0x010d0d13 RD=x26 DATA=0xfa906010
SPIKE: PC=0x8000016c INST=0x010d0d13 RD=x26 DATA=0xfa906010
('RESULT:', 'PASS')
--------------------------------------
RTL  : PC=0x80000170 INST=0x00000d93 RD=x27 DATA=0x00000000
SPIKE: PC=0x80000170 INST=0x00000d93 RD=x27 DATA=0x00000000
('RESULT:', 'PASS')
--------------------------------------
RTL  : PC=0x80000174 INST=0xa4b07e37 RD=x28 DATA=0xa4b07000
SPIKE: PC=0x80000174 INST=0xa4b07e37 RD=x28 DATA=0xa4b07000
('RESULT:', 'PASS')
--------------------------------------
RTL  : PC=0x80000178 INST=0xfd6e0e13 RD=x28 DATA=0xa4b06fd6
SPIKE: PC=0x80000178 INST=0xfd6e0e13 RD=x28 DATA=0xa4b06fd6
('RESULT:', 'PASS')
--------------------------------------
RTL  : PC=0x8000017c INST=0x80000eb7 RD=x29 DATA=0x80000000
SPIKE: PC=0x8000017c INST=0x80000eb7 RD=x29 DATA=0x80000000
('RESULT:', 'PASS')
--------------------------------------
RTL  : PC=0x80000180 INST=0x00400f13 RD=x30 DATA=0x00000004
SPIKE: PC=0x80000180 INST=0x00400f13 RD=x30 DATA=0x00000004
('RESULT:', 'PASS')
--------------------------------------
RTL  : PC=0x80000184 INST=0x80000fb7 RD=x31 DATA=0x80000000
SPIKE: PC=0x80000184 INST=0x80000fb7 RD=x31 DATA=0x80000000
('RESULT:', 'PASS')
--------------------------------------
RTL  : PC=0x80000188 INST=0x00016117 RD=x2 DATA=0x80016188
SPIKE: PC=0x80000188 INST=0x00016117 RD=x2 DATA=0x80016188
('RESULT:', 'PASS')
--------------------------------------
RTL  : PC=0x8000018c INST=0x49c10113 RD=x2 DATA=0x80016624
SPIKE: PC=0x8000018c INST=0x49c10113 RD=x2 DATA=0x80016624
('RESULT:', 'PASS')
--------------------------------------
RTL  : PC=0x80000190 INST=0x4099deb3 RD=x29 DATA=0x0162cff9
SPIKE: PC=0x80000190 INST=0x4099deb3 RD=x29 DATA=0x0162cff9
('RESULT:', 'PASS')
--------------------------------------
RTL  : PC=0x80000194 INST=0x012e8f33 RD=x30 DATA=0x37150110
SPIKE: PC=0x80000194 INST=0x012e8f33 RD=x30 DATA=0x37150110
('RESULT:', 'PASS')
--------------------------------------
RTL  : PC=0x80000198 INST=0x41fd5513 RD=x10 DATA=0xffffffff
SPIKE: PC=0x80000198 INST=0x41fd5513 RD=x10 DATA=0xffffffff
('RESULT:', 'PASS')
--------------------------------------
RTL  : PC=0x8000019c INST=0x00000397 RD=x7 DATA=0x8000019c
SPIKE: PC=0x8000019c INST=0x00000397 RD=x7 DATA=0x8000019c
('RESULT:', 'PASS')
--------------------------------------
RTL  : PC=0x800001a0 INST=0x25c38393 RD=x7 DATA=0x800003f8
SPIKE: PC=0x800001a0 INST=0x25c38393 RD=x7 DATA=0x800003f8
('RESULT:', 'PASS')
--------------------------------------
RTL  : PC=0x800001a4 INST=0x00785693 RD=x13 DATA=0x00167622
SPIKE: PC=0x800001a4 INST=0x00785693 RD=x13 DATA=0x00167622
('RESULT:', 'PASS')
--------------------------------------
RTL  : PC=0x800001a8 INST=0xeb538393 RD=x7 DATA=0x800002ad
SPIKE: PC=0x800001a8 INST=0xeb538393 RD=x7 DATA=0x800002ad
('RESULT:', 'PASS')
--------------------------------------
RTL  : PC=0x800001ac INST=0x017a07b3 RD=x15 DATA=0xd21a91a6
SPIKE: PC=0x800001ac INST=0x017a07b3 RD=x15 DATA=0xd21a91a6
('RESULT:', 'PASS')
--------------------------------------
RTL  : PC=0x800001b0 INST=0x0075d233 RD=x4 DATA=0x00040000
SPIKE: PC=0x800001b0 INST=0x0075d233 RD=x4 DATA=0x00040000
('RESULT:', 'PASS')
--------------------------------------
RTL  : PC=0x800001b4 INST=0x41465b93 RD=x23 DATA=0xfffffd8d
SPIKE: PC=0x800001b4 INST=0x41465b93 RD=x23 DATA=0xfffffd8d
('RESULT:', 'PASS')
--------------------------------------
RTL  : PC=0x800001b8 INST=0x00e67833 RD=x16 DATA=0x80000000
SPIKE: PC=0x800001b8 INST=0x00e67833 RD=x16 DATA=0x80000000
('RESULT:', 'PASS')
--------------------------------------
RTL  : PC=0x800001bc INST=0x0ec08313 RD=x6 DATA=0x000000ec
SPIKE: PC=0x800001bc INST=0x0ec08313 RD=x6 DATA=0x000000ec
('RESULT:', 'PASS')
--------------------------------------
RTL  : PC=0x800001c0 INST=0x14b38367 RD=x6 DATA=0x800001c4
SPIKE: PC=0x800001c0 INST=0x14b38367 RD=x6 DATA=0x800001c4
('RESULT:', 'PASS')
--------------------------------------
RTL  : PC=0x800003f8 INST=0x00000013 RD=x0 DATA=0x00000000
SPIKE: PC=0x800003f8 INST=0x00000013
('RESULT:', 'PASS (NOP)')
--------------------------------------
RTL  : PC=0x800003fc INST=0xff810113 RD=x2 DATA=0x8001661c
SPIKE: PC=0x800003fc INST=0xff810113 RD=x2 DATA=0x8001661c
('RESULT:', 'PASS')
--------------------------------------
RTL  : PC=0x80000400 INST=0x007d59b3 RD=x19 DATA=0x0007d483
SPIKE: PC=0x80000400 INST=0x007d59b3 RD=x19 DATA=0x0007d483
('RESULT:', 'PASS')
--------------------------------------
RTL  : PC=0x80000404 INST=0x00fc5f13 RD=x30 DATA=0x00000000
SPIKE: PC=0x80000404 INST=0x00fc5f13 RD=x30 DATA=0x00000000
('RESULT:', 'PASS')
--------------------------------------
RTL  : PC=0x80000408 INST=0x015a1713 RD=x14 DATA=0x34600000
SPIKE: PC=0x80000408 INST=0x015a1713 RD=x14 DATA=0x34600000
('RESULT:', 'PASS')
--------------------------------------
RTL  : PC=0x80000410 INST=0x00acd413 RD=x8 DATA=0x00337f59
SPIKE: PC=0x80000410 INST=0x00acd413 RD=x8 DATA=0x00337f59
('RESULT:', 'PASS')
--------------------------------------
RTL  : PC=0x80000414 INST=0x007ebfb3 RD=x31 DATA=0x00000001
SPIKE: PC=0x80000414 INST=0x007ebfb3 RD=x31 DATA=0x00000001
('RESULT:', 'PASS')
--------------------------------------
RTL  : PC=0x80000418 INST=0xb3386b13 RD=x22 DATA=0xfffffb33
SPIKE: PC=0x80000418 INST=0xb3386b13 RD=x22 DATA=0xfffffb33
('RESULT:', 'PASS')
--------------------------------------
RTL  : PC=0x8000041c INST=0x01866933 RD=x18 DATA=0xd8d59227
SPIKE: PC=0x8000041c INST=0x01866933 RD=x18 DATA=0xd8d59227
('RESULT:', 'PASS')
--------------------------------------
RTL  : PC=0x80000420 INST=0x41c0d393 RD=x7 DATA=0x00000000
SPIKE: PC=0x80000420 INST=0x41c0d393 RD=x7 DATA=0x00000000
('RESULT:', 'PASS')
--------------------------------------
RTL  : PC=0x80000424 INST=0x01423f33 RD=x30 DATA=0x00000001
SPIKE: PC=0x80000424 INST=0x01423f33 RD=x30 DATA=0x00000001
('RESULT:', 'PASS')
--------------------------------------
RTL  : PC=0x80000428 INST=0x01bf5a13 RD=x20 DATA=0x00000000
SPIKE: PC=0x80000428 INST=0x01bf5a13 RD=x20 DATA=0x00000000
('RESULT:', 'PASS')
--------------------------------------
RTL  : PC=0x8000042c INST=0x00000f97 RD=x31 DATA=0x8000042c
SPIKE: PC=0x8000042c INST=0x00000f97 RD=x31 DATA=0x8000042c
('RESULT:', 'PASS')
--------------------------------------
RTL  : PC=0x80000430 INST=0xf18f8f93 RD=x31 DATA=0x80000344
SPIKE: PC=0x80000430 INST=0xf18f8f93 RD=x31 DATA=0x80000344
('RESULT:', 'PASS')
--------------------------------------
RTL  : PC=0x80000434 INST=0xcf0f8f93 RD=x31 DATA=0x80000034
SPIKE: PC=0x80000434 INST=0xcf0f8f93 RD=x31 DATA=0x80000034
('RESULT:', 'PASS')
--------------------------------------
RTL  : PC=0x80000438 INST=0xf1a9f413 RD=x8 DATA=0x0007d402
SPIKE: PC=0x80000438 INST=0xf1a9f413 RD=x8 DATA=0x0007d402
('RESULT:', 'PASS')
--------------------------------------
RTL  : PC=0x8000043c INST=0xc43565b7 RD=x11 DATA=0xc4356000
SPIKE: PC=0x8000043c INST=0xc43565b7 RD=x11 DATA=0xc4356000
('RESULT:', 'PASS')
--------------------------------------
RTL  : PC=0x80000440 INST=0x00f57c97 RD=x25 DATA=0x80f57440
SPIKE: PC=0x80000440 INST=0x00f57c97 RD=x25 DATA=0x80f57440
('RESULT:', 'PASS')
--------------------------------------
RTL  : PC=0x80000444 INST=0x01be1e93 RD=x29 DATA=0xb0000000
SPIKE: PC=0x80000444 INST=0x01be1e93 RD=x29 DATA=0xb0000000
('RESULT:', 'PASS')
--------------------------------------
RTL  : PC=0x80000448 INST=0xcd7f4e13 RD=x28 DATA=0xfffffcd6
SPIKE: PC=0x80000448 INST=0xcd7f4e13 RD=x28 DATA=0xfffffcd6
('RESULT:', 'PASS')
--------------------------------------
RTL  : PC=0x8000044c INST=0x414f85b3 RD=x11 DATA=0x80000034
SPIKE: PC=0x8000044c INST=0x414f85b3 RD=x11 DATA=0x80000034
('RESULT:', 'PASS')
--------------------------------------
RTL  : PC=0x80000450 INST=0x311f8367 RD=x6 DATA=0x80000454
SPIKE: PC=0x80000450 INST=0x311f8367 RD=x6 DATA=0x80000454
('RESULT:', 'PASS')
--------------------------------------
BRANCH DETECTED
SPIKE: PC=0x80000344 INST=0x00bfd663
RTL  : PC=0x80000344 INST=0x00bfd663
--------------------------------------
>>> BRANCH TAKEN: 0x80000344 -> 0x80000350
RTL  : PC=0x80000350 INST=0xfe810113 RD=x2 DATA=0x80016604
SPIKE: PC=0x80000350 INST=0xfe810113 RD=x2 DATA=0x80016604
('RESULT:', 'PASS')
--------------------------------------
RTL  : PC=0x80000354 INST=0x0020f933 RD=x18 DATA=0x00000000
SPIKE: PC=0x80000354 INST=0x0020f933 RD=x18 DATA=0x00000000
('RESULT:', 'PASS')
--------------------------------------
RTL  : PC=0x8000035c INST=0x6c05ce93 RD=x29 DATA=0x800006f4
SPIKE: PC=0x8000035c INST=0x6c05ce93 RD=x29 DATA=0x800006f4
('RESULT:', 'PASS')
--------------------------------------
RTL  : PC=0x80000360 INST=0x08d2e017 RD=x0 DATA=0x88d2e360
SPIKE: PC=0x80000360 INST=0x08d2e017
('RESULT:', 'PASS (NO WB)')
--------------------------------------
RTL  : PC=0x80000364 INST=0x00511a93 RD=x21 DATA=0x002cc080
SPIKE: PC=0x80000364 INST=0x00511a93 RD=x21 DATA=0x002cc080
('RESULT:', 'PASS')
--------------------------------------
RTL  : PC=0x80000368 INST=0x41e18e33 RD=x28 DATA=0x7fffffff
SPIKE: PC=0x80000368 INST=0x41e18e33 RD=x28 DATA=0x7fffffff
('RESULT:', 'PASS')
--------------------------------------
RTL  : PC=0x8000036c INST=0xdaf4d217 RD=x4 DATA=0x5af4d36c
SPIKE: PC=0x8000036c INST=0xdaf4d217 RD=x4 DATA=0x5af4d36c
('RESULT:', 'PASS')
--------------------------------------
BRANCH DETECTED
SPIKE: PC=0x80000370 INST=0x0263de63
RTL  : PC=0x80000370 INST=0x0263de63
--------------------------------------
>>> BRANCH TAKEN: 0x80000370 -> 0x800003ac
BRANCH DETECTED
SPIKE: PC=0x800003ac INST=0x01b25863
RTL  : PC=0x800003ac INST=0x01b25863
--------------------------------------
>>> BRANCH TAKEN: 0x800003ac -> 0x800003bc
RTL  : PC=0x800003bc INST=0x009ed193 RD=x3 DATA=0x00400003
SPIKE: PC=0x800003bc INST=0x009ed193 RD=x3 DATA=0x00400003
('RESULT:', 'PASS')
--------------------------------------
RTL  : PC=0x800003c0 INST=0x003e5293 RD=x5 DATA=0x0fffffff
SPIKE: PC=0x800003c0 INST=0x003e5293 RD=x5 DATA=0x0fffffff
('RESULT:', 'PASS')
--------------------------------------
RTL  : PC=0x800003c4 INST=0x00412303 RD=x6 DATA=0x80000454
SPIKE: PC=0x800003c4 INST=0x00412303 RD=x6 DATA=0x80000454
('RESULT:', 'PASS')
--------------------------------------
RTL  : PC=0x800003c8 INST=0xcf1ce0b7 RD=x1 DATA=0xcf1ce000
SPIKE: PC=0x800003c8 INST=0xcf1ce0b7 RD=x1 DATA=0xcf1ce000
('RESULT:', 'PASS')
--------------------------------------
RTL  : PC=0x800003cc INST=0x41a98833 RD=x16 DATA=0x05777473
SPIKE: PC=0x800003cc INST=0x41a98833 RD=x16 DATA=0x05777473
('RESULT:', 'PASS')
--------------------------------------
RTL  : PC=0x800003d0 INST=0x00639913 RD=x18 DATA=0x00000000
SPIKE: PC=0x800003d0 INST=0x00639913 RD=x18 DATA=0x00000000
('RESULT:', 'PASS')
--------------------------------------
RTL  : PC=0x800003d4 INST=0x01810113 RD=x2 DATA=0x8001661c
SPIKE: PC=0x800003d4 INST=0x01810113 RD=x2 DATA=0x8001661c
('RESULT:', 'PASS')
--------------------------------------
RTL  : PC=0x800003d8 INST=0x01f289b3 RD=x19 DATA=0x90000033
SPIKE: PC=0x800003d8 INST=0x01f289b3 RD=x19 DATA=0x90000033
('RESULT:', 'PASS')
--------------------------------------
RTL  : PC=0x800003dc INST=0x7b5c3a93 RD=x21 DATA=0x00000001
SPIKE: PC=0x800003dc INST=0x7b5c3a93 RD=x21 DATA=0x00000001
('RESULT:', 'PASS')
--------------------------------------
RTL  : PC=0x800003e0 INST=0x01e06033 RD=x0 DATA=0x00000001
SPIKE: PC=0x800003e0 INST=0x01e06033
('RESULT:', 'PASS (NO WB)')
--------------------------------------
RTL  : PC=0x800003e4 INST=0x00e39a93 RD=x21 DATA=0x00000000
SPIKE: PC=0x800003e4 INST=0x00e39a93 RD=x21 DATA=0x00000000
('RESULT:', 'PASS')
--------------------------------------
RTL  : PC=0x800003e8 INST=0x01d49013 RD=x0 DATA=0x00000000
SPIKE: PC=0x800003e8 INST=0x01d49013
('RESULT:', 'PASS (NO WB)')
--------------------------------------
RTL  : PC=0x800003ec INST=0xefbcb513 RD=x10 DATA=0x00000001
SPIKE: PC=0x800003ec INST=0xefbcb513 RD=x10 DATA=0x00000001
('RESULT:', 'PASS')
--------------------------------------
RTL  : PC=0x800003f0 INST=0x00030b13 RD=x22 DATA=0x80000454
SPIKE: PC=0x800003f0 INST=0x00030b13 RD=x22 DATA=0x80000454
('RESULT:', 'PASS')
--------------------------------------
RTL  : PC=0x800003f4 INST=0x000b0b67 RD=x22 DATA=0x800003f8
SPIKE: PC=0x800003f4 INST=0x000b0b67 RD=x22 DATA=0x800003f8
('RESULT:', 'PASS')
--------------------------------------
RTL  : PC=0x80000454 INST=0x00000f97 RD=x31 DATA=0x80000454
SPIKE: PC=0x80000454 INST=0x00000f97 RD=x31 DATA=0x80000454
('RESULT:', 'PASS')
--------------------------------------
RTL  : PC=0x80000458 INST=0x1ccf8f93 RD=x31 DATA=0x80000620
SPIKE: PC=0x80000458 INST=0x1ccf8f93 RD=x31 DATA=0x80000620
('RESULT:', 'PASS')
--------------------------------------
RTL  : PC=0x8000045c INST=0x386f8f93 RD=x31 DATA=0x800009a6
SPIKE: PC=0x8000045c INST=0x386f8f93 RD=x31 DATA=0x800009a6
('RESULT:', 'PASS')
--------------------------------------
RTL  : PC=0x80000460 INST=0x41518f33 RD=x30 DATA=0x00400003
SPIKE: PC=0x80000460 INST=0x41518f33 RD=x30 DATA=0x00400003
('RESULT:', 'PASS')
--------------------------------------
RTL  : PC=0x80000464 INST=0x585ba293 RD=x5 DATA=0x00000001
SPIKE: PC=0x80000464 INST=0x585ba293 RD=x5 DATA=0x00000001
('RESULT:', 'PASS')
--------------------------------------
RTL  : PC=0x80000468 INST=0x40955833 RD=x16 DATA=0x00000001
SPIKE: PC=0x80000468 INST=0x40955833 RD=x16 DATA=0x00000001
('RESULT:', 'PASS')
--------------------------------------
RTL  : PC=0x8000046c INST=0x40a75d93 RD=x27 DATA=0x000d1800
SPIKE: PC=0x8000046c INST=0x40a75d93 RD=x27 DATA=0x000d1800
('RESULT:', 'PASS')
--------------------------------------
BRANCH DETECTED
SPIKE: PC=0x80000470 INST=0x00e9d463
RTL  : PC=0x80000470 INST=0x00e9d463
--------------------------------------
RTL  : PC=0x80000474 INST=0x537cfb13 RD=x22 DATA=0x00000400
SPIKE: PC=0x80000474 INST=0x537cfb13 RD=x22 DATA=0x00000400
('RESULT:', 'PASS')
--------------------------------------
RTL  : PC=0x80000478 INST=0xc7bf8367 RD=x6 DATA=0x8000047c
SPIKE: PC=0x80000478 INST=0xc7bf8367 RD=x6 DATA=0x8000047c
('RESULT:', 'PASS')
--------------------------------------
BRANCH DETECTED
SPIKE: PC=0x80000620 INST=0x00719663
RTL  : PC=0x80000620 INST=0x00719663
--------------------------------------
>>> BRANCH TAKEN: 0x80000620 -> 0x8000062c
RTL  : PC=0x8000062c INST=0xff010113 RD=x2 DATA=0x8001660c
SPIKE: PC=0x8000062c INST=0xff010113 RD=x2 DATA=0x8001660c
('RESULT:', 'PASS')
--------------------------------------
RTL  : PC=0x80000630 INST=0x41105533 RD=x10 DATA=0x00000000
SPIKE: PC=0x80000630 INST=0x41105533 RD=x10 DATA=0x00000000
('RESULT:', 'PASS')
--------------------------------------
RTL  : PC=0x80000638 INST=0x01cbdcb3 RD=x25 DATA=0x00000001
SPIKE: PC=0x80000638 INST=0x01cbdcb3 RD=x25 DATA=0x00000001
('RESULT:', 'PASS')
--------------------------------------
RTL  : PC=0x8000063c INST=0x01bd83b3 RD=x7 DATA=0x001a3000
SPIKE: PC=0x8000063c INST=0x01bd83b3 RD=x7 DATA=0x001a3000
('RESULT:', 'PASS')
--------------------------------------
RTL  : PC=0x80000640 INST=0x400358b3 RD=x17 DATA=0x8000047c
SPIKE: PC=0x80000640 INST=0x400358b3 RD=x17 DATA=0x8000047c
('RESULT:', 'PASS')
--------------------------------------
RTL  : PC=0x80000644 INST=0x01ed60b3 RD=x1 DATA=0xfad06013
SPIKE: PC=0x80000644 INST=0x01ed60b3 RD=x1 DATA=0xfad06013
('RESULT:', 'PASS')
--------------------------------------
RTL  : PC=0x80000648 INST=0x407257b3 RD=x15 DATA=0x5af4d36c
SPIKE: PC=0x80000648 INST=0x407257b3 RD=x15 DATA=0x5af4d36c
('RESULT:', 'PASS')
--------------------------------------
RTL  : PC=0x8000064c INST=0x40f78b33 RD=x22 DATA=0x00000000
SPIKE: PC=0x8000064c INST=0x40f78b33 RD=x22 DATA=0x00000000
('RESULT:', 'PASS')
--------------------------------------
RTL  : PC=0x80000650 INST=0x6461e293 RD=x5 DATA=0x00400647
SPIKE: PC=0x80000650 INST=0x6461e293 RD=x5 DATA=0x00400647
('RESULT:', 'PASS')
--------------------------------------
RTL  : PC=0x80000654 INST=0xf84eee13 RD=x28 DATA=0xfffffff4
SPIKE: PC=0x80000654 INST=0xf84eee13 RD=x28 DATA=0xfffffff4
('RESULT:', 'PASS')
--------------------------------------
RTL  : PC=0x80000658 INST=0x00675233 RD=x4 DATA=0x00000003
SPIKE: PC=0x80000658 INST=0x00675233 RD=x4 DATA=0x00000003
('RESULT:', 'PASS')
--------------------------------------
RTL  : PC=0x8000065c INST=0x00000013 RD=x0 DATA=0x00000000
SPIKE: PC=0x8000065c INST=0x00000013
('RESULT:', 'PASS (NOP)')
--------------------------------------
RTL  : PC=0x80000660 INST=0x005f1513 RD=x10 DATA=0x08000060
SPIKE: PC=0x80000660 INST=0x005f1513 RD=x10 DATA=0x08000060
('RESULT:', 'PASS')
--------------------------------------
RTL  : PC=0x80000664 INST=0x004d05b3 RD=x11 DATA=0xfa906013
SPIKE: PC=0x80000664 INST=0x004d05b3 RD=x11 DATA=0xfa906013
('RESULT:', 'PASS')
--------------------------------------
RTL  : PC=0x80000668 INST=0x79b40093 RD=x1 DATA=0x0007db9d
SPIKE: PC=0x80000668 INST=0x79b40093 RD=x1 DATA=0x0007db9d
('RESULT:', 'PASS')
--------------------------------------
RTL  : PC=0x8000066c INST=0x00f3c433 RD=x8 DATA=0x5aeee36c
SPIKE: PC=0x8000066c INST=0x00f3c433 RD=x8 DATA=0x5aeee36c
('RESULT:', 'PASS')
--------------------------------------
RTL  : PC=0x80000670 INST=0x00206333 RD=x6 DATA=0x8001660c
SPIKE: PC=0x80000670 INST=0x00206333 RD=x6 DATA=0x8001660c
('RESULT:', 'PASS')
--------------------------------------
RTL  : PC=0x80000674 INST=0xbc58a813 RD=x16 DATA=0x00000001
SPIKE: PC=0x80000674 INST=0xbc58a813 RD=x16 DATA=0x00000001
('RESULT:', 'PASS')
--------------------------------------
RTL  : PC=0x80000678 INST=0x00c58bb3 RD=x23 DATA=0xd365f23a
SPIKE: PC=0x80000678 INST=0x00c58bb3 RD=x23 DATA=0xd365f23a
('RESULT:', 'PASS')
--------------------------------------
RTL  : PC=0x8000067c INST=0x451bca13 RD=x20 DATA=0xd365f66b
SPIKE: PC=0x8000067c INST=0x451bca13 RD=x20 DATA=0xd365f66b
('RESULT:', 'PASS')
--------------------------------------
RTL  : PC=0x80000680 INST=0x5f95a593 RD=x11 DATA=0x00000001
SPIKE: PC=0x80000680 INST=0x5f95a593 RD=x11 DATA=0x00000001
('RESULT:', 'PASS')
--------------------------------------
RTL  : PC=0x80000684 INST=0x0136adb3 RD=x27 DATA=0x00000000
SPIKE: PC=0x80000684 INST=0x0136adb3 RD=x27 DATA=0x00000000
('RESULT:', 'PASS')
--------------------------------------
BRANCH DETECTED
SPIKE: PC=0x80000688 INST=0x01ea0c63
RTL  : PC=0x80000688 INST=0x01ea0c63
--------------------------------------
RTL  : PC=0x8000068c INST=0x004c7833 RD=x16 DATA=0x00000002
SPIKE: PC=0x8000068c INST=0x004c7833 RD=x16 DATA=0x00000002
('RESULT:', 'PASS')
--------------------------------------
BRANCH DETECTED
SPIKE: PC=0x80000690 INST=0x0297f263
RTL  : PC=0x80000690 INST=0x0297f263
--------------------------------------
>>> BRANCH TAKEN: 0x80000690 -> 0x800006b4
RTL  : PC=0x800006b4 INST=0x01cfaf33 RD=x30 DATA=0x00000001
SPIKE: PC=0x800006b4 INST=0x01cfaf33 RD=x30 DATA=0x00000001
('RESULT:', 'PASS')
--------------------------------------
RTL  : PC=0x800006b8 INST=0x01e07cb3 RD=x25 DATA=0x00000000
SPIKE: PC=0x800006b8 INST=0x01e07cb3 RD=x25 DATA=0x00000000
('RESULT:', 'PASS')
--------------------------------------
RTL  : PC=0x800006bc INST=0x0088b9b3 RD=x19 DATA=0x00000000
SPIKE: PC=0x800006bc INST=0x0088b9b3 RD=x19 DATA=0x00000000
('RESULT:', 'PASS')
--------------------------------------
RTL  : PC=0x800006c0 INST=0xe0428b13 RD=x22 DATA=0x0040044b
SPIKE: PC=0x800006c0 INST=0xe0428b13 RD=x22 DATA=0x0040044b
('RESULT:', 'PASS')
--------------------------------------
RTL  : PC=0x800006c4 INST=0xe22c4393 RD=x7 DATA=0xfffffe24
SPIKE: PC=0x800006c4 INST=0xe22c4393 RD=x7 DATA=0xfffffe24
('RESULT:', 'PASS')
--------------------------------------
RTL  : PC=0x800006c8 INST=0x41edd413 RD=x8 DATA=0x00000000
SPIKE: PC=0x800006c8 INST=0x41edd413 RD=x8 DATA=0x00000000
('RESULT:', 'PASS')
--------------------------------------
RTL  : PC=0x800006cc INST=0x00412303 RD=x6 DATA=0x8000047c
SPIKE: PC=0x800006cc INST=0x00412303 RD=x6 DATA=0x8000047c
('RESULT:', 'PASS')
--------------------------------------
RTL  : PC=0x800006d0 INST=0x013fa3b3 RD=x7 DATA=0x00000001
SPIKE: PC=0x800006d0 INST=0x013fa3b3 RD=x7 DATA=0x00000001
('RESULT:', 'PASS')
--------------------------------------
RTL  : PC=0x800006d4 INST=0x002a9e13 RD=x28 DATA=0x00000000
SPIKE: PC=0x800006d4 INST=0x002a9e13 RD=x28 DATA=0x00000000
('RESULT:', 'PASS')
--------------------------------------
RTL  : PC=0x800006d8 INST=0x01010113 RD=x2 DATA=0x8001661c
SPIKE: PC=0x800006d8 INST=0x01010113 RD=x2 DATA=0x8001661c
('RESULT:', 'PASS')
--------------------------------------
RTL  : PC=0x800006dc INST=0x00b87b33 RD=x22 DATA=0x00000000
SPIKE: PC=0x800006dc INST=0x00b87b33 RD=x22 DATA=0x00000000
('RESULT:', 'PASS')
--------------------------------------
RTL  : PC=0x800006e0 INST=0x2f4aaf93 RD=x31 DATA=0x00000001
SPIKE: PC=0x800006e0 INST=0x2f4aaf93 RD=x31 DATA=0x00000001
('RESULT:', 'PASS')
--------------------------------------
RTL  : PC=0x800006e4 INST=0x00130513 RD=x10 DATA=0x8000047d
SPIKE: PC=0x800006e4 INST=0x00130513 RD=x10 DATA=0x8000047d
('RESULT:', 'PASS')
--------------------------------------
RTL  : PC=0x800006e8 INST=0x00050567 RD=x10 DATA=0x800006ec
SPIKE: PC=0x800006e8 INST=0x00050567 RD=x10 DATA=0x800006ec
('RESULT:', 'PASS')
--------------------------------------
RTL  : PC=0x8000047c INST=0xb5b77a13 RD=x20 DATA=0x34600000
SPIKE: PC=0x8000047c INST=0xb5b77a13 RD=x20 DATA=0x34600000
('RESULT:', 'PASS')
--------------------------------------
RTL  : PC=0x80000480 INST=0x42b7f313 RD=x6 DATA=0x00000028
SPIKE: PC=0x80000480 INST=0x42b7f313 RD=x6 DATA=0x00000028
('RESULT:', 'PASS')
--------------------------------------
RTL  : PC=0x80000484 INST=0x41aa5f33 RD=x30 DATA=0x00003460
SPIKE: PC=0x80000484 INST=0x41aa5f33 RD=x30 DATA=0x00003460
('RESULT:', 'PASS')
--------------------------------------
RTL  : PC=0x80000488 INST=0x98d3cf13 RD=x30 DATA=0xfffff98c
SPIKE: PC=0x80000488 INST=0x98d3cf13 RD=x30 DATA=0xfffff98c
('RESULT:', 'PASS')
--------------------------------------
RTL  : PC=0x8000048c INST=0x01cbc2b3 RD=x5 DATA=0xd365f23a
SPIKE: PC=0x8000048c INST=0x01cbc2b3 RD=x5 DATA=0xd365f23a
('RESULT:', 'PASS')
--------------------------------------
RTL  : PC=0x80000490 INST=0x016e5fb3 RD=x31 DATA=0x00000000
SPIKE: PC=0x80000490 INST=0x016e5fb3 RD=x31 DATA=0x00000000
('RESULT:', 'PASS')
--------------------------------------
RTL  : PC=0x80000494 INST=0x008e99b3 RD=x19 DATA=0x800006f4
SPIKE: PC=0x80000494 INST=0x008e99b3 RD=x19 DATA=0x800006f4
('RESULT:', 'PASS')
--------------------------------------
RTL  : PC=0x80000498 INST=0x40e6d7b3 RD=x15 DATA=0x00167622
SPIKE: PC=0x80000498 INST=0x40e6d7b3 RD=x15 DATA=0x00167622
('RESULT:', 'PASS')
--------------------------------------
RTL  : PC=0x8000049c INST=0x010dbcb3 RD=x25 DATA=0x00000001
SPIKE: PC=0x8000049c INST=0x010dbcb3 RD=x25 DATA=0x00000001
('RESULT:', 'PASS')
--------------------------------------
RTL  : PC=0x800004a0 INST=0x00c242b3 RD=x5 DATA=0xd8d59224
SPIKE: PC=0x800004a0 INST=0x00c242b3 RD=x5 DATA=0xd8d59224
('RESULT:', 'PASS')
--------------------------------------
RTL  : PC=0x800004a4 INST=0x2d924737 RD=x14 DATA=0x2d924000
SPIKE: PC=0x800004a4 INST=0x2d924737 RD=x14 DATA=0x2d924000
('RESULT:', 'PASS')
--------------------------------------
RTL  : PC=0x800004a8 INST=0x01cd5a13 RD=x20 DATA=0x0000000f
SPIKE: PC=0x800004a8 INST=0x01cd5a13 RD=x20 DATA=0x0000000f
('RESULT:', 'PASS')
--------------------------------------
RTL  : PC=0x800004ac INST=0x01f70f33 RD=x30 DATA=0x2d924000
SPIKE: PC=0x800004ac INST=0x01f70f33 RD=x30 DATA=0x2d924000
('RESULT:', 'PASS')
--------------------------------------
RTL  : PC=0x800004b0 INST=0xd0bb8097 RD=x1 DATA=0x50bb84b0
SPIKE: PC=0x800004b0 INST=0xd0bb8097 RD=x1 DATA=0x50bb84b0
('RESULT:', 'PASS')
--------------------------------------
BRANCH DETECTED
SPIKE: PC=0x800004b4 INST=0x01814e63
RTL  : PC=0x800004b4 INST=0x01814e63
--------------------------------------
>>> BRANCH TAKEN: 0x800004b4 -> 0x800004d0
RTL  : PC=0x800004d0 INST=0x01fbef33 RD=x30 DATA=0xd365f23a
SPIKE: PC=0x800004d0 INST=0x01fbef33 RD=x30 DATA=0xd365f23a
('RESULT:', 'PASS')
--------------------------------------
RTL  : PC=0x800004d4 INST=0x412d0433 RD=x8 DATA=0xfa906010
SPIKE: PC=0x800004d4 INST=0x412d0433 RD=x8 DATA=0xfa906010
('RESULT:', 'PASS')
--------------------------------------
RTL  : PC=0x800004d8 INST=0xaf03fa13 RD=x20 DATA=0x00000000
SPIKE: PC=0x800004d8 INST=0xaf03fa13 RD=x20 DATA=0x00000000
('RESULT:', 'PASS')
--------------------------------------
RTL  : PC=0x800004dc INST=0x00274db3 RD=x27 DATA=0xad93261c
SPIKE: PC=0x800004dc INST=0x00274db3 RD=x27 DATA=0xad93261c
('RESULT:', 'PASS')
--------------------------------------
RTL  : PC=0x800004e0 INST=0x011891b3 RD=x3 DATA=0xc0000000
SPIKE: PC=0x800004e0 INST=0x011891b3 RD=x3 DATA=0xc0000000
('RESULT:', 'PASS')
--------------------------------------
RTL  : PC=0x800004e4 INST=0x52b3a413 RD=x8 DATA=0x00000001
SPIKE: PC=0x800004e4 INST=0x52b3a413 RD=x8 DATA=0x00000001
('RESULT:', 'PASS')
--------------------------------------
RTL  : PC=0x800004e8 INST=0x73987693 RD=x13 DATA=0x00000000
SPIKE: PC=0x800004e8 INST=0x73987693 RD=x13 DATA=0x00000000
('RESULT:', 'PASS')
--------------------------------------
RTL  : PC=0x800004ec INST=0xf531b393 RD=x7 DATA=0x00000001
SPIKE: PC=0x800004ec INST=0xf531b393 RD=x7 DATA=0x00000001
('RESULT:', 'PASS')
--------------------------------------
RTL  : PC=0x800004f0 INST=0x00a7c433 RD=x8 DATA=0x801670ce
SPIKE: PC=0x800004f0 INST=0x00a7c433 RD=x8 DATA=0x801670ce
('RESULT:', 'PASS')
--------------------------------------
RTL  : PC=0x800004f4 INST=0x015a2933 RD=x18 DATA=0x00000000
SPIKE: PC=0x800004f4 INST=0x015a2933 RD=x18 DATA=0x00000000
('RESULT:', 'PASS')
--------------------------------------
RTL  : PC=0x800004f8 INST=0xc0f50913 RD=x18 DATA=0x800002fb
SPIKE: PC=0x800004f8 INST=0xc0f50913 RD=x18 DATA=0x800002fb
('RESULT:', 'PASS')
--------------------------------------
RTL  : PC=0x800004fc INST=0xa76d4817 RD=x16 DATA=0x276d44fc
SPIKE: PC=0x800004fc INST=0xa76d4817 RD=x16 DATA=0x276d44fc
('RESULT:', 'PASS')
--------------------------------------
RTL  : PC=0x80000500 INST=0x40ccd033 RD=x0 DATA=0x00000000
SPIKE: PC=0x80000500 INST=0x40ccd033
('RESULT:', 'PASS (NO WB)')
--------------------------------------
RTL  : PC=0x80000504 INST=0x009ef5b3 RD=x11 DATA=0x00000000
SPIKE: PC=0x80000504 INST=0x009ef5b3 RD=x11 DATA=0x00000000
('RESULT:', 'PASS')
--------------------------------------
RTL  : PC=0x80000508 INST=0x01ccdcb3 RD=x25 DATA=0x00000001
SPIKE: PC=0x80000508 INST=0x01ccdcb3 RD=x25 DATA=0x00000001
('RESULT:', 'PASS')
--------------------------------------
RTL  : PC=0x8000050c INST=0x41e552b3 RD=x5 DATA=0xffffffe0
SPIKE: PC=0x8000050c INST=0x41e552b3 RD=x5 DATA=0xffffffe0
('RESULT:', 'PASS')
--------------------------------------
RTL  : PC=0x80000510 INST=0x004485b3 RD=x11 DATA=0x00000003
SPIKE: PC=0x80000510 INST=0x004485b3 RD=x11 DATA=0x00000003
('RESULT:', 'PASS')
--------------------------------------
BRANCH DETECTED
SPIKE: PC=0x80000514 INST=0x024f8063
RTL  : PC=0x80000514 INST=0x024f8063
--------------------------------------
RTL  : PC=0x80000518 INST=0x00b05013 RD=x0 DATA=0x00000000
SPIKE: PC=0x80000518 INST=0x00b05013
('RESULT:', 'PASS (NO WB)')
--------------------------------------
RTL  : PC=0x8000051c INST=0x5fe33ab7 RD=x21 DATA=0x5fe33000
SPIKE: PC=0x8000051c INST=0x5fe33ab7 RD=x21 DATA=0x5fe33000
('RESULT:', 'PASS')
--------------------------------------
RTL  : PC=0x80000520 INST=0x009f5433 RD=x8 DATA=0xd365f23a
SPIKE: PC=0x80000520 INST=0x009f5433 RD=x8 DATA=0xd365f23a
('RESULT:', 'PASS')
--------------------------------------
RTL  : PC=0x80000524 INST=0x00b996b3 RD=x13 DATA=0x000037a0
SPIKE: PC=0x80000524 INST=0x00b996b3 RD=x13 DATA=0x000037a0
('RESULT:', 'PASS')
--------------------------------------
RTL  : PC=0x80000528 INST=0x27242093 RD=x1 DATA=0x00000001
SPIKE: PC=0x80000528 INST=0x27242093 RD=x1 DATA=0x00000001
('RESULT:', 'PASS')
--------------------------------------
BRANCH DETECTED
SPIKE: PC=0x8000052c INST=0x0196de63
RTL  : PC=0x8000052c INST=0x0196de63
--------------------------------------
>>> BRANCH TAKEN: 0x8000052c -> 0x80000548
RTL  : PC=0x80000548 INST=0x013477b3 RD=x15 DATA=0x80000230
SPIKE: PC=0x80000548 INST=0x013477b3 RD=x15 DATA=0x80000230
('RESULT:', 'PASS')
--------------------------------------
RTL  : PC=0x8000054c INST=0x0044d713 RD=x14 DATA=0x00000000
SPIKE: PC=0x8000054c INST=0x0044d713 RD=x14 DATA=0x00000000
('RESULT:', 'PASS')
--------------------------------------
RTL  : PC=0x80000550 INST=0x0082b6b3 RD=x13 DATA=0x00000000
SPIKE: PC=0x80000550 INST=0x0082b6b3 RD=x13 DATA=0x00000000
('RESULT:', 'PASS')
--------------------------------------
BRANCH DETECTED
SPIKE: PC=0x80000554 INST=0x02b7ce63
RTL  : PC=0x80000554 INST=0x02b7ce63
--------------------------------------
>>> BRANCH TAKEN: 0x80000554 -> 0x80000590
BRANCH DETECTED
SPIKE: PC=0x80000590 INST=0x023a9e63
RTL  : PC=0x80000590 INST=0x023a9e63
--------------------------------------
>>> BRANCH TAKEN: 0x80000590 -> 0x800005cc
RTL  : PC=0x800005cc INST=0xfc49cb93 RD=x23 DATA=0x7ffff930
SPIKE: PC=0x800005cc INST=0xfc49cb93 RD=x23 DATA=0x7ffff930
('RESULT:', 'PASS')
--------------------------------------
BRANCH DETECTED
SPIKE: PC=0x800005d0 INST=0x005bee63
RTL  : PC=0x800005d0 INST=0x005bee63
--------------------------------------
>>> BRANCH TAKEN: 0x800005d0 -> 0x800005ec
RTL  : PC=0x800005ec INST=0x001f9813 RD=x16 DATA=0x00000000
SPIKE: PC=0x800005ec INST=0x001f9813 RD=x16 DATA=0x00000000
('RESULT:', 'PASS')
--------------------------------------
RTL  : PC=0x800005f0 INST=0x00f2bab3 RD=x21 DATA=0x00000000
SPIKE: PC=0x800005f0 INST=0x00f2bab3 RD=x21 DATA=0x00000000
('RESULT:', 'PASS')
--------------------------------------
RTL  : PC=0x800005f4 INST=0xf7a0ef97 RD=x31 DATA=0x77a0e5f4
SPIKE: PC=0x800005f4 INST=0xf7a0ef97 RD=x31 DATA=0x77a0e5f4
('RESULT:', 'PASS')
--------------------------------------
RTL  : PC=0x800005f8 INST=0x00412303 RD=x6 DATA=0x800001c4
SPIKE: PC=0x800005f8 INST=0x00412303 RD=x6 DATA=0x800001c4
('RESULT:', 'PASS')
--------------------------------------
RTL  : PC=0x800005fc INST=0x00432bb3 RD=x23 DATA=0x00000001
SPIKE: PC=0x800005fc INST=0x00432bb3 RD=x23 DATA=0x00000001
('RESULT:', 'PASS')
--------------------------------------
RTL  : PC=0x80000600 INST=0x41ef0bb3 RD=x23 DATA=0x00000000
SPIKE: PC=0x80000600 INST=0x41ef0bb3 RD=x23 DATA=0x00000000
('RESULT:', 'PASS')
--------------------------------------
RTL  : PC=0x80000604 INST=0x01250cb3 RD=x25 DATA=0x000009e7
SPIKE: PC=0x80000604 INST=0x01250cb3 RD=x25 DATA=0x000009e7
('RESULT:', 'PASS')
--------------------------------------
RTL  : PC=0x80000608 INST=0x00000013 RD=x0 DATA=0x00000000
SPIKE: PC=0x80000608 INST=0x00000013
('RESULT:', 'PASS (NOP)')
--------------------------------------
RTL  : PC=0x8000060c INST=0x65d7ae13 RD=x28 DATA=0x00000001
SPIKE: PC=0x8000060c INST=0x65d7ae13 RD=x28 DATA=0x00000001
('RESULT:', 'PASS')
--------------------------------------
RTL  : PC=0x80000610 INST=0x00810113 RD=x2 DATA=0x80016624
SPIKE: PC=0x80000610 INST=0x00810113 RD=x2 DATA=0x80016624
('RESULT:', 'PASS')
--------------------------------------
RTL  : PC=0x80000614 INST=0x00420033 RD=x0 DATA=0x00000006
SPIKE: PC=0x80000614 INST=0x00420033
('RESULT:', 'PASS (NO WB)')
--------------------------------------
RTL  : PC=0x80000618 INST=0x00030e93 RD=x29 DATA=0x800001c4
SPIKE: PC=0x80000618 INST=0x00030e93 RD=x29 DATA=0x800001c4
('RESULT:', 'PASS')
--------------------------------------
RTL  : PC=0x8000061c INST=0x000e8ee7 RD=x29 DATA=0x80000620
SPIKE: PC=0x8000061c INST=0x000e8ee7 RD=x29 DATA=0x80000620
('RESULT:', 'PASS')
--------------------------------------
RTL  : PC=0x800001c4 INST=0x0380036f RD=x6 DATA=0x800001c8
SPIKE: PC=0x800001c4 INST=0x0380036f RD=x6 DATA=0x800001c8
('RESULT:', 'PASS')
--------------------------------------
RTL  : PC=0x800001fc INST=0x010000ef RD=x1 DATA=0x80000200
SPIKE: PC=0x800001fc INST=0x010000ef RD=x1 DATA=0x80000200
('RESULT:', 'PASS')
--------------------------------------
RTL  : PC=0x8000020c INST=0xfcdff26f RD=x4 DATA=0x80000210
SPIKE: PC=0x8000020c INST=0xfcdff26f RD=x4 DATA=0x80000210
('RESULT:', 'PASS')
--------------------------------------
RTL  : PC=0x800001d8 INST=0x008000ef RD=x1 DATA=0x800001dc
SPIKE: PC=0x800001d8 INST=0x008000ef RD=x1 DATA=0x800001dc
('RESULT:', 'PASS')
--------------------------------------
RTL  : PC=0x800001e0 INST=0x0180036f RD=x6 DATA=0x800001e4
SPIKE: PC=0x800001e0 INST=0x0180036f RD=x6 DATA=0x800001e4
('RESULT:', 'PASS')
--------------------------------------
RTL  : PC=0x800001f8 INST=0xfd5ff0ef RD=x1 DATA=0x800001fc
SPIKE: PC=0x800001f8 INST=0xfd5ff0ef RD=x1 DATA=0x800001fc
('RESULT:', 'PASS')
--------------------------------------
RTL  : PC=0x800001cc INST=0x028000ef RD=x1 DATA=0x800001d0
SPIKE: PC=0x800001cc INST=0x028000ef RD=x1 DATA=0x800001d0
('RESULT:', 'PASS')
--------------------------------------
RTL  : PC=0x800001f4 INST=0xfe9ff36f RD=x6 DATA=0x800001f8
SPIKE: PC=0x800001f4 INST=0xfe9ff36f RD=x6 DATA=0x800001f8
('RESULT:', 'PASS')
--------------------------------------
RTL  : PC=0x800001dc INST=0x010000ef RD=x1 DATA=0x800001e0
SPIKE: PC=0x800001dc INST=0x010000ef RD=x1 DATA=0x800001e0
('RESULT:', 'PASS')
--------------------------------------
RTL  : PC=0x800001ec INST=0xfe5ffd6f RD=x26 DATA=0x800001f0
SPIKE: PC=0x800001ec INST=0xfe5ffd6f RD=x26 DATA=0x800001f0
('RESULT:', 'PASS')
--------------------------------------
RTL  : PC=0x800001d0 INST=0x030000ef RD=x1 DATA=0x800001d4
SPIKE: PC=0x800001d0 INST=0x030000ef RD=x1 DATA=0x800001d4
('RESULT:', 'PASS')
--------------------------------------
RTL  : PC=0x80000200 INST=0xff1ff0ef RD=x1 DATA=0x80000204
SPIKE: PC=0x80000200 INST=0xff1ff0ef RD=x1 DATA=0x80000204
('RESULT:', 'PASS')
--------------------------------------
RTL  : PC=0x800001f0 INST=0xfd9ff86f RD=x16 DATA=0x800001f4
SPIKE: PC=0x800001f0 INST=0xfd9ff86f RD=x16 DATA=0x800001f4
('RESULT:', 'PASS')
--------------------------------------
RTL  : PC=0x800001c8 INST=0x048000ef RD=x1 DATA=0x800001cc
SPIKE: PC=0x800001c8 INST=0x048000ef RD=x1 DATA=0x800001cc
('RESULT:', 'PASS')
--------------------------------------
RTL  : PC=0x80000210 INST=0xff9ffb6f RD=x22 DATA=0x80000214
SPIKE: PC=0x80000210 INST=0xff9ffb6f RD=x22 DATA=0x80000214
('RESULT:', 'PASS')
--------------------------------------
RTL  : PC=0x80000208 INST=0xffdff9ef RD=x19 DATA=0x8000020c
SPIKE: PC=0x80000208 INST=0xffdff9ef RD=x19 DATA=0x8000020c
('RESULT:', 'PASS')
--------------------------------------
RTL  : PC=0x80000204 INST=0x010003ef RD=x7 DATA=0x80000208
SPIKE: PC=0x80000204 INST=0x010003ef RD=x7 DATA=0x80000208
('RESULT:', 'PASS')
--------------------------------------
RTL  : PC=0x80000214 INST=0xfd5ff0ef RD=x1 DATA=0x80000218
SPIKE: PC=0x80000214 INST=0xfd5ff0ef RD=x1 DATA=0x80000218
('RESULT:', 'PASS')
--------------------------------------
RTL  : PC=0x800001e8 INST=0xfedff0ef RD=x1 DATA=0x800001ec
SPIKE: PC=0x800001e8 INST=0xfedff0ef RD=x1 DATA=0x800001ec
('RESULT:', 'PASS')
--------------------------------------
RTL  : PC=0x800001d4 INST=0x0440036f RD=x6 DATA=0x800001d8
SPIKE: PC=0x800001d4 INST=0x0440036f RD=x6 DATA=0x800001d8
('RESULT:', 'PASS')
--------------------------------------
RTL  : PC=0x80000218 INST=0xfcdff0ef RD=x1 DATA=0x8000021c
SPIKE: PC=0x80000218 INST=0xfcdff0ef RD=x1 DATA=0x8000021c
('RESULT:', 'PASS')
--------------------------------------
RTL  : PC=0x800001e4 INST=0x038000ef RD=x1 DATA=0x800001e8
SPIKE: PC=0x800001e4 INST=0x038000ef RD=x1 DATA=0x800001e8
('RESULT:', 'PASS')
--------------------------------------
RTL  : PC=0x8000021c INST=0x120b6f93 RD=x31 DATA=0x80000334
SPIKE: PC=0x8000021c INST=0x120b6f93 RD=x31 DATA=0x80000334
('RESULT:', 'PASS')
--------------------------------------
BRANCH DETECTED
SPIKE: PC=0x80000220 INST=0x01bf8263
RTL  : PC=0x80000220 INST=0x01bf8263
--------------------------------------
RTL  : PC=0x80000224 INST=0x41385233 RD=x4 DATA=0xfff80000
SPIKE: PC=0x80000224 INST=0x41385233 RD=x4 DATA=0xfff80000
('RESULT:', 'PASS')
--------------------------------------
RTL  : PC=0x80000228 INST=0x015263b3 RD=x7 DATA=0xfff80000
SPIKE: PC=0x80000228 INST=0x015263b3 RD=x7 DATA=0xfff80000
('RESULT:', 'PASS')
--------------------------------------
RTL  : PC=0x8000022c INST=0xd61a4313 RD=x6 DATA=0xfffffd61
SPIKE: PC=0x8000022c INST=0xd61a4313 RD=x6 DATA=0xfffffd61
('RESULT:', 'PASS')
--------------------------------------
RTL  : PC=0x80000230 INST=0x1fa52513 RD=x10 DATA=0x00000001
SPIKE: PC=0x80000230 INST=0x1fa52513 RD=x10 DATA=0x00000001
('RESULT:', 'PASS')
--------------------------------------
RTL  : PC=0x80000234 INST=0x018ab333 RD=x6 DATA=0x00000001
SPIKE: PC=0x80000234 INST=0x018ab333 RD=x6 DATA=0x00000001
('RESULT:', 'PASS')
--------------------------------------
BRANCH DETECTED
SPIKE: PC=0x80000238 INST=0x04367663
RTL  : PC=0x80000238 INST=0x04367663
--------------------------------------
>>> BRANCH TAKEN: 0x80000238 -> 0x80000284
RTL  : PC=0x80000284 INST=0x01479813 RD=x16 DATA=0x23000000
SPIKE: PC=0x80000284 INST=0x01479813 RD=x16 DATA=0x23000000
('RESULT:', 'PASS')
--------------------------------------
BRANCH DETECTED
SPIKE: PC=0x80000288 INST=0x0635fc63
RTL  : PC=0x80000288 INST=0x0635fc63
--------------------------------------
BRANCH DETECTED
SPIKE: PC=0x8000028c INST=0x0241e863
RTL  : PC=0x8000028c INST=0x0241e863
--------------------------------------
>>> BRANCH TAKEN: 0x8000028c -> 0x800002bc
RTL  : PC=0x800002bc INST=0xc8c67913 RD=x18 DATA=0xd8d59004
SPIKE: PC=0x800002bc INST=0xc8c67913 RD=x18 DATA=0xd8d59004
('RESULT:', 'PASS')
--------------------------------------
RTL  : PC=0x800002c0 INST=0x4a813897 RD=x17 DATA=0xca8132c0
SPIKE: PC=0x800002c0 INST=0x4a813897 RD=x17 DATA=0xca8132c0
('RESULT:', 'PASS')
--------------------------------------
RTL  : PC=0x800002c4 INST=0x63c6e993 RD=x19 DATA=0x0000063c
SPIKE: PC=0x800002c4 INST=0x63c6e993 RD=x19 DATA=0x0000063c
('RESULT:', 'PASS')
--------------------------------------
RTL  : PC=0x800002c8 INST=0x4142c713 RD=x14 DATA=0xfffffbf4
SPIKE: PC=0x800002c8 INST=0x4142c713 RD=x14 DATA=0xfffffbf4
('RESULT:', 'PASS')
--------------------------------------
RTL  : PC=0x800002cc INST=0x00000517 RD=x10 DATA=0x800002cc
SPIKE: PC=0x800002cc INST=0x00000517 RD=x10 DATA=0x800002cc
('RESULT:', 'PASS')
--------------------------------------
RTL  : PC=0x800002d0 INST=0x12c50513 RD=x10 DATA=0x800003f8
SPIKE: PC=0x800002d0 INST=0x12c50513 RD=x10 DATA=0x800003f8
('RESULT:', 'PASS')
--------------------------------------
RTL  : PC=0x800002d4 INST=0x04804993 RD=x19 DATA=0x00000048
SPIKE: PC=0x800002d4 INST=0x04804993 RD=x19 DATA=0x00000048
('RESULT:', 'PASS')
--------------------------------------
RTL  : PC=0x800002d8 INST=0x0016f2b3 RD=x5 DATA=0x00000000
SPIKE: PC=0x800002d8 INST=0x0016f2b3 RD=x5 DATA=0x00000000
('RESULT:', 'PASS')
--------------------------------------
RTL  : PC=0x800002dc INST=0x00fb9713 RD=x14 DATA=0x00000000
SPIKE: PC=0x800002dc INST=0x00fb9713 RD=x14 DATA=0x00000000
('RESULT:', 'PASS')
--------------------------------------
RTL  : PC=0x800002e0 INST=0x28850513 RD=x10 DATA=0x80000680
SPIKE: PC=0x800002e0 INST=0x28850513 RD=x10 DATA=0x80000680
('RESULT:', 'PASS')
--------------------------------------
RTL  : PC=0x800002e4 INST=0x400f0b33 RD=x22 DATA=0xd365f23a
SPIKE: PC=0x800002e4 INST=0x400f0b33 RD=x22 DATA=0xd365f23a
('RESULT:', 'PASS')
--------------------------------------
RTL  : PC=0x800002e8 INST=0x01b52bb3 RD=x23 DATA=0x00000001
SPIKE: PC=0x800002e8 INST=0x01b52bb3 RD=x23 DATA=0x00000001
('RESULT:', 'PASS')
--------------------------------------
RTL  : PC=0x800002ec INST=0x9919a213 RD=x4 DATA=0x00000000
SPIKE: PC=0x800002ec INST=0x9919a213 RD=x4 DATA=0x00000000
('RESULT:', 'PASS')
--------------------------------------
RTL  : PC=0x800002f0 INST=0x013f0ab3 RD=x21 DATA=0xd365f282
SPIKE: PC=0x800002f0 INST=0x013f0ab3 RD=x21 DATA=0xd365f282
('RESULT:', 'PASS')
--------------------------------------
RTL  : PC=0x800002f4 INST=0xd7850367 RD=x6 DATA=0x800002f8
SPIKE: PC=0x800002f4 INST=0xd7850367 RD=x6 DATA=0x800002f8
('RESULT:', 'PASS')
--------------------------------------
RTL  : PC=0x800003f8 INST=0x00000013 RD=x0 DATA=0x00000000
SPIKE: PC=0x800003f8 INST=0x00000013
('RESULT:', 'PASS (NOP)')
--------------------------------------
RTL  : PC=0x800003fc INST=0xff810113 RD=x2 DATA=0x8001661c
SPIKE: PC=0x800003fc INST=0xff810113 RD=x2 DATA=0x8001661c
('RESULT:', 'PASS')
--------------------------------------
RTL  : PC=0x80000400 INST=0x007d59b3 RD=x19 DATA=0x800001f0
SPIKE: PC=0x80000400 INST=0x007d59b3 RD=x19 DATA=0x800001f0
('RESULT:', 'PASS')
--------------------------------------
RTL  : PC=0x80000404 INST=0x00fc5f13 RD=x30 DATA=0x00000000
SPIKE: PC=0x80000404 INST=0x00fc5f13 RD=x30 DATA=0x00000000
('RESULT:', 'PASS')
--------------------------------------
RTL  : PC=0x80000408 INST=0x015a1713 RD=x14 DATA=0x00000000
SPIKE: PC=0x80000408 INST=0x015a1713 RD=x14 DATA=0x00000000
('RESULT:', 'PASS')
--------------------------------------
RTL  : PC=0x80000410 INST=0x00acd413 RD=x8 DATA=0x00000002
SPIKE: PC=0x80000410 INST=0x00acd413 RD=x8 DATA=0x00000002
('RESULT:', 'PASS')
--------------------------------------
RTL  : PC=0x80000414 INST=0x007ebfb3 RD=x31 DATA=0x00000001
SPIKE: PC=0x80000414 INST=0x007ebfb3 RD=x31 DATA=0x00000001
('RESULT:', 'PASS')
--------------------------------------
RTL  : PC=0x80000418 INST=0xb3386b13 RD=x22 DATA=0xfffffb33
SPIKE: PC=0x80000418 INST=0xb3386b13 RD=x22 DATA=0xfffffb33
('RESULT:', 'PASS')
--------------------------------------
RTL  : PC=0x8000041c INST=0x01866933 RD=x18 DATA=0xd8d59227
SPIKE: PC=0x8000041c INST=0x01866933 RD=x18 DATA=0xd8d59227
('RESULT:', 'PASS')
--------------------------------------
RTL  : PC=0x80000420 INST=0x41c0d393 RD=x7 DATA=0xfffffff8
SPIKE: PC=0x80000420 INST=0x41c0d393 RD=x7 DATA=0xfffffff8
('RESULT:', 'PASS')
--------------------------------------
RTL  : PC=0x80000424 INST=0x01423f33 RD=x30 DATA=0x00000000
SPIKE: PC=0x80000424 INST=0x01423f33 RD=x30 DATA=0x00000000
('RESULT:', 'PASS')
--------------------------------------
RTL  : PC=0x80000428 INST=0x01bf5a13 RD=x20 DATA=0x00000000
SPIKE: PC=0x80000428 INST=0x01bf5a13 RD=x20 DATA=0x00000000
('RESULT:', 'PASS')
--------------------------------------
RTL  : PC=0x8000042c INST=0x00000f97 RD=x31 DATA=0x8000042c
SPIKE: PC=0x8000042c INST=0x00000f97 RD=x31 DATA=0x8000042c
('RESULT:', 'PASS')
--------------------------------------
RTL  : PC=0x80000430 INST=0xf18f8f93 RD=x31 DATA=0x80000344
SPIKE: PC=0x80000430 INST=0xf18f8f93 RD=x31 DATA=0x80000344
('RESULT:', 'PASS')
--------------------------------------
RTL  : PC=0x80000434 INST=0xcf0f8f93 RD=x31 DATA=0x80000034
SPIKE: PC=0x80000434 INST=0xcf0f8f93 RD=x31 DATA=0x80000034
('RESULT:', 'PASS')
--------------------------------------
RTL  : PC=0x80000438 INST=0xf1a9f413 RD=x8 DATA=0x80000110
SPIKE: PC=0x80000438 INST=0xf1a9f413 RD=x8 DATA=0x80000110
('RESULT:', 'PASS')
--------------------------------------
RTL  : PC=0x8000043c INST=0xc43565b7 RD=x11 DATA=0xc4356000
SPIKE: PC=0x8000043c INST=0xc43565b7 RD=x11 DATA=0xc4356000
('RESULT:', 'PASS')
--------------------------------------
RTL  : PC=0x80000440 INST=0x00f57c97 RD=x25 DATA=0x80f57440
SPIKE: PC=0x80000440 INST=0x00f57c97 RD=x25 DATA=0x80f57440
('RESULT:', 'PASS')
--------------------------------------
RTL  : PC=0x80000444 INST=0x01be1e93 RD=x29 DATA=0x08000000
SPIKE: PC=0x80000444 INST=0x01be1e93 RD=x29 DATA=0x08000000
('RESULT:', 'PASS')
--------------------------------------
RTL  : PC=0x80000448 INST=0xcd7f4e13 RD=x28 DATA=0xfffffcd7
SPIKE: PC=0x80000448 INST=0xcd7f4e13 RD=x28 DATA=0xfffffcd7
('RESULT:', 'PASS')
--------------------------------------
RTL  : PC=0x8000044c INST=0x414f85b3 RD=x11 DATA=0x80000034
SPIKE: PC=0x8000044c INST=0x414f85b3 RD=x11 DATA=0x80000034
('RESULT:', 'PASS')
--------------------------------------
RTL  : PC=0x80000450 INST=0x311f8367 RD=x6 DATA=0x80000454
SPIKE: PC=0x80000450 INST=0x311f8367 RD=x6 DATA=0x80000454
('RESULT:', 'PASS')
--------------------------------------
BRANCH DETECTED
SPIKE: PC=0x80000344 INST=0x00bfd663
RTL  : PC=0x80000344 INST=0x00bfd663
--------------------------------------
>>> BRANCH TAKEN: 0x80000344 -> 0x80000350
RTL  : PC=0x80000350 INST=0xfe810113 RD=x2 DATA=0x80016604
SPIKE: PC=0x80000350 INST=0xfe810113 RD=x2 DATA=0x80016604
('RESULT:', 'PASS')
--------------------------------------
RTL  : PC=0x80000354 INST=0x0020f933 RD=x18 DATA=0x80000000
SPIKE: PC=0x80000354 INST=0x0020f933 RD=x18 DATA=0x80000000
('RESULT:', 'PASS')
--------------------------------------
RTL  : PC=0x8000035c INST=0x6c05ce93 RD=x29 DATA=0x800006f4
SPIKE: PC=0x8000035c INST=0x6c05ce93 RD=x29 DATA=0x800006f4
('RESULT:', 'PASS')
--------------------------------------
RTL  : PC=0x80000360 INST=0x08d2e017 RD=x0 DATA=0x88d2e360
SPIKE: PC=0x80000360 INST=0x08d2e017
('RESULT:', 'PASS (NO WB)')
--------------------------------------
RTL  : PC=0x80000364 INST=0x00511a93 RD=x21 DATA=0x002cc080
SPIKE: PC=0x80000364 INST=0x00511a93 RD=x21 DATA=0x002cc080
('RESULT:', 'PASS')
--------------------------------------
RTL  : PC=0x80000368 INST=0x41e18e33 RD=x28 DATA=0xc0000000
SPIKE: PC=0x80000368 INST=0x41e18e33 RD=x28 DATA=0xc0000000
('RESULT:', 'PASS')
--------------------------------------
RTL  : PC=0x8000036c INST=0xdaf4d217 RD=x4 DATA=0x5af4d36c
SPIKE: PC=0x8000036c INST=0xdaf4d217 RD=x4 DATA=0x5af4d36c
('RESULT:', 'PASS')
--------------------------------------
BRANCH DETECTED
SPIKE: PC=0x80000370 INST=0x0263de63
RTL  : PC=0x80000370 INST=0x0263de63
--------------------------------------
>>> BRANCH TAKEN: 0x80000370 -> 0x800003ac
BRANCH DETECTED
SPIKE: PC=0x800003ac INST=0x01b25863
RTL  : PC=0x800003ac INST=0x01b25863
--------------------------------------
>>> BRANCH TAKEN: 0x800003ac -> 0x800003bc
RTL  : PC=0x800003bc INST=0x009ed193 RD=x3 DATA=0x00400003
SPIKE: PC=0x800003bc INST=0x009ed193 RD=x3 DATA=0x00400003
('RESULT:', 'PASS')
--------------------------------------
RTL  : PC=0x800003c0 INST=0x003e5293 RD=x5 DATA=0x18000000
SPIKE: PC=0x800003c0 INST=0x003e5293 RD=x5 DATA=0x18000000
('RESULT:', 'PASS')
--------------------------------------
RTL  : PC=0x800003c4 INST=0x00412303 RD=x6 DATA=0x80000454
SPIKE: PC=0x800003c4 INST=0x00412303 RD=x6 DATA=0x80000454
('RESULT:', 'PASS')
--------------------------------------
RTL  : PC=0x800003c8 INST=0xcf1ce0b7 RD=x1 DATA=0xcf1ce000
SPIKE: PC=0x800003c8 INST=0xcf1ce0b7 RD=x1 DATA=0xcf1ce000
('RESULT:', 'PASS')
--------------------------------------
RTL  : PC=0x800003cc INST=0x41a98833 RD=x16 DATA=0x00000000
SPIKE: PC=0x800003cc INST=0x41a98833 RD=x16 DATA=0x00000000
('RESULT:', 'PASS')
--------------------------------------
RTL  : PC=0x800003d0 INST=0x00639913 RD=x18 DATA=0xfffffe00
SPIKE: PC=0x800003d0 INST=0x00639913 RD=x18 DATA=0xfffffe00
('RESULT:', 'PASS')
--------------------------------------
RTL  : PC=0x800003d4 INST=0x01810113 RD=x2 DATA=0x8001661c
SPIKE: PC=0x800003d4 INST=0x01810113 RD=x2 DATA=0x8001661c
('RESULT:', 'PASS')
--------------------------------------
RTL  : PC=0x800003d8 INST=0x01f289b3 RD=x19 DATA=0x98000034
SPIKE: PC=0x800003d8 INST=0x01f289b3 RD=x19 DATA=0x98000034
('RESULT:', 'PASS')
--------------------------------------
RTL  : PC=0x800003dc INST=0x7b5c3a93 RD=x21 DATA=0x00000001
SPIKE: PC=0x800003dc INST=0x7b5c3a93 RD=x21 DATA=0x00000001
('RESULT:', 'PASS')
--------------------------------------
RTL  : PC=0x800003e0 INST=0x01e06033 RD=x0 DATA=0x00000000
SPIKE: PC=0x800003e0 INST=0x01e06033
('RESULT:', 'PASS (NO WB)')
--------------------------------------
RTL  : PC=0x800003e4 INST=0x00e39a93 RD=x21 DATA=0xfffe0000
SPIKE: PC=0x800003e4 INST=0x00e39a93 RD=x21 DATA=0xfffe0000
('RESULT:', 'PASS')
--------------------------------------
RTL  : PC=0x800003e8 INST=0x01d49013 RD=x0 DATA=0x00000000
SPIKE: PC=0x800003e8 INST=0x01d49013
('RESULT:', 'PASS (NO WB)')
--------------------------------------
RTL  : PC=0x800003ec INST=0xefbcb513 RD=x10 DATA=0x00000001
SPIKE: PC=0x800003ec INST=0xefbcb513 RD=x10 DATA=0x00000001
('RESULT:', 'PASS')
--------------------------------------
RTL  : PC=0x800003f0 INST=0x00030b13 RD=x22 DATA=0x80000454
SPIKE: PC=0x800003f0 INST=0x00030b13 RD=x22 DATA=0x80000454
('RESULT:', 'PASS')
--------------------------------------
RTL  : PC=0x800003f4 INST=0x000b0b67 RD=x22 DATA=0x800003f8
SPIKE: PC=0x800003f4 INST=0x000b0b67 RD=x22 DATA=0x800003f8
('RESULT:', 'PASS')
--------------------------------------
RTL  : PC=0x80000454 INST=0x00000f97 RD=x31 DATA=0x80000454
SPIKE: PC=0x80000454 INST=0x00000f97 RD=x31 DATA=0x80000454
('RESULT:', 'PASS')
--------------------------------------
RTL  : PC=0x80000458 INST=0x1ccf8f93 RD=x31 DATA=0x80000620
SPIKE: PC=0x80000458 INST=0x1ccf8f93 RD=x31 DATA=0x80000620
('RESULT:', 'PASS')
--------------------------------------
RTL  : PC=0x8000045c INST=0x386f8f93 RD=x31 DATA=0x800009a6
SPIKE: PC=0x8000045c INST=0x386f8f93 RD=x31 DATA=0x800009a6
('RESULT:', 'PASS')
--------------------------------------
RTL  : PC=0x80000460 INST=0x41518f33 RD=x30 DATA=0x00420003
SPIKE: PC=0x80000460 INST=0x41518f33 RD=x30 DATA=0x00420003
('RESULT:', 'PASS')
--------------------------------------
RTL  : PC=0x80000464 INST=0x585ba293 RD=x5 DATA=0x00000001
SPIKE: PC=0x80000464 INST=0x585ba293 RD=x5 DATA=0x00000001
('RESULT:', 'PASS')
--------------------------------------
RTL  : PC=0x80000468 INST=0x40955833 RD=x16 DATA=0x00000001
SPIKE: PC=0x80000468 INST=0x40955833 RD=x16 DATA=0x00000001
('RESULT:', 'PASS')
--------------------------------------
RTL  : PC=0x8000046c INST=0x40a75d93 RD=x27 DATA=0x00000000
SPIKE: PC=0x8000046c INST=0x40a75d93 RD=x27 DATA=0x00000000
('RESULT:', 'PASS')
--------------------------------------
BRANCH DETECTED
SPIKE: PC=0x80000470 INST=0x00e9d463
RTL  : PC=0x80000470 INST=0x00e9d463
--------------------------------------
RTL  : PC=0x80000474 INST=0x537cfb13 RD=x22 DATA=0x00000400
SPIKE: PC=0x80000474 INST=0x537cfb13 RD=x22 DATA=0x00000400
('RESULT:', 'PASS')
--------------------------------------
RTL  : PC=0x80000478 INST=0xc7bf8367 RD=x6 DATA=0x8000047c
SPIKE: PC=0x80000478 INST=0xc7bf8367 RD=x6 DATA=0x8000047c
('RESULT:', 'PASS')
--------------------------------------
BRANCH DETECTED
SPIKE: PC=0x80000620 INST=0x00719663
RTL  : PC=0x80000620 INST=0x00719663
--------------------------------------
>>> BRANCH TAKEN: 0x80000620 -> 0x8000062c
RTL  : PC=0x8000062c INST=0xff010113 RD=x2 DATA=0x8001660c
SPIKE: PC=0x8000062c INST=0xff010113 RD=x2 DATA=0x8001660c
('RESULT:', 'PASS')
--------------------------------------
RTL  : PC=0x80000630 INST=0x41105533 RD=x10 DATA=0x00000000
SPIKE: PC=0x80000630 INST=0x41105533 RD=x10 DATA=0x00000000
('RESULT:', 'PASS')
--------------------------------------
RTL  : PC=0x80000638 INST=0x01cbdcb3 RD=x25 DATA=0x00000001
SPIKE: PC=0x80000638 INST=0x01cbdcb3 RD=x25 DATA=0x00000001
('RESULT:', 'PASS')
--------------------------------------
RTL  : PC=0x8000063c INST=0x01bd83b3 RD=x7 DATA=0x00000000
SPIKE: PC=0x8000063c INST=0x01bd83b3 RD=x7 DATA=0x00000000
('RESULT:', 'PASS')
--------------------------------------
RTL  : PC=0x80000640 INST=0x400358b3 RD=x17 DATA=0x8000047c
SPIKE: PC=0x80000640 INST=0x400358b3 RD=x17 DATA=0x8000047c
('RESULT:', 'PASS')
--------------------------------------
RTL  : PC=0x80000644 INST=0x01ed60b3 RD=x1 DATA=0x804201f3
SPIKE: PC=0x80000644 INST=0x01ed60b3 RD=x1 DATA=0x804201f3
('RESULT:', 'PASS')
--------------------------------------
RTL  : PC=0x80000648 INST=0x407257b3 RD=x15 DATA=0x5af4d36c
SPIKE: PC=0x80000648 INST=0x407257b3 RD=x15 DATA=0x5af4d36c
('RESULT:', 'PASS')
--------------------------------------
RTL  : PC=0x8000064c INST=0x40f78b33 RD=x22 DATA=0x00000000
SPIKE: PC=0x8000064c INST=0x40f78b33 RD=x22 DATA=0x00000000
('RESULT:', 'PASS')
--------------------------------------
RTL  : PC=0x80000650 INST=0x6461e293 RD=x5 DATA=0x00400647
SPIKE: PC=0x80000650 INST=0x6461e293 RD=x5 DATA=0x00400647
('RESULT:', 'PASS')
--------------------------------------
RTL  : PC=0x80000654 INST=0xf84eee13 RD=x28 DATA=0xfffffff4
SPIKE: PC=0x80000654 INST=0xf84eee13 RD=x28 DATA=0xfffffff4
('RESULT:', 'PASS')
--------------------------------------
RTL  : PC=0x80000658 INST=0x00675233 RD=x4 DATA=0x00000000
SPIKE: PC=0x80000658 INST=0x00675233 RD=x4 DATA=0x00000000
('RESULT:', 'PASS')
--------------------------------------
RTL  : PC=0x8000065c INST=0x00000013 RD=x0 DATA=0x00000000
SPIKE: PC=0x8000065c INST=0x00000013
('RESULT:', 'PASS (NOP)')
--------------------------------------
RTL  : PC=0x80000660 INST=0x005f1513 RD=x10 DATA=0x08400060
SPIKE: PC=0x80000660 INST=0x005f1513 RD=x10 DATA=0x08400060
('RESULT:', 'PASS')
--------------------------------------
RTL  : PC=0x80000664 INST=0x004d05b3 RD=x11 DATA=0x800001f0
SPIKE: PC=0x80000664 INST=0x004d05b3 RD=x11 DATA=0x800001f0
('RESULT:', 'PASS')
--------------------------------------
RTL  : PC=0x80000668 INST=0x79b40093 RD=x1 DATA=0x800008ab
SPIKE: PC=0x80000668 INST=0x79b40093 RD=x1 DATA=0x800008ab
('RESULT:', 'PASS')
--------------------------------------
RTL  : PC=0x8000066c INST=0x00f3c433 RD=x8 DATA=0x5af4d36c
SPIKE: PC=0x8000066c INST=0x00f3c433 RD=x8 DATA=0x5af4d36c
('RESULT:', 'PASS')
--------------------------------------
RTL  : PC=0x80000670 INST=0x00206333 RD=x6 DATA=0x8001660c
SPIKE: PC=0x80000670 INST=0x00206333 RD=x6 DATA=0x8001660c
('RESULT:', 'PASS')
--------------------------------------
RTL  : PC=0x80000674 INST=0xbc58a813 RD=x16 DATA=0x00000001
SPIKE: PC=0x80000674 INST=0xbc58a813 RD=x16 DATA=0x00000001
('RESULT:', 'PASS')
--------------------------------------
RTL  : PC=0x80000678 INST=0x00c58bb3 RD=x23 DATA=0x58d59417
SPIKE: PC=0x80000678 INST=0x00c58bb3 RD=x23 DATA=0x58d59417
('RESULT:', 'PASS')
--------------------------------------
RTL  : PC=0x8000067c INST=0x451bca13 RD=x20 DATA=0x58d59046
SPIKE: PC=0x8000067c INST=0x451bca13 RD=x20 DATA=0x58d59046
('RESULT:', 'PASS')
--------------------------------------
RTL  : PC=0x80000680 INST=0x5f95a593 RD=x11 DATA=0x00000001
SPIKE: PC=0x80000680 INST=0x5f95a593 RD=x11 DATA=0x00000001
('RESULT:', 'PASS')
--------------------------------------
RTL  : PC=0x80000684 INST=0x0136adb3 RD=x27 DATA=0x00000000
SPIKE: PC=0x80000684 INST=0x0136adb3 RD=x27 DATA=0x00000000
('RESULT:', 'PASS')
--------------------------------------
BRANCH DETECTED
SPIKE: PC=0x80000688 INST=0x01ea0c63
RTL  : PC=0x80000688 INST=0x01ea0c63
--------------------------------------
RTL  : PC=0x8000068c INST=0x004c7833 RD=x16 DATA=0x00000000
SPIKE: PC=0x8000068c INST=0x004c7833 RD=x16 DATA=0x00000000
('RESULT:', 'PASS')
--------------------------------------
BRANCH DETECTED
SPIKE: PC=0x80000690 INST=0x0297f263
RTL  : PC=0x80000690 INST=0x0297f263
--------------------------------------
>>> BRANCH TAKEN: 0x80000690 -> 0x800006b4
RTL  : PC=0x800006b4 INST=0x01cfaf33 RD=x30 DATA=0x00000001
SPIKE: PC=0x800006b4 INST=0x01cfaf33 RD=x30 DATA=0x00000001
('RESULT:', 'PASS')
--------------------------------------
RTL  : PC=0x800006b8 INST=0x01e07cb3 RD=x25 DATA=0x00000000
SPIKE: PC=0x800006b8 INST=0x01e07cb3 RD=x25 DATA=0x00000000
('RESULT:', 'PASS')
--------------------------------------
RTL  : PC=0x800006bc INST=0x0088b9b3 RD=x19 DATA=0x00000000
SPIKE: PC=0x800006bc INST=0x0088b9b3 RD=x19 DATA=0x00000000
('RESULT:', 'PASS')
--------------------------------------
RTL  : PC=0x800006c0 INST=0xe0428b13 RD=x22 DATA=0x0040044b
SPIKE: PC=0x800006c0 INST=0xe0428b13 RD=x22 DATA=0x0040044b
('RESULT:', 'PASS')
--------------------------------------
RTL  : PC=0x800006c4 INST=0xe22c4393 RD=x7 DATA=0xfffffe24
SPIKE: PC=0x800006c4 INST=0xe22c4393 RD=x7 DATA=0xfffffe24
('RESULT:', 'PASS')
--------------------------------------
RTL  : PC=0x800006c8 INST=0x41edd413 RD=x8 DATA=0x00000000
SPIKE: PC=0x800006c8 INST=0x41edd413 RD=x8 DATA=0x00000000
('RESULT:', 'PASS')
--------------------------------------
RTL  : PC=0x800006cc INST=0x00412303 RD=x6 DATA=0x8000047c
SPIKE: PC=0x800006cc INST=0x00412303 RD=x6 DATA=0x8000047c
('RESULT:', 'PASS')
--------------------------------------
RTL  : PC=0x800006d0 INST=0x013fa3b3 RD=x7 DATA=0x00000001
SPIKE: PC=0x800006d0 INST=0x013fa3b3 RD=x7 DATA=0x00000001
('RESULT:', 'PASS')
--------------------------------------
RTL  : PC=0x800006d4 INST=0x002a9e13 RD=x28 DATA=0xfff80000
SPIKE: PC=0x800006d4 INST=0x002a9e13 RD=x28 DATA=0xfff80000
('RESULT:', 'PASS')
--------------------------------------
RTL  : PC=0x800006d8 INST=0x01010113 RD=x2 DATA=0x8001661c
SPIKE: PC=0x800006d8 INST=0x01010113 RD=x2 DATA=0x8001661c
('RESULT:', 'PASS')
--------------------------------------
RTL  : PC=0x800006dc INST=0x00b87b33 RD=x22 DATA=0x00000000
SPIKE: PC=0x800006dc INST=0x00b87b33 RD=x22 DATA=0x00000000
('RESULT:', 'PASS')
--------------------------------------
RTL  : PC=0x800006e0 INST=0x2f4aaf93 RD=x31 DATA=0x00000001
SPIKE: PC=0x800006e0 INST=0x2f4aaf93 RD=x31 DATA=0x00000001
('RESULT:', 'PASS')
--------------------------------------
RTL  : PC=0x800006e4 INST=0x00130513 RD=x10 DATA=0x8000047d
SPIKE: PC=0x800006e4 INST=0x00130513 RD=x10 DATA=0x8000047d
('RESULT:', 'PASS')
--------------------------------------
RTL  : PC=0x800006e8 INST=0x00050567 RD=x10 DATA=0x800006ec
SPIKE: PC=0x800006e8 INST=0x00050567 RD=x10 DATA=0x800006ec
('RESULT:', 'PASS')
--------------------------------------
RTL  : PC=0x8000047c INST=0xb5b77a13 RD=x20 DATA=0x00000000
SPIKE: PC=0x8000047c INST=0xb5b77a13 RD=x20 DATA=0x00000000
('RESULT:', 'PASS')
--------------------------------------
RTL  : PC=0x80000480 INST=0x42b7f313 RD=x6 DATA=0x00000028
SPIKE: PC=0x80000480 INST=0x42b7f313 RD=x6 DATA=0x00000028
('RESULT:', 'PASS')
--------------------------------------
RTL  : PC=0x80000484 INST=0x41aa5f33 RD=x30 DATA=0x00000000
SPIKE: PC=0x80000484 INST=0x41aa5f33 RD=x30 DATA=0x00000000
('RESULT:', 'PASS')
--------------------------------------
RTL  : PC=0x80000488 INST=0x98d3cf13 RD=x30 DATA=0xfffff98c
SPIKE: PC=0x80000488 INST=0x98d3cf13 RD=x30 DATA=0xfffff98c
('RESULT:', 'PASS')
--------------------------------------
RTL  : PC=0x8000048c INST=0x01cbc2b3 RD=x5 DATA=0xa72d9417
SPIKE: PC=0x8000048c INST=0x01cbc2b3 RD=x5 DATA=0xa72d9417
('RESULT:', 'PASS')
--------------------------------------
RTL  : PC=0x80000490 INST=0x016e5fb3 RD=x31 DATA=0xfff80000
SPIKE: PC=0x80000490 INST=0x016e5fb3 RD=x31 DATA=0xfff80000
('RESULT:', 'PASS')
--------------------------------------
RTL  : PC=0x80000494 INST=0x008e99b3 RD=x19 DATA=0x800006f4
SPIKE: PC=0x80000494 INST=0x008e99b3 RD=x19 DATA=0x800006f4
('RESULT:', 'PASS')
--------------------------------------
RTL  : PC=0x80000498 INST=0x40e6d7b3 RD=x15 DATA=0x00000000
SPIKE: PC=0x80000498 INST=0x40e6d7b3 RD=x15 DATA=0x00000000
('RESULT:', 'PASS')
--------------------------------------
RTL  : PC=0x8000049c INST=0x010dbcb3 RD=x25 DATA=0x00000000
SPIKE: PC=0x8000049c INST=0x010dbcb3 RD=x25 DATA=0x00000000
('RESULT:', 'PASS')
--------------------------------------
RTL  : PC=0x800004a0 INST=0x00c242b3 RD=x5 DATA=0xd8d59227
SPIKE: PC=0x800004a0 INST=0x00c242b3 RD=x5 DATA=0xd8d59227
('RESULT:', 'PASS')
--------------------------------------
RTL  : PC=0x800004a4 INST=0x2d924737 RD=x14 DATA=0x2d924000
SPIKE: PC=0x800004a4 INST=0x2d924737 RD=x14 DATA=0x2d924000
('RESULT:', 'PASS')
--------------------------------------
RTL  : PC=0x800004a8 INST=0x01cd5a13 RD=x20 DATA=0x00000008
SPIKE: PC=0x800004a8 INST=0x01cd5a13 RD=x20 DATA=0x00000008
('RESULT:', 'PASS')
--------------------------------------
RTL  : PC=0x800004ac INST=0x01f70f33 RD=x30 DATA=0x2d8a4000
SPIKE: PC=0x800004ac INST=0x01f70f33 RD=x30 DATA=0x2d8a4000
('RESULT:', 'PASS')
--------------------------------------
RTL  : PC=0x800004b0 INST=0xd0bb8097 RD=x1 DATA=0x50bb84b0
SPIKE: PC=0x800004b0 INST=0xd0bb8097 RD=x1 DATA=0x50bb84b0
('RESULT:', 'PASS')
--------------------------------------
BRANCH DETECTED
SPIKE: PC=0x800004b4 INST=0x01814e63
RTL  : PC=0x800004b4 INST=0x01814e63
--------------------------------------
>>> BRANCH TAKEN: 0x800004b4 -> 0x800004d0
RTL  : PC=0x800004d0 INST=0x01fbef33 RD=x30 DATA=0xfffd9417
SPIKE: PC=0x800004d0 INST=0x01fbef33 RD=x30 DATA=0xfffd9417
('RESULT:', 'PASS')
--------------------------------------
RTL  : PC=0x800004d4 INST=0x412d0433 RD=x8 DATA=0x800003f0
SPIKE: PC=0x800004d4 INST=0x412d0433 RD=x8 DATA=0x800003f0
('RESULT:', 'PASS')
--------------------------------------
RTL  : PC=0x800004d8 INST=0xaf03fa13 RD=x20 DATA=0x00000000
SPIKE: PC=0x800004d8 INST=0xaf03fa13 RD=x20 DATA=0x00000000
('RESULT:', 'PASS')
--------------------------------------
RTL  : PC=0x800004dc INST=0x00274db3 RD=x27 DATA=0xad93261c
SPIKE: PC=0x800004dc INST=0x00274db3 RD=x27 DATA=0xad93261c
('RESULT:', 'PASS')
--------------------------------------
RTL  : PC=0x800004e0 INST=0x011891b3 RD=x3 DATA=0xc0000000
SPIKE: PC=0x800004e0 INST=0x011891b3 RD=x3 DATA=0xc0000000
('RESULT:', 'PASS')
--------------------------------------
RTL  : PC=0x800004e4 INST=0x52b3a413 RD=x8 DATA=0x00000001
SPIKE: PC=0x800004e4 INST=0x52b3a413 RD=x8 DATA=0x00000001
('RESULT:', 'PASS')
--------------------------------------
RTL  : PC=0x800004e8 INST=0x73987693 RD=x13 DATA=0x00000000
SPIKE: PC=0x800004e8 INST=0x73987693 RD=x13 DATA=0x00000000
('RESULT:', 'PASS')
--------------------------------------
RTL  : PC=0x800004ec INST=0xf531b393 RD=x7 DATA=0x00000001
SPIKE: PC=0x800004ec INST=0xf531b393 RD=x7 DATA=0x00000001
('RESULT:', 'PASS')
--------------------------------------
RTL  : PC=0x800004f0 INST=0x00a7c433 RD=x8 DATA=0x800006ec
SPIKE: PC=0x800004f0 INST=0x00a7c433 RD=x8 DATA=0x800006ec
('RESULT:', 'PASS')
--------------------------------------
RTL  : PC=0x800004f4 INST=0x015a2933 RD=x18 DATA=0x00000000
SPIKE: PC=0x800004f4 INST=0x015a2933 RD=x18 DATA=0x00000000
('RESULT:', 'PASS')
--------------------------------------
RTL  : PC=0x800004f8 INST=0xc0f50913 RD=x18 DATA=0x800002fb
SPIKE: PC=0x800004f8 INST=0xc0f50913 RD=x18 DATA=0x800002fb
('RESULT:', 'PASS')
--------------------------------------
RTL  : PC=0x800004fc INST=0xa76d4817 RD=x16 DATA=0x276d44fc
SPIKE: PC=0x800004fc INST=0xa76d4817 RD=x16 DATA=0x276d44fc
('RESULT:', 'PASS')
--------------------------------------
RTL  : PC=0x80000500 INST=0x40ccd033 RD=x0 DATA=0x00000000
SPIKE: PC=0x80000500 INST=0x40ccd033
('RESULT:', 'PASS (NO WB)')
--------------------------------------
RTL  : PC=0x80000504 INST=0x009ef5b3 RD=x11 DATA=0x00000000
SPIKE: PC=0x80000504 INST=0x009ef5b3 RD=x11 DATA=0x00000000
('RESULT:', 'PASS')
--------------------------------------
RTL  : PC=0x80000508 INST=0x01ccdcb3 RD=x25 DATA=0x00000000
SPIKE: PC=0x80000508 INST=0x01ccdcb3 RD=x25 DATA=0x00000000
('RESULT:', 'PASS')
--------------------------------------
RTL  : PC=0x8000050c INST=0x41e552b3 RD=x5 DATA=0xffffff00
SPIKE: PC=0x8000050c INST=0x41e552b3 RD=x5 DATA=0xffffff00
('RESULT:', 'PASS')
--------------------------------------
RTL  : PC=0x80000510 INST=0x004485b3 RD=x11 DATA=0x00000000
SPIKE: PC=0x80000510 INST=0x004485b3 RD=x11 DATA=0x00000000
('RESULT:', 'PASS')
--------------------------------------
BRANCH DETECTED
SPIKE: PC=0x80000514 INST=0x024f8063
RTL  : PC=0x80000514 INST=0x024f8063
--------------------------------------
RTL  : PC=0x80000518 INST=0x00b05013 RD=x0 DATA=0x00000000
SPIKE: PC=0x80000518 INST=0x00b05013
('RESULT:', 'PASS (NO WB)')
--------------------------------------
RTL  : PC=0x8000051c INST=0x5fe33ab7 RD=x21 DATA=0x5fe33000
SPIKE: PC=0x8000051c INST=0x5fe33ab7 RD=x21 DATA=0x5fe33000
('RESULT:', 'PASS')
--------------------------------------
RTL  : PC=0x80000520 INST=0x009f5433 RD=x8 DATA=0xfffd9417
SPIKE: PC=0x80000520 INST=0x009f5433 RD=x8 DATA=0xfffd9417
('RESULT:', 'PASS')
--------------------------------------
RTL  : PC=0x80000524 INST=0x00b996b3 RD=x13 DATA=0x800006f4
SPIKE: PC=0x80000524 INST=0x00b996b3 RD=x13 DATA=0x800006f4
('RESULT:', 'PASS')
--------------------------------------
RTL  : PC=0x80000528 INST=0x27242093 RD=x1 DATA=0x00000001
SPIKE: PC=0x80000528 INST=0x27242093 RD=x1 DATA=0x00000001
('RESULT:', 'PASS')
--------------------------------------
BRANCH DETECTED
SPIKE: PC=0x8000052c INST=0x0196de63
RTL  : PC=0x8000052c INST=0x0196de63
--------------------------------------
RTL  : PC=0x80000530 INST=0x7db8aa17 RD=x20 DATA=0xfdb8a530
SPIKE: PC=0x80000530 INST=0x7db8aa17 RD=x20 DATA=0xfdb8a530
('RESULT:', 'PASS')
--------------------------------------
RTL  : PC=0x80000534 INST=0x00f5b3b3 RD=x7 DATA=0x00000000
SPIKE: PC=0x80000534 INST=0x00f5b3b3 RD=x7 DATA=0x00000000
('RESULT:', 'PASS')
--------------------------------------
RTL  : PC=0x80000538 INST=0x0150f0b3 RD=x1 DATA=0x00000000
SPIKE: PC=0x80000538 INST=0x0150f0b3 RD=x1 DATA=0x00000000
('RESULT:', 'PASS')
--------------------------------------
RTL  : PC=0x8000053c INST=0x01242db3 RD=x27 DATA=0x00000000
SPIKE: PC=0x8000053c INST=0x01242db3 RD=x27 DATA=0x00000000
('RESULT:', 'PASS')
--------------------------------------
BRANCH DETECTED
SPIKE: PC=0x80000540 INST=0x03f27e63
RTL  : PC=0x80000540 INST=0x03f27e63
--------------------------------------
RTL  : PC=0x80000544 INST=0xcfe9f493 RD=x9 DATA=0x800004f4
SPIKE: PC=0x80000544 INST=0xcfe9f493 RD=x9 DATA=0x800004f4
('RESULT:', 'PASS')
--------------------------------------
RTL  : PC=0x80000548 INST=0x013477b3 RD=x15 DATA=0x80000414
SPIKE: PC=0x80000548 INST=0x013477b3 RD=x15 DATA=0x80000414
('RESULT:', 'PASS')
--------------------------------------
RTL  : PC=0x8000054c INST=0x0044d713 RD=x14 DATA=0x0800004f
SPIKE: PC=0x8000054c INST=0x0044d713 RD=x14 DATA=0x0800004f
('RESULT:', 'PASS')
--------------------------------------
RTL  : PC=0x80000550 INST=0x0082b6b3 RD=x13 DATA=0x00000000
SPIKE: PC=0x80000550 INST=0x0082b6b3 RD=x13 DATA=0x00000000
('RESULT:', 'PASS')
--------------------------------------
BRANCH DETECTED
SPIKE: PC=0x80000554 INST=0x02b7ce63
RTL  : PC=0x80000554 INST=0x02b7ce63
--------------------------------------
>>> BRANCH TAKEN: 0x80000554 -> 0x80000590
BRANCH DETECTED
SPIKE: PC=0x80000590 INST=0x023a9e63
RTL  : PC=0x80000590 INST=0x023a9e63
--------------------------------------
>>> BRANCH TAKEN: 0x80000590 -> 0x800005cc
RTL  : PC=0x800005cc INST=0xfc49cb93 RD=x23 DATA=0x7ffff930
SPIKE: PC=0x800005cc INST=0xfc49cb93 RD=x23 DATA=0x7ffff930
('RESULT:', 'PASS')
--------------------------------------
BRANCH DETECTED
SPIKE: PC=0x800005d0 INST=0x005bee63
RTL  : PC=0x800005d0 INST=0x005bee63
--------------------------------------
>>> BRANCH TAKEN: 0x800005d0 -> 0x800005ec
RTL  : PC=0x800005ec INST=0x001f9813 RD=x16 DATA=0xfff00000
SPIKE: PC=0x800005ec INST=0x001f9813 RD=x16 DATA=0xfff00000
('RESULT:', 'PASS')
--------------------------------------
RTL  : PC=0x800005f0 INST=0x00f2bab3 RD=x21 DATA=0x00000000
SPIKE: PC=0x800005f0 INST=0x00f2bab3 RD=x21 DATA=0x00000000
('RESULT:', 'PASS')
--------------------------------------
RTL  : PC=0x800005f4 INST=0xf7a0ef97 RD=x31 DATA=0x77a0e5f4
SPIKE: PC=0x800005f4 INST=0xf7a0ef97 RD=x31 DATA=0x77a0e5f4
('RESULT:', 'PASS')
--------------------------------------
RTL  : PC=0x800005f8 INST=0x00412303 RD=x6 DATA=0x800002f8
SPIKE: PC=0x800005f8 INST=0x00412303 RD=x6 DATA=0x800002f8
('RESULT:', 'PASS')
--------------------------------------
RTL  : PC=0x800005fc INST=0x00432bb3 RD=x23 DATA=0x00000001
SPIKE: PC=0x800005fc INST=0x00432bb3 RD=x23 DATA=0x00000001
('RESULT:', 'PASS')
--------------------------------------
RTL  : PC=0x80000600 INST=0x41ef0bb3 RD=x23 DATA=0x00000000
SPIKE: PC=0x80000600 INST=0x41ef0bb3 RD=x23 DATA=0x00000000
('RESULT:', 'PASS')
--------------------------------------
RTL  : PC=0x80000604 INST=0x01250cb3 RD=x25 DATA=0x000009e7
SPIKE: PC=0x80000604 INST=0x01250cb3 RD=x25 DATA=0x000009e7
('RESULT:', 'PASS')
--------------------------------------
RTL  : PC=0x80000608 INST=0x00000013 RD=x0 DATA=0x00000000
SPIKE: PC=0x80000608 INST=0x00000013
('RESULT:', 'PASS (NOP)')
--------------------------------------
RTL  : PC=0x8000060c INST=0x65d7ae13 RD=x28 DATA=0x00000001
SPIKE: PC=0x8000060c INST=0x65d7ae13 RD=x28 DATA=0x00000001
('RESULT:', 'PASS')
--------------------------------------
RTL  : PC=0x80000610 INST=0x00810113 RD=x2 DATA=0x80016624
SPIKE: PC=0x80000610 INST=0x00810113 RD=x2 DATA=0x80016624
('RESULT:', 'PASS')
--------------------------------------
RTL  : PC=0x80000614 INST=0x00420033 RD=x0 DATA=0x00000000
SPIKE: PC=0x80000614 INST=0x00420033
('RESULT:', 'PASS (NO WB)')
--------------------------------------
RTL  : PC=0x80000618 INST=0x00030e93 RD=x29 DATA=0x800002f8
SPIKE: PC=0x80000618 INST=0x00030e93 RD=x29 DATA=0x800002f8
('RESULT:', 'PASS')
--------------------------------------
RTL  : PC=0x8000061c INST=0x000e8ee7 RD=x29 DATA=0x80000620
SPIKE: PC=0x8000061c INST=0x000e8ee7 RD=x29 DATA=0x80000620
('RESULT:', 'PASS')
--------------------------------------
RTL  : PC=0x800002f8 INST=0x00a769b3 RD=x19 DATA=0x8fffffec
SPIKE: PC=0x800002f8 INST=0x00a769b3 RD=x19 DATA=0x880006ef
('RESULT:', 'FAIL_DATA')
--------------------------------------
RTL  : PC=0x800002fc INST=0x000b0fb3 RD=x31 DATA=0x00000000
SPIKE: PC=0x800002fc INST=0x000b0fb3 RD=x31 DATA=0x00000000
('RESULT:', 'PASS')
--------------------------------------
RTL  : PC=0x80000300 INST=0x004dbfb3 RD=x31 DATA=0x00000001
SPIKE: PC=0x80000300 INST=0x004dbfb3 RD=x31 DATA=0x00000000
('RESULT:', 'FAIL_DATA')
--------------------------------------
BRANCH DETECTED
SPIKE: PC=0x80000304 INST=0x00796463
RTL  : PC=0x80000304 INST=0x00796463
--------------------------------------
ERROR: Cannot realign RTL

======================================
('TOTAL FAILURES:', 2)
