xrun(64): 20.09-s009: (c) Copyright 1995-2021 Cadence Design Systems, Inc.
TOOL:	xrun(64)	20.09-s009: Started on May 11, 2026 at 12:08:28 IST
xrun
	-sv
	-uvm
	+svseed=random
	-access +rwc
	-f compile.f
		+incdir+./verification
		+incdir+./rtl
		./verification/intf.sv
		./verification/int_pkg.sv
		./verification/tb_top.sv
		./rtl/interrupt_recieve.v
		./rtl/zic_irg.v
		./rtl/zic_mmr_op_mux.v
		./rtl/zic_mmr_top.v
		./rtl/zic_top.v
		./rtl/priority_resolve.v
		./rtl/zic_mmr_ctrl.v
		./rtl/zic_mmr_reg_file.v
		./rtl/zilla_interrupt_control.v
	+UVM_TESTNAME=int_base_test
Loading snapshot worklib.tb_top:sv .................... Done
SVSEED set randomly from command line: -1499539565
xmsim: *W,RNDXCELON: A newer version of the SystemVerilog constraint solver is being used which has better support for array-solving, new solve-order mechanism, and seed stability enhancements..
xmsim: *W,DSEM2009: This SystemVerilog design is simulated as per IEEE 1800-2009 SystemVerilog simulation semantics. Use -disable_sem2009 option for turning off SV 2009 simulation semantics.
xcelium> source /tools/cadence_march2021/XCELIUM2009/tools/xcelium/files/xmsimrc
xcelium> source /tools/cadence_march2021/XCELIUM2009/tools/methodology/UVM/CDNS-1.1d/additions/sv/files/tcl/uvm_sim.tcl
xcelium> run
----------------------------------------------------------------
CDNS-UVM-1.1d (20.09-s009)
(C) 2007-2013 Mentor Graphics Corporation
(C) 2007-2013 Cadence Design Systems, Inc.
(C) 2006-2013 Synopsys, Inc.
(C) 2011-2013 Cypress Semiconductor Corp.
----------------------------------------------------------------

  ***********       IMPORTANT RELEASE NOTES         ************

  You are using a version of the UVM library that has been compiled
  with `UVM_NO_DEPRECATED undefined.
  See http://www.eda.org/svdb/view.php?id=3313 for more details.

  You are using a version of the UVM library that has been compiled
  with `UVM_OBJECT_MUST_HAVE_CONSTRUCTOR undefined.
  See http://www.eda.org/svdb/view.php?id=3770 for more details.

      (Specify +UVM_NO_RELNOTES to turn off this notice)

UVM_INFO @ 0: reporter [RNTST] Running test int_base_test...
UVM_INFO @ 0: reporter [UVMTOP] UVM testbench topology:
--------------------------------------------------------------
Name                       Type                    Size  Value
--------------------------------------------------------------
uvm_test_top               int_base_test           -     @2705
  env                      int_env                 -     @2764
    agent                  int_agent               -     @2795
      drv                  int_driver              -     @3545
        rsp_port           uvm_analysis_port       -     @3644
        seq_item_port      uvm_seq_item_pull_port  -     @3595
      mon                  int_monitor             -     @3624
        mon_ap             uvm_analysis_port       -     @3723
      sqr                  int_sequencer           -     @2908
        rsp_export         uvm_analysis_export     -     @2966
        seq_item_export    uvm_seq_item_pull_imp   -     @3514
        arbitration_queue  array                   0     -    
        lock_queue         array                   0     -    
        num_last_reqs      integral                32    'd1  
        num_last_rsps      integral                32    'd1  
    scb                    int_scoreboard          -     @2825
      sb_imp               uvm_analysis_imp        -     @2874
--------------------------------------------------------------

UVM_INFO ./verification/int_driver.sv(117) @ 0: uvm_test_top.env.agent.drv [DRV] Driver run_phase started
UVM_INFO ./verification/int_seq.sv(61) @ 0: uvm_test_top.env.agent.sqr@@seq [RAND48_SEQ] Random all-48 test: irq_mask=0xafbc38753d9 expected_irq=24 expected_ack=0x28 expected_prio=0xf3
UVM_INFO ./verification/int_driver.sv(54) @ 0: uvm_test_top.env.agent.drv [DRV] RESET transaction received
UVM_INFO ./verification/int_monitor.sv(201) @ 5000: uvm_test_top.env.agent.mon [MON_PREDICT] ack_compare=0 pending=0 ext_int=0x0 en=0x0 | EXP valid=0 irq=0 ack=0x0 lvl_pr=0x0 | ACT irq=0 ack=0x0 lvl_pr=0x0
UVM_INFO ./verification/int_monitor.sv(201) @ 15000: uvm_test_top.env.agent.mon [MON_PREDICT] ack_compare=0 pending=0 ext_int=0x0 en=0x0 | EXP valid=0 irq=0 ack=0x0 lvl_pr=0x0 | ACT irq=0 ack=0x0 lvl_pr=0x0
UVM_INFO ./verification/int_monitor.sv(201) @ 25000: uvm_test_top.env.agent.mon [MON_PREDICT] ack_compare=0 pending=0 ext_int=0x0 en=0x0 | EXP valid=0 irq=0 ack=0x0 lvl_pr=0x0 | ACT irq=0 ack=0x0 lvl_pr=0x0
UVM_INFO ./verification/int_monitor.sv(201) @ 35000: uvm_test_top.env.agent.mon [MON_PREDICT] ack_compare=0 pending=0 ext_int=0x0 en=0x0 | EXP valid=0 irq=0 ack=0x0 lvl_pr=0x0 | ACT irq=0 ack=0x0 lvl_pr=0x0
UVM_INFO ./verification/int_monitor.sv(201) @ 45000: uvm_test_top.env.agent.mon [MON_PREDICT] ack_compare=0 pending=0 ext_int=0x0 en=0x0 | EXP valid=0 irq=0 ack=0x0 lvl_pr=0x0 | ACT irq=0 ack=0x0 lvl_pr=0x0
UVM_INFO ./verification/int_monitor.sv(201) @ 55000: uvm_test_top.env.agent.mon [MON_PREDICT] ack_compare=0 pending=0 ext_int=0x0 en=0x0 | EXP valid=0 irq=0 ack=0x0 lvl_pr=0x0 | ACT irq=0 ack=0x0 lvl_pr=0x0
UVM_INFO ./verification/int_monitor.sv(201) @ 65000: uvm_test_top.env.agent.mon [MON_PREDICT] ack_compare=0 pending=0 ext_int=0x0 en=0x0 | EXP valid=0 irq=0 ack=0x0 lvl_pr=0x0 | ACT irq=0 ack=0x0 lvl_pr=0x0
UVM_INFO ./verification/int_monitor.sv(201) @ 75000: uvm_test_top.env.agent.mon [MON_PREDICT] ack_compare=0 pending=0 ext_int=0x0 en=0x0 | EXP valid=0 irq=0 ack=0x0 lvl_pr=0x0 | ACT irq=0 ack=0x0 lvl_pr=0x0
UVM_INFO ./verification/int_driver.sv(70) @ 85000: uvm_test_top.env.agent.drv [DRV] RESET done
UVM_INFO ./verification/int_monitor.sv(201) @ 85000: uvm_test_top.env.agent.mon [MON_PREDICT] ack_compare=0 pending=0 ext_int=0x0 en=0x0 | EXP valid=0 irq=0 ack=0x0 lvl_pr=0x0 | ACT irq=0 ack=0x0 lvl_pr=0x0
UVM_INFO ./verification/int_driver.sv(129) @ 85000: uvm_test_top.env.agent.drv [DRV] Normal transaction received
UVM_INFO ./verification/int_monitor.sv(108) @ 95000: uvm_test_top.env.agent.mon [MON_MIRROR] IRQ0 CTL mirror updated: addr=0x1003 data=0xbc
UVM_INFO ./verification/int_monitor.sv(201) @ 95000: uvm_test_top.env.agent.mon [MON_PREDICT] ack_compare=0 pending=0 ext_int=0x0 en=0x0 | EXP valid=0 irq=0 ack=0x0 lvl_pr=0x0 | ACT irq=0 ack=0x0 lvl_pr=0x0
UVM_INFO ./verification/int_driver.sv(129) @ 95000: uvm_test_top.env.agent.drv [DRV] Normal transaction received
UVM_INFO ./verification/int_monitor.sv(108) @ 105000: uvm_test_top.env.agent.mon [MON_MIRROR] IRQ1 CTL mirror updated: addr=0x1007 data=0xe6
UVM_INFO ./verification/int_monitor.sv(201) @ 105000: uvm_test_top.env.agent.mon [MON_PREDICT] ack_compare=0 pending=0 ext_int=0x0 en=0x0 | EXP valid=0 irq=0 ack=0x0 lvl_pr=0x0 | ACT irq=0 ack=0x0 lvl_pr=0x0
UVM_INFO ./verification/int_driver.sv(129) @ 105000: uvm_test_top.env.agent.drv [DRV] Normal transaction received
UVM_INFO ./verification/int_monitor.sv(108) @ 115000: uvm_test_top.env.agent.mon [MON_MIRROR] IRQ2 CTL mirror updated: addr=0x100b data=0x2d
UVM_INFO ./verification/int_monitor.sv(201) @ 115000: uvm_test_top.env.agent.mon [MON_PREDICT] ack_compare=0 pending=0 ext_int=0x0 en=0x0 | EXP valid=0 irq=0 ack=0x0 lvl_pr=0x0 | ACT irq=0 ack=0x0 lvl_pr=0x0
UVM_INFO ./verification/int_driver.sv(129) @ 115000: uvm_test_top.env.agent.drv [DRV] Normal transaction received
UVM_INFO ./verification/int_monitor.sv(108) @ 125000: uvm_test_top.env.agent.mon [MON_MIRROR] IRQ3 CTL mirror updated: addr=0x100f data=0xe7
UVM_INFO ./verification/int_monitor.sv(201) @ 125000: uvm_test_top.env.agent.mon [MON_PREDICT] ack_compare=0 pending=0 ext_int=0x0 en=0x0 | EXP valid=0 irq=0 ack=0x0 lvl_pr=0x0 | ACT irq=0 ack=0x0 lvl_pr=0x0
UVM_INFO ./verification/int_driver.sv(129) @ 125000: uvm_test_top.env.agent.drv [DRV] Normal transaction received
UVM_INFO ./verification/int_monitor.sv(108) @ 135000: uvm_test_top.env.agent.mon [MON_MIRROR] IRQ4 CTL mirror updated: addr=0x1013 data=0xbe
UVM_INFO ./verification/int_monitor.sv(201) @ 135000: uvm_test_top.env.agent.mon [MON_PREDICT] ack_compare=0 pending=0 ext_int=0x0 en=0x0 | EXP valid=0 irq=0 ack=0x0 lvl_pr=0x0 | ACT irq=0 ack=0x0 lvl_pr=0x0
UVM_INFO ./verification/int_driver.sv(129) @ 135000: uvm_test_top.env.agent.drv [DRV] Normal transaction received
UVM_INFO ./verification/int_monitor.sv(108) @ 145000: uvm_test_top.env.agent.mon [MON_MIRROR] IRQ5 CTL mirror updated: addr=0x1017 data=0x28
UVM_INFO ./verification/int_monitor.sv(201) @ 145000: uvm_test_top.env.agent.mon [MON_PREDICT] ack_compare=0 pending=0 ext_int=0x0 en=0x0 | EXP valid=0 irq=0 ack=0x0 lvl_pr=0x0 | ACT irq=0 ack=0x0 lvl_pr=0x0
UVM_INFO ./verification/int_driver.sv(129) @ 145000: uvm_test_top.env.agent.drv [DRV] Normal transaction received
UVM_INFO ./verification/int_monitor.sv(108) @ 155000: uvm_test_top.env.agent.mon [MON_MIRROR] IRQ6 CTL mirror updated: addr=0x101b data=0x6b
UVM_INFO ./verification/int_monitor.sv(201) @ 155000: uvm_test_top.env.agent.mon [MON_PREDICT] ack_compare=0 pending=0 ext_int=0x0 en=0x0 | EXP valid=0 irq=0 ack=0x0 lvl_pr=0x0 | ACT irq=0 ack=0x0 lvl_pr=0x0
UVM_INFO ./verification/int_driver.sv(129) @ 155000: uvm_test_top.env.agent.drv [DRV] Normal transaction received
UVM_INFO ./verification/int_monitor.sv(108) @ 165000: uvm_test_top.env.agent.mon [MON_MIRROR] IRQ7 CTL mirror updated: addr=0x101f data=0x67
UVM_INFO ./verification/int_monitor.sv(201) @ 165000: uvm_test_top.env.agent.mon [MON_PREDICT] ack_compare=0 pending=0 ext_int=0x0 en=0x0 | EXP valid=0 irq=0 ack=0x0 lvl_pr=0x0 | ACT irq=0 ack=0x0 lvl_pr=0x0
UVM_INFO ./verification/int_driver.sv(129) @ 165000: uvm_test_top.env.agent.drv [DRV] Normal transaction received
UVM_INFO ./verification/int_monitor.sv(108) @ 175000: uvm_test_top.env.agent.mon [MON_MIRROR] IRQ8 CTL mirror updated: addr=0x1023 data=0xa1
UVM_INFO ./verification/int_monitor.sv(201) @ 175000: uvm_test_top.env.agent.mon [MON_PREDICT] ack_compare=0 pending=0 ext_int=0x0 en=0x0 | EXP valid=0 irq=0 ack=0x0 lvl_pr=0x0 | ACT irq=0 ack=0x0 lvl_pr=0x0
UVM_INFO ./verification/int_driver.sv(129) @ 175000: uvm_test_top.env.agent.drv [DRV] Normal transaction received
UVM_INFO ./verification/int_monitor.sv(108) @ 185000: uvm_test_top.env.agent.mon [MON_MIRROR] IRQ9 CTL mirror updated: addr=0x1027 data=0x4a
UVM_INFO ./verification/int_monitor.sv(201) @ 185000: uvm_test_top.env.agent.mon [MON_PREDICT] ack_compare=0 pending=0 ext_int=0x0 en=0x0 | EXP valid=0 irq=0 ack=0x0 lvl_pr=0x0 | ACT irq=0 ack=0x0 lvl_pr=0x0
UVM_INFO ./verification/int_driver.sv(129) @ 185000: uvm_test_top.env.agent.drv [DRV] Normal transaction received
UVM_INFO ./verification/int_monitor.sv(108) @ 195000: uvm_test_top.env.agent.mon [MON_MIRROR] IRQ10 CTL mirror updated: addr=0x102b data=0x8
UVM_INFO ./verification/int_monitor.sv(201) @ 195000: uvm_test_top.env.agent.mon [MON_PREDICT] ack_compare=0 pending=0 ext_int=0x0 en=0x0 | EXP valid=0 irq=0 ack=0x0 lvl_pr=0x0 | ACT irq=0 ack=0x0 lvl_pr=0x0
UVM_INFO ./verification/int_driver.sv(129) @ 195000: uvm_test_top.env.agent.drv [DRV] Normal transaction received
UVM_INFO ./verification/int_monitor.sv(108) @ 205000: uvm_test_top.env.agent.mon [MON_MIRROR] IRQ11 CTL mirror updated: addr=0x102f data=0x69
UVM_INFO ./verification/int_monitor.sv(201) @ 205000: uvm_test_top.env.agent.mon [MON_PREDICT] ack_compare=0 pending=0 ext_int=0x0 en=0x0 | EXP valid=0 irq=0 ack=0x0 lvl_pr=0x0 | ACT irq=0 ack=0x0 lvl_pr=0x0
UVM_INFO ./verification/int_driver.sv(129) @ 205000: uvm_test_top.env.agent.drv [DRV] Normal transaction received
UVM_INFO ./verification/int_monitor.sv(108) @ 215000: uvm_test_top.env.agent.mon [MON_MIRROR] IRQ12 CTL mirror updated: addr=0x1033 data=0x77
UVM_INFO ./verification/int_monitor.sv(201) @ 215000: uvm_test_top.env.agent.mon [MON_PREDICT] ack_compare=0 pending=0 ext_int=0x0 en=0x0 | EXP valid=0 irq=0 ack=0x0 lvl_pr=0x0 | ACT irq=0 ack=0x0 lvl_pr=0x0
UVM_INFO ./verification/int_driver.sv(129) @ 215000: uvm_test_top.env.agent.drv [DRV] Normal transaction received
UVM_INFO ./verification/int_monitor.sv(108) @ 225000: uvm_test_top.env.agent.mon [MON_MIRROR] IRQ13 CTL mirror updated: addr=0x1037 data=0x8c
UVM_INFO ./verification/int_monitor.sv(201) @ 225000: uvm_test_top.env.agent.mon [MON_PREDICT] ack_compare=0 pending=0 ext_int=0x0 en=0x0 | EXP valid=0 irq=0 ack=0x0 lvl_pr=0x0 | ACT irq=0 ack=0x0 lvl_pr=0x0
UVM_INFO ./verification/int_driver.sv(129) @ 225000: uvm_test_top.env.agent.drv [DRV] Normal transaction received
UVM_INFO ./verification/int_monitor.sv(108) @ 235000: uvm_test_top.env.agent.mon [MON_MIRROR] IRQ14 CTL mirror updated: addr=0x103b data=0xc0
UVM_INFO ./verification/int_monitor.sv(201) @ 235000: uvm_test_top.env.agent.mon [MON_PREDICT] ack_compare=0 pending=0 ext_int=0x0 en=0x0 | EXP valid=0 irq=0 ack=0x0 lvl_pr=0x0 | ACT irq=0 ack=0x0 lvl_pr=0x0
UVM_INFO ./verification/int_driver.sv(129) @ 235000: uvm_test_top.env.agent.drv [DRV] Normal transaction received
UVM_INFO ./verification/int_monitor.sv(108) @ 245000: uvm_test_top.env.agent.mon [MON_MIRROR] IRQ15 CTL mirror updated: addr=0x103f data=0x7d
UVM_INFO ./verification/int_monitor.sv(201) @ 245000: uvm_test_top.env.agent.mon [MON_PREDICT] ack_compare=0 pending=0 ext_int=0x0 en=0x0 | EXP valid=0 irq=0 ack=0x0 lvl_pr=0x0 | ACT irq=0 ack=0x0 lvl_pr=0x0
UVM_INFO ./verification/int_driver.sv(129) @ 245000: uvm_test_top.env.agent.drv [DRV] Normal transaction received
UVM_INFO ./verification/int_monitor.sv(108) @ 255000: uvm_test_top.env.agent.mon [MON_MIRROR] IRQ16 CTL mirror updated: addr=0x1043 data=0x1d
UVM_INFO ./verification/int_monitor.sv(201) @ 255000: uvm_test_top.env.agent.mon [MON_PREDICT] ack_compare=0 pending=0 ext_int=0x0 en=0x0 | EXP valid=0 irq=0 ack=0x0 lvl_pr=0x0 | ACT irq=0 ack=0x0 lvl_pr=0x0
UVM_INFO ./verification/int_driver.sv(129) @ 255000: uvm_test_top.env.agent.drv [DRV] Normal transaction received
UVM_INFO ./verification/int_monitor.sv(108) @ 265000: uvm_test_top.env.agent.mon [MON_MIRROR] IRQ17 CTL mirror updated: addr=0x1047 data=0x96
UVM_INFO ./verification/int_monitor.sv(201) @ 265000: uvm_test_top.env.agent.mon [MON_PREDICT] ack_compare=0 pending=0 ext_int=0x0 en=0x0 | EXP valid=0 irq=0 ack=0x0 lvl_pr=0x0 | ACT irq=0 ack=0x0 lvl_pr=0x0
UVM_INFO ./verification/int_driver.sv(129) @ 265000: uvm_test_top.env.agent.drv [DRV] Normal transaction received
UVM_INFO ./verification/int_monitor.sv(108) @ 275000: uvm_test_top.env.agent.mon [MON_MIRROR] IRQ18 CTL mirror updated: addr=0x104b data=0x63
UVM_INFO ./verification/int_monitor.sv(201) @ 275000: uvm_test_top.env.agent.mon [MON_PREDICT] ack_compare=0 pending=0 ext_int=0x0 en=0x0 | EXP valid=0 irq=0 ack=0x0 lvl_pr=0x0 | ACT irq=0 ack=0x0 lvl_pr=0x0
UVM_INFO ./verification/int_driver.sv(129) @ 275000: uvm_test_top.env.agent.drv [DRV] Normal transaction received
UVM_INFO ./verification/int_monitor.sv(108) @ 285000: uvm_test_top.env.agent.mon [MON_MIRROR] IRQ19 CTL mirror updated: addr=0x104f data=0x65
UVM_INFO ./verification/int_monitor.sv(201) @ 285000: uvm_test_top.env.agent.mon [MON_PREDICT] ack_compare=0 pending=0 ext_int=0x0 en=0x0 | EXP valid=0 irq=0 ack=0x0 lvl_pr=0x0 | ACT irq=0 ack=0x0 lvl_pr=0x0
UVM_INFO ./verification/int_driver.sv(129) @ 285000: uvm_test_top.env.agent.drv [DRV] Normal transaction received
UVM_INFO ./verification/int_monitor.sv(108) @ 295000: uvm_test_top.env.agent.mon [MON_MIRROR] IRQ20 CTL mirror updated: addr=0x1053 data=0xc0
UVM_INFO ./verification/int_monitor.sv(201) @ 295000: uvm_test_top.env.agent.mon [MON_PREDICT] ack_compare=0 pending=0 ext_int=0x0 en=0x0 | EXP valid=0 irq=0 ack=0x0 lvl_pr=0x0 | ACT irq=0 ack=0x0 lvl_pr=0x0
UVM_INFO ./verification/int_driver.sv(129) @ 295000: uvm_test_top.env.agent.drv [DRV] Normal transaction received
UVM_INFO ./verification/int_monitor.sv(108) @ 305000: uvm_test_top.env.agent.mon [MON_MIRROR] IRQ21 CTL mirror updated: addr=0x1057 data=0x2
UVM_INFO ./verification/int_monitor.sv(201) @ 305000: uvm_test_top.env.agent.mon [MON_PREDICT] ack_compare=0 pending=0 ext_int=0x0 en=0x0 | EXP valid=0 irq=0 ack=0x0 lvl_pr=0x0 | ACT irq=0 ack=0x0 lvl_pr=0x0
UVM_INFO ./verification/int_driver.sv(129) @ 305000: uvm_test_top.env.agent.drv [DRV] Normal transaction received
UVM_INFO ./verification/int_monitor.sv(108) @ 315000: uvm_test_top.env.agent.mon [MON_MIRROR] IRQ22 CTL mirror updated: addr=0x105b data=0x6e
UVM_INFO ./verification/int_monitor.sv(201) @ 315000: uvm_test_top.env.agent.mon [MON_PREDICT] ack_compare=0 pending=0 ext_int=0x0 en=0x0 | EXP valid=0 irq=0 ack=0x0 lvl_pr=0x0 | ACT irq=0 ack=0x0 lvl_pr=0x0
UVM_INFO ./verification/int_driver.sv(129) @ 315000: uvm_test_top.env.agent.drv [DRV] Normal transaction received
UVM_INFO ./verification/int_monitor.sv(108) @ 325000: uvm_test_top.env.agent.mon [MON_MIRROR] IRQ23 CTL mirror updated: addr=0x105f data=0x8a
UVM_INFO ./verification/int_monitor.sv(201) @ 325000: uvm_test_top.env.agent.mon [MON_PREDICT] ack_compare=0 pending=0 ext_int=0x0 en=0x0 | EXP valid=0 irq=0 ack=0x0 lvl_pr=0x0 | ACT irq=0 ack=0x0 lvl_pr=0x0
UVM_INFO ./verification/int_driver.sv(129) @ 325000: uvm_test_top.env.agent.drv [DRV] Normal transaction received
UVM_INFO ./verification/int_monitor.sv(108) @ 335000: uvm_test_top.env.agent.mon [MON_MIRROR] IRQ24 CTL mirror updated: addr=0x1063 data=0xf3
UVM_INFO ./verification/int_monitor.sv(201) @ 335000: uvm_test_top.env.agent.mon [MON_PREDICT] ack_compare=0 pending=0 ext_int=0x0 en=0x0 | EXP valid=0 irq=0 ack=0x0 lvl_pr=0x0 | ACT irq=0 ack=0x0 lvl_pr=0x0
UVM_INFO ./verification/int_driver.sv(129) @ 335000: uvm_test_top.env.agent.drv [DRV] Normal transaction received
UVM_INFO ./verification/int_monitor.sv(108) @ 345000: uvm_test_top.env.agent.mon [MON_MIRROR] IRQ25 CTL mirror updated: addr=0x1067 data=0xa
UVM_INFO ./verification/int_monitor.sv(201) @ 345000: uvm_test_top.env.agent.mon [MON_PREDICT] ack_compare=0 pending=0 ext_int=0x0 en=0x0 | EXP valid=0 irq=0 ack=0x0 lvl_pr=0x0 | ACT irq=0 ack=0x0 lvl_pr=0x0
UVM_INFO ./verification/int_driver.sv(129) @ 345000: uvm_test_top.env.agent.drv [DRV] Normal transaction received
UVM_INFO ./verification/int_monitor.sv(108) @ 355000: uvm_test_top.env.agent.mon [MON_MIRROR] IRQ26 CTL mirror updated: addr=0x106b data=0x10
UVM_INFO ./verification/int_monitor.sv(201) @ 355000: uvm_test_top.env.agent.mon [MON_PREDICT] ack_compare=0 pending=0 ext_int=0x0 en=0x0 | EXP valid=0 irq=0 ack=0x0 lvl_pr=0x0 | ACT irq=0 ack=0x0 lvl_pr=0x0
UVM_INFO ./verification/int_driver.sv(129) @ 355000: uvm_test_top.env.agent.drv [DRV] Normal transaction received
UVM_INFO ./verification/int_monitor.sv(108) @ 365000: uvm_test_top.env.agent.mon [MON_MIRROR] IRQ27 CTL mirror updated: addr=0x106f data=0x9d
UVM_INFO ./verification/int_monitor.sv(201) @ 365000: uvm_test_top.env.agent.mon [MON_PREDICT] ack_compare=0 pending=0 ext_int=0x0 en=0x0 | EXP valid=0 irq=0 ack=0x0 lvl_pr=0x0 | ACT irq=0 ack=0x0 lvl_pr=0x0
UVM_INFO ./verification/int_driver.sv(129) @ 365000: uvm_test_top.env.agent.drv [DRV] Normal transaction received
UVM_INFO ./verification/int_monitor.sv(108) @ 375000: uvm_test_top.env.agent.mon [MON_MIRROR] IRQ28 CTL mirror updated: addr=0x1073 data=0x59
UVM_INFO ./verification/int_monitor.sv(201) @ 375000: uvm_test_top.env.agent.mon [MON_PREDICT] ack_compare=0 pending=0 ext_int=0x0 en=0x0 | EXP valid=0 irq=0 ack=0x0 lvl_pr=0x0 | ACT irq=0 ack=0x0 lvl_pr=0x0
UVM_INFO ./verification/int_driver.sv(129) @ 375000: uvm_test_top.env.agent.drv [DRV] Normal transaction received
UVM_INFO ./verification/int_monitor.sv(108) @ 385000: uvm_test_top.env.agent.mon [MON_MIRROR] IRQ29 CTL mirror updated: addr=0x1077 data=0x71
UVM_INFO ./verification/int_monitor.sv(201) @ 385000: uvm_test_top.env.agent.mon [MON_PREDICT] ack_compare=0 pending=0 ext_int=0x0 en=0x0 | EXP valid=0 irq=0 ack=0x0 lvl_pr=0x0 | ACT irq=0 ack=0x0 lvl_pr=0x0
UVM_INFO ./verification/int_driver.sv(129) @ 385000: uvm_test_top.env.agent.drv [DRV] Normal transaction received
UVM_INFO ./verification/int_monitor.sv(108) @ 395000: uvm_test_top.env.agent.mon [MON_MIRROR] IRQ30 CTL mirror updated: addr=0x107b data=0xf
UVM_INFO ./verification/int_monitor.sv(201) @ 395000: uvm_test_top.env.agent.mon [MON_PREDICT] ack_compare=0 pending=0 ext_int=0x0 en=0x0 | EXP valid=0 irq=0 ack=0x0 lvl_pr=0x0 | ACT irq=0 ack=0x0 lvl_pr=0x0
UVM_INFO ./verification/int_driver.sv(129) @ 395000: uvm_test_top.env.agent.drv [DRV] Normal transaction received
UVM_INFO ./verification/int_monitor.sv(108) @ 405000: uvm_test_top.env.agent.mon [MON_MIRROR] IRQ31 CTL mirror updated: addr=0x107f data=0xc5
UVM_INFO ./verification/int_monitor.sv(201) @ 405000: uvm_test_top.env.agent.mon [MON_PREDICT] ack_compare=0 pending=0 ext_int=0x0 en=0x0 | EXP valid=0 irq=0 ack=0x0 lvl_pr=0x0 | ACT irq=0 ack=0x0 lvl_pr=0x0
UVM_INFO ./verification/int_driver.sv(129) @ 405000: uvm_test_top.env.agent.drv [DRV] Normal transaction received
UVM_INFO ./verification/int_monitor.sv(108) @ 415000: uvm_test_top.env.agent.mon [MON_MIRROR] IRQ32 CTL mirror updated: addr=0x1083 data=0xc2
UVM_INFO ./verification/int_monitor.sv(201) @ 415000: uvm_test_top.env.agent.mon [MON_PREDICT] ack_compare=0 pending=0 ext_int=0x0 en=0x0 | EXP valid=0 irq=0 ack=0x0 lvl_pr=0x0 | ACT irq=0 ack=0x0 lvl_pr=0x0
UVM_INFO ./verification/int_driver.sv(129) @ 415000: uvm_test_top.env.agent.drv [DRV] Normal transaction received
UVM_INFO ./verification/int_monitor.sv(108) @ 425000: uvm_test_top.env.agent.mon [MON_MIRROR] IRQ33 CTL mirror updated: addr=0x1087 data=0x29
UVM_INFO ./verification/int_monitor.sv(201) @ 425000: uvm_test_top.env.agent.mon [MON_PREDICT] ack_compare=0 pending=0 ext_int=0x0 en=0x0 | EXP valid=0 irq=0 ack=0x0 lvl_pr=0x0 | ACT irq=0 ack=0x0 lvl_pr=0x0
UVM_INFO ./verification/int_driver.sv(129) @ 425000: uvm_test_top.env.agent.drv [DRV] Normal transaction received
UVM_INFO ./verification/int_monitor.sv(108) @ 435000: uvm_test_top.env.agent.mon [MON_MIRROR] IRQ34 CTL mirror updated: addr=0x108b data=0xc7
UVM_INFO ./verification/int_monitor.sv(201) @ 435000: uvm_test_top.env.agent.mon [MON_PREDICT] ack_compare=0 pending=0 ext_int=0x0 en=0x0 | EXP valid=0 irq=0 ack=0x0 lvl_pr=0x0 | ACT irq=0 ack=0x0 lvl_pr=0x0
UVM_INFO ./verification/int_driver.sv(129) @ 435000: uvm_test_top.env.agent.drv [DRV] Normal transaction received
UVM_INFO ./verification/int_monitor.sv(108) @ 445000: uvm_test_top.env.agent.mon [MON_MIRROR] IRQ35 CTL mirror updated: addr=0x108f data=0x7
UVM_INFO ./verification/int_monitor.sv(201) @ 445000: uvm_test_top.env.agent.mon [MON_PREDICT] ack_compare=0 pending=0 ext_int=0x0 en=0x0 | EXP valid=0 irq=0 ack=0x0 lvl_pr=0x0 | ACT irq=0 ack=0x0 lvl_pr=0x0
UVM_INFO ./verification/int_driver.sv(129) @ 445000: uvm_test_top.env.agent.drv [DRV] Normal transaction received
UVM_INFO ./verification/int_monitor.sv(108) @ 455000: uvm_test_top.env.agent.mon [MON_MIRROR] IRQ36 CTL mirror updated: addr=0x1093 data=0xbc
UVM_INFO ./verification/int_monitor.sv(201) @ 455000: uvm_test_top.env.agent.mon [MON_PREDICT] ack_compare=0 pending=0 ext_int=0x0 en=0x0 | EXP valid=0 irq=0 ack=0x0 lvl_pr=0x0 | ACT irq=0 ack=0x0 lvl_pr=0x0
UVM_INFO ./verification/int_driver.sv(129) @ 455000: uvm_test_top.env.agent.drv [DRV] Normal transaction received
UVM_INFO ./verification/int_monitor.sv(108) @ 465000: uvm_test_top.env.agent.mon [MON_MIRROR] IRQ37 CTL mirror updated: addr=0x1097 data=0x42
UVM_INFO ./verification/int_monitor.sv(201) @ 465000: uvm_test_top.env.agent.mon [MON_PREDICT] ack_compare=0 pending=0 ext_int=0x0 en=0x0 | EXP valid=0 irq=0 ack=0x0 lvl_pr=0x0 | ACT irq=0 ack=0x0 lvl_pr=0x0
UVM_INFO ./verification/int_driver.sv(129) @ 465000: uvm_test_top.env.agent.drv [DRV] Normal transaction received
UVM_INFO ./verification/int_monitor.sv(108) @ 475000: uvm_test_top.env.agent.mon [MON_MIRROR] IRQ38 CTL mirror updated: addr=0x109b data=0x28
UVM_INFO ./verification/int_monitor.sv(201) @ 475000: uvm_test_top.env.agent.mon [MON_PREDICT] ack_compare=0 pending=0 ext_int=0x0 en=0x0 | EXP valid=0 irq=0 ack=0x0 lvl_pr=0x0 | ACT irq=0 ack=0x0 lvl_pr=0x0
UVM_INFO ./verification/int_driver.sv(129) @ 475000: uvm_test_top.env.agent.drv [DRV] Normal transaction received
UVM_INFO ./verification/int_monitor.sv(108) @ 485000: uvm_test_top.env.agent.mon [MON_MIRROR] IRQ39 CTL mirror updated: addr=0x109f data=0x12
UVM_INFO ./verification/int_monitor.sv(201) @ 485000: uvm_test_top.env.agent.mon [MON_PREDICT] ack_compare=0 pending=0 ext_int=0x0 en=0x0 | EXP valid=0 irq=0 ack=0x0 lvl_pr=0x0 | ACT irq=0 ack=0x0 lvl_pr=0x0
UVM_INFO ./verification/int_driver.sv(129) @ 485000: uvm_test_top.env.agent.drv [DRV] Normal transaction received
UVM_INFO ./verification/int_monitor.sv(108) @ 495000: uvm_test_top.env.agent.mon [MON_MIRROR] IRQ40 CTL mirror updated: addr=0x10a3 data=0x1a
UVM_INFO ./verification/int_monitor.sv(201) @ 495000: uvm_test_top.env.agent.mon [MON_PREDICT] ack_compare=0 pending=0 ext_int=0x0 en=0x0 | EXP valid=0 irq=0 ack=0x0 lvl_pr=0x0 | ACT irq=0 ack=0x0 lvl_pr=0x0
UVM_INFO ./verification/int_driver.sv(129) @ 495000: uvm_test_top.env.agent.drv [DRV] Normal transaction received
UVM_INFO ./verification/int_monitor.sv(108) @ 505000: uvm_test_top.env.agent.mon [MON_MIRROR] IRQ41 CTL mirror updated: addr=0x10a7 data=0xac
UVM_INFO ./verification/int_monitor.sv(201) @ 505000: uvm_test_top.env.agent.mon [MON_PREDICT] ack_compare=0 pending=0 ext_int=0x0 en=0x0 | EXP valid=0 irq=0 ack=0x0 lvl_pr=0x0 | ACT irq=0 ack=0x0 lvl_pr=0x0
UVM_INFO ./verification/int_driver.sv(129) @ 505000: uvm_test_top.env.agent.drv [DRV] Normal transaction received
UVM_INFO ./verification/int_monitor.sv(108) @ 515000: uvm_test_top.env.agent.mon [MON_MIRROR] IRQ42 CTL mirror updated: addr=0x10ab data=0x51
UVM_INFO ./verification/int_monitor.sv(201) @ 515000: uvm_test_top.env.agent.mon [MON_PREDICT] ack_compare=0 pending=0 ext_int=0x0 en=0x0 | EXP valid=0 irq=0 ack=0x0 lvl_pr=0x0 | ACT irq=0 ack=0x0 lvl_pr=0x0
UVM_INFO ./verification/int_driver.sv(129) @ 515000: uvm_test_top.env.agent.drv [DRV] Normal transaction received
UVM_INFO ./verification/int_monitor.sv(108) @ 525000: uvm_test_top.env.agent.mon [MON_MIRROR] IRQ43 CTL mirror updated: addr=0x10af data=0x9e
UVM_INFO ./verification/int_monitor.sv(201) @ 525000: uvm_test_top.env.agent.mon [MON_PREDICT] ack_compare=0 pending=0 ext_int=0x0 en=0x0 | EXP valid=0 irq=0 ack=0x0 lvl_pr=0x0 | ACT irq=0 ack=0x0 lvl_pr=0x0
UVM_INFO ./verification/int_driver.sv(129) @ 525000: uvm_test_top.env.agent.drv [DRV] Normal transaction received
UVM_INFO ./verification/int_monitor.sv(108) @ 535000: uvm_test_top.env.agent.mon [MON_MIRROR] IRQ44 CTL mirror updated: addr=0x10b3 data=0x39
UVM_INFO ./verification/int_monitor.sv(201) @ 535000: uvm_test_top.env.agent.mon [MON_PREDICT] ack_compare=0 pending=0 ext_int=0x0 en=0x0 | EXP valid=0 irq=0 ack=0x0 lvl_pr=0x0 | ACT irq=0 ack=0x0 lvl_pr=0x0
UVM_INFO ./verification/int_driver.sv(129) @ 535000: uvm_test_top.env.agent.drv [DRV] Normal transaction received
UVM_INFO ./verification/int_monitor.sv(108) @ 545000: uvm_test_top.env.agent.mon [MON_MIRROR] IRQ45 CTL mirror updated: addr=0x10b7 data=0x8d
UVM_INFO ./verification/int_monitor.sv(201) @ 545000: uvm_test_top.env.agent.mon [MON_PREDICT] ack_compare=0 pending=0 ext_int=0x0 en=0x0 | EXP valid=0 irq=0 ack=0x0 lvl_pr=0x0 | ACT irq=0 ack=0x0 lvl_pr=0x0
UVM_INFO ./verification/int_driver.sv(129) @ 545000: uvm_test_top.env.agent.drv [DRV] Normal transaction received
UVM_INFO ./verification/int_monitor.sv(108) @ 555000: uvm_test_top.env.agent.mon [MON_MIRROR] IRQ46 CTL mirror updated: addr=0x10bb data=0x8e
UVM_INFO ./verification/int_monitor.sv(201) @ 555000: uvm_test_top.env.agent.mon [MON_PREDICT] ack_compare=0 pending=0 ext_int=0x0 en=0x0 | EXP valid=0 irq=0 ack=0x0 lvl_pr=0x0 | ACT irq=0 ack=0x0 lvl_pr=0x0
UVM_INFO ./verification/int_driver.sv(129) @ 555000: uvm_test_top.env.agent.drv [DRV] Normal transaction received
UVM_INFO ./verification/int_monitor.sv(108) @ 565000: uvm_test_top.env.agent.mon [MON_MIRROR] IRQ47 CTL mirror updated: addr=0x10bf data=0x4a
UVM_INFO ./verification/int_monitor.sv(201) @ 565000: uvm_test_top.env.agent.mon [MON_PREDICT] ack_compare=0 pending=0 ext_int=0x0 en=0x0 | EXP valid=0 irq=0 ack=0x0 lvl_pr=0x0 | ACT irq=0 ack=0x0 lvl_pr=0x0
UVM_INFO ./verification/int_driver.sv(129) @ 565000: uvm_test_top.env.agent.drv [DRV] Normal transaction received
UVM_INFO ./verification/int_monitor.sv(201) @ 575000: uvm_test_top.env.agent.mon [MON_PREDICT] ack_compare=0 pending=0 ext_int=0xafbc38753d9 en=0xffffffffffff | EXP valid=0 irq=1 ack=0x28 lvl_pr=0xf3 | ACT irq=0 ack=0x0 lvl_pr=0x0
UVM_INFO ./verification/int_driver.sv(129) @ 575000: uvm_test_top.env.agent.drv [DRV] Normal transaction received
UVM_INFO ./verification/int_monitor.sv(201) @ 585000: uvm_test_top.env.agent.mon [MON_PREDICT] ack_compare=0 pending=0 ext_int=0xafbc38753d9 en=0xffffffffffff | EXP valid=0 irq=1 ack=0x28 lvl_pr=0xf3 | ACT irq=0 ack=0x0 lvl_pr=0x0
UVM_INFO ./verification/int_driver.sv(129) @ 585000: uvm_test_top.env.agent.drv [DRV] Normal transaction received
UVM_INFO ./verification/int_monitor.sv(201) @ 595000: uvm_test_top.env.agent.mon [MON_PREDICT] ack_compare=0 pending=0 ext_int=0xafbc38753d9 en=0xffffffffffff | EXP valid=0 irq=1 ack=0x28 lvl_pr=0xf3 | ACT irq=0 ack=0x0 lvl_pr=0x0
UVM_INFO ./verification/int_driver.sv(129) @ 595000: uvm_test_top.env.agent.drv [DRV] Normal transaction received
UVM_INFO ./verification/int_monitor.sv(201) @ 605000: uvm_test_top.env.agent.mon [MON_PREDICT] ack_compare=0 pending=0 ext_int=0xafbc38753d9 en=0xffffffffffff | EXP valid=0 irq=1 ack=0x28 lvl_pr=0xf3 | ACT irq=1 ack=0x0 lvl_pr=0xf3
UVM_INFO ./verification/int_driver.sv(129) @ 605000: uvm_test_top.env.agent.drv [DRV] Normal transaction received
UVM_INFO ./verification/int_monitor.sv(201) @ 615000: uvm_test_top.env.agent.mon [MON_PREDICT] ack_compare=0 pending=0 ext_int=0xafbc38753d9 en=0xffffffffffff | EXP valid=0 irq=1 ack=0x28 lvl_pr=0xf3 | ACT irq=1 ack=0x0 lvl_pr=0xf3
UVM_INFO ./verification/int_driver.sv(129) @ 615000: uvm_test_top.env.agent.drv [DRV] Normal transaction received
UVM_INFO ./verification/int_monitor.sv(201) @ 625000: uvm_test_top.env.agent.mon [MON_PREDICT] ack_compare=0 pending=0 ext_int=0xafbc38753d9 en=0xffffffffffff | EXP valid=0 irq=1 ack=0x28 lvl_pr=0xf3 | ACT irq=1 ack=0x0 lvl_pr=0xf3
UVM_INFO ./verification/int_driver.sv(129) @ 625000: uvm_test_top.env.agent.drv [DRV] Normal transaction received
UVM_INFO ./verification/int_monitor.sv(201) @ 635000: uvm_test_top.env.agent.mon [MON_PREDICT] ack_compare=1 pending=0 ext_int=0xafbc38753d9 en=0xffffffffffff | EXP valid=1 irq=1 ack=0x28 lvl_pr=0xf3 | ACT irq=1 ack=0x28 lvl_pr=0xf3
UVM_INFO ./verification/int_scoreboard.sv(88) @ 635000: uvm_test_top.env.scb [ZIC_SCB] PASS ACK: ACK_ID=0x28 LVL_PR=0xf3
UVM_INFO ./verification/int_driver.sv(129) @ 635000: uvm_test_top.env.agent.drv [DRV] Normal transaction received
UVM_INFO ./verification/int_monitor.sv(201) @ 645000: uvm_test_top.env.agent.mon [MON_PREDICT] ack_compare=0 pending=0 ext_int=0xafbc38753d9 en=0xffffffffffff | EXP valid=0 irq=1 ack=0x28 lvl_pr=0xf3 | ACT irq=1 ack=0x0 lvl_pr=0xf3
UVM_INFO ./verification/int_driver.sv(129) @ 645000: uvm_test_top.env.agent.drv [DRV] Normal transaction received
UVM_INFO ./verification/int_monitor.sv(201) @ 655000: uvm_test_top.env.agent.mon [MON_PREDICT] ack_compare=0 pending=0 ext_int=0xafbc38753d9 en=0xffffffffffff | EXP valid=0 irq=1 ack=0x28 lvl_pr=0xf3 | ACT irq=1 ack=0x0 lvl_pr=0xe7
UVM_INFO ./verification/int_driver.sv(129) @ 655000: uvm_test_top.env.agent.drv [DRV] Normal transaction received
UVM_INFO ./verification/int_monitor.sv(201) @ 665000: uvm_test_top.env.agent.mon [MON_PREDICT] ack_compare=0 pending=0 ext_int=0xafbc28753d9 en=0xffffffffffff | EXP valid=0 irq=1 ack=0x13 lvl_pr=0xe7 | ACT irq=1 ack=0x0 lvl_pr=0xf3
UVM_INFO ./verification/int_driver.sv(129) @ 665000: uvm_test_top.env.agent.drv [DRV] Normal transaction received
UVM_INFO ./verification/int_monitor.sv(201) @ 675000: uvm_test_top.env.agent.mon [MON_PREDICT] ack_compare=0 pending=0 ext_int=0xafbc28753d9 en=0xffffffffffff | EXP valid=0 irq=1 ack=0x13 lvl_pr=0xe7 | ACT irq=1 ack=0x0 lvl_pr=0xf3
UVM_INFO ./verification/int_driver.sv(129) @ 675000: uvm_test_top.env.agent.drv [DRV] Normal transaction received
UVM_INFO ./verification/int_monitor.sv(201) @ 685000: uvm_test_top.env.agent.mon [MON_PREDICT] ack_compare=0 pending=0 ext_int=0xafbc28753d9 en=0xffffffffffff | EXP valid=0 irq=1 ack=0x13 lvl_pr=0xe7 | ACT irq=1 ack=0x0 lvl_pr=0xe7
UVM_INFO ./verification/int_driver.sv(129) @ 685000: uvm_test_top.env.agent.drv [DRV] Normal transaction received
UVM_INFO ./verification/int_monitor.sv(201) @ 695000: uvm_test_top.env.agent.mon [MON_PREDICT] ack_compare=0 pending=0 ext_int=0xafbc28753d9 en=0xffffffffffff | EXP valid=0 irq=1 ack=0x13 lvl_pr=0xe7 | ACT irq=1 ack=0x0 lvl_pr=0xe7
UVM_INFO ./verification/int_driver.sv(129) @ 695000: uvm_test_top.env.agent.drv [DRV] Normal transaction received
UVM_INFO ./verification/int_monitor.sv(201) @ 705000: uvm_test_top.env.agent.mon [MON_PREDICT] ack_compare=1 pending=0 ext_int=0xafbc28753d9 en=0xffffffffffff | EXP valid=1 irq=1 ack=0x13 lvl_pr=0xe7 | ACT irq=1 ack=0x13 lvl_pr=0xe7
UVM_INFO ./verification/int_scoreboard.sv(88) @ 705000: uvm_test_top.env.scb [ZIC_SCB] PASS ACK: ACK_ID=0x13 LVL_PR=0xe7
UVM_INFO ./verification/int_driver.sv(129) @ 705000: uvm_test_top.env.agent.drv [DRV] Normal transaction received
UVM_INFO ./verification/int_monitor.sv(201) @ 715000: uvm_test_top.env.agent.mon [MON_PREDICT] ack_compare=0 pending=0 ext_int=0xafbc28753d9 en=0xffffffffffff | EXP valid=0 irq=1 ack=0x13 lvl_pr=0xe7 | ACT irq=1 ack=0x0 lvl_pr=0xe7
UVM_INFO ./verification/int_driver.sv(129) @ 715000: uvm_test_top.env.agent.drv [DRV] Normal transaction received
UVM_INFO ./verification/int_monitor.sv(201) @ 725000: uvm_test_top.env.agent.mon [MON_PREDICT] ack_compare=0 pending=0 ext_int=0xafbc28753d9 en=0xffffffffffff | EXP valid=0 irq=1 ack=0x13 lvl_pr=0xe7 | ACT irq=1 ack=0x0 lvl_pr=0xc5
UVM_INFO ./verification/int_driver.sv(129) @ 725000: uvm_test_top.env.agent.drv [DRV] Normal transaction received
UVM_INFO ./verification/int_monitor.sv(201) @ 735000: uvm_test_top.env.agent.mon [MON_PREDICT] ack_compare=0 pending=0 ext_int=0xafbc28753d9 en=0xffffffffffff | EXP valid=0 irq=1 ack=0x13 lvl_pr=0xe7 | ACT irq=1 ack=0x0 lvl_pr=0xe7
UVM_INFO ./verification/int_monitor.sv(201) @ 745000: uvm_test_top.env.agent.mon [MON_PREDICT] ack_compare=0 pending=0 ext_int=0xafbc28753d9 en=0xffffffffffff | EXP valid=0 irq=1 ack=0x13 lvl_pr=0xe7 | ACT irq=1 ack=0x0 lvl_pr=0xe7
UVM_INFO ./verification/int_monitor.sv(201) @ 755000: uvm_test_top.env.agent.mon [MON_PREDICT] ack_compare=0 pending=0 ext_int=0xafbc28753d9 en=0xffffffffffff | EXP valid=0 irq=1 ack=0x13 lvl_pr=0xe7 | ACT irq=1 ack=0x0 lvl_pr=0xe7
UVM_INFO ./verification/int_monitor.sv(201) @ 765000: uvm_test_top.env.agent.mon [MON_PREDICT] ack_compare=0 pending=0 ext_int=0xafbc28753d9 en=0xffffffffffff | EXP valid=0 irq=1 ack=0x13 lvl_pr=0xe7 | ACT irq=1 ack=0x0 lvl_pr=0xe7
UVM_INFO ./verification/int_monitor.sv(201) @ 775000: uvm_test_top.env.agent.mon [MON_PREDICT] ack_compare=0 pending=0 ext_int=0xafbc28753d9 en=0xffffffffffff | EXP valid=0 irq=1 ack=0x13 lvl_pr=0xe7 | ACT irq=1 ack=0x0 lvl_pr=0xe7
UVM_INFO ./verification/int_monitor.sv(201) @ 785000: uvm_test_top.env.agent.mon [MON_PREDICT] ack_compare=0 pending=0 ext_int=0xafbc28753d9 en=0xffffffffffff | EXP valid=0 irq=1 ack=0x13 lvl_pr=0xe7 | ACT irq=1 ack=0x0 lvl_pr=0xe7
UVM_INFO ./verification/int_monitor.sv(201) @ 795000: uvm_test_top.env.agent.mon [MON_PREDICT] ack_compare=0 pending=0 ext_int=0xafbc28753d9 en=0xffffffffffff | EXP valid=0 irq=1 ack=0x13 lvl_pr=0xe7 | ACT irq=1 ack=0x0 lvl_pr=0xe7
UVM_INFO ./verification/int_monitor.sv(201) @ 805000: uvm_test_top.env.agent.mon [MON_PREDICT] ack_compare=0 pending=0 ext_int=0xafbc28753d9 en=0xffffffffffff | EXP valid=0 irq=1 ack=0x13 lvl_pr=0xe7 | ACT irq=1 ack=0x0 lvl_pr=0xe7
UVM_INFO ./verification/int_monitor.sv(201) @ 815000: uvm_test_top.env.agent.mon [MON_PREDICT] ack_compare=0 pending=0 ext_int=0xafbc28753d9 en=0xffffffffffff | EXP valid=0 irq=1 ack=0x13 lvl_pr=0xe7 | ACT irq=1 ack=0x0 lvl_pr=0xe7
UVM_INFO ./verification/int_monitor.sv(201) @ 825000: uvm_test_top.env.agent.mon [MON_PREDICT] ack_compare=0 pending=0 ext_int=0xafbc28753d9 en=0xffffffffffff | EXP valid=0 irq=1 ack=0x13 lvl_pr=0xe7 | ACT irq=1 ack=0x0 lvl_pr=0xe7
UVM_INFO ./verification/int_monitor.sv(201) @ 835000: uvm_test_top.env.agent.mon [MON_PREDICT] ack_compare=0 pending=0 ext_int=0xafbc28753d9 en=0xffffffffffff | EXP valid=0 irq=1 ack=0x13 lvl_pr=0xe7 | ACT irq=1 ack=0x0 lvl_pr=0xe7
UVM_INFO ./verification/int_monitor.sv(201) @ 845000: uvm_test_top.env.agent.mon [MON_PREDICT] ack_compare=0 pending=0 ext_int=0xafbc28753d9 en=0xffffffffffff | EXP valid=0 irq=1 ack=0x13 lvl_pr=0xe7 | ACT irq=1 ack=0x0 lvl_pr=0xe7
UVM_INFO ./verification/int_monitor.sv(201) @ 855000: uvm_test_top.env.agent.mon [MON_PREDICT] ack_compare=0 pending=0 ext_int=0xafbc28753d9 en=0xffffffffffff | EXP valid=0 irq=1 ack=0x13 lvl_pr=0xe7 | ACT irq=1 ack=0x0 lvl_pr=0xe7
UVM_INFO ./verification/int_monitor.sv(201) @ 865000: uvm_test_top.env.agent.mon [MON_PREDICT] ack_compare=0 pending=0 ext_int=0xafbc28753d9 en=0xffffffffffff | EXP valid=0 irq=1 ack=0x13 lvl_pr=0xe7 | ACT irq=1 ack=0x0 lvl_pr=0xe7
UVM_INFO ./verification/int_monitor.sv(201) @ 875000: uvm_test_top.env.agent.mon [MON_PREDICT] ack_compare=0 pending=0 ext_int=0xafbc28753d9 en=0xffffffffffff | EXP valid=0 irq=1 ack=0x13 lvl_pr=0xe7 | ACT irq=1 ack=0x0 lvl_pr=0xe7
UVM_INFO ./verification/int_monitor.sv(201) @ 885000: uvm_test_top.env.agent.mon [MON_PREDICT] ack_compare=0 pending=0 ext_int=0xafbc28753d9 en=0xffffffffffff | EXP valid=0 irq=1 ack=0x13 lvl_pr=0xe7 | ACT irq=1 ack=0x0 lvl_pr=0xe7
UVM_INFO ./verification/int_monitor.sv(201) @ 895000: uvm_test_top.env.agent.mon [MON_PREDICT] ack_compare=0 pending=0 ext_int=0xafbc28753d9 en=0xffffffffffff | EXP valid=0 irq=1 ack=0x13 lvl_pr=0xe7 | ACT irq=1 ack=0x0 lvl_pr=0xe7
UVM_INFO ./verification/int_monitor.sv(201) @ 905000: uvm_test_top.env.agent.mon [MON_PREDICT] ack_compare=0 pending=0 ext_int=0xafbc28753d9 en=0xffffffffffff | EXP valid=0 irq=1 ack=0x13 lvl_pr=0xe7 | ACT irq=1 ack=0x0 lvl_pr=0xe7
UVM_INFO ./verification/int_monitor.sv(201) @ 915000: uvm_test_top.env.agent.mon [MON_PREDICT] ack_compare=0 pending=0 ext_int=0xafbc28753d9 en=0xffffffffffff | EXP valid=0 irq=1 ack=0x13 lvl_pr=0xe7 | ACT irq=1 ack=0x0 lvl_pr=0xe7
UVM_INFO ./verification/int_monitor.sv(201) @ 925000: uvm_test_top.env.agent.mon [MON_PREDICT] ack_compare=0 pending=0 ext_int=0xafbc28753d9 en=0xffffffffffff | EXP valid=0 irq=1 ack=0x13 lvl_pr=0xe7 | ACT irq=1 ack=0x0 lvl_pr=0xe7
UVM_INFO /tools/cadence_march2021/XCELIUM2009/tools/methodology/UVM/CDNS-1.1d/sv/src/base/uvm_objection.svh(1268) @ 935000: reporter [TEST_DONE] 'run' phase is ready to proceed to the 'extract' phase
UVM_INFO ./verification/int_monitor.sv(201) @ 935000: uvm_test_top.env.agent.mon [MON_PREDICT] ack_compare=0 pending=0 ext_int=0xafbc28753d9 en=0xffffffffffff | EXP valid=0 irq=1 ack=0x13 lvl_pr=0xe7 | ACT irq=1 ack=0x0 lvl_pr=0xe7
UVM_INFO ./verification/int_scoreboard.sv(102) @ 935000: uvm_test_top.env.scb [ZIC_SCB_REPORT] PASS_COUNT=2 FAIL_COUNT=0

--- UVM Report catcher Summary ---


Number of demoted UVM_FATAL reports  :    0
Number of demoted UVM_ERROR reports  :    0
Number of demoted UVM_WARNING reports:    0
Number of caught UVM_FATAL reports   :    0
Number of caught UVM_ERROR reports   :    0
Number of caught UVM_WARNING reports :    0

--- UVM Report Summary ---

** Report counts by severity
UVM_INFO :  217
UVM_WARNING :    0
UVM_ERROR :    0
UVM_FATAL :    0
** Report counts by id
[DRV]    68
[MON_MIRROR]    48
[MON_PREDICT]    94
[RAND48_SEQ]     1
[RNTST]     1
[TEST_DONE]     1
[UVMTOP]     1
[ZIC_SCB]     2
[ZIC_SCB_REPORT]     1
Simulation complete via $finish(1) at time 935 NS + 45
/tools/cadence_march2021/XCELIUM2009/tools/methodology/UVM/CDNS-1.1d/sv/src/base/uvm_root.svh:457     $finish;
xcelium> exit
TOOL:	xrun(64)	20.09-s009: Exiting on May 11, 2026 at 12:08:29 IST  (total: 00:00:01)
